<?xml version="1.0" encoding="utf-8"?>
<TestRun id="97876ea0-00d9-4038-81c0-d1c6dc71c0c8" name="Jesus@NUCBOXG3 2025-11-22 21:09:37" runUser="NUCBOXG3\Jesus" xmlns="http://microsoft.com/schemas/VisualStudio/TeamTest/2010">
  <Times creation="2025-11-22T21:09:37.8338655-04:00" queuing="2025-11-22T21:09:37.8338660-04:00" start="2025-11-22T21:08:52.1949016-04:00" finish="2025-11-22T21:09:37.8700473-04:00" />
  <TestSettings name="default" id="01f98b7b-8830-4e2d-a580-b74487bf0e3a">
    <Deployment runDeploymentRoot="Jesus_NUCBOXG3_2025-11-22_21_09_37" />
  </TestSettings>
  <Results>
    <UnitTestResult executionId="f1aa3f48-04f5-4665-b340-41f37b9a3b80" testId="8bb832c5-f7b4-b631-55d7-9d5a72a6b96a" testName="events_service.Infrastructure.IntegrationTests.InMemoryRepoTests.AddAndGet_WithInMemoryDatabase_PersistsEvento" computerName="NUCBOXG3" duration="00:00:08.6561080" startTime="2025-11-22T21:09:37.2029693-04:00" endTime="2025-11-22T21:09:37.2030115-04:00" testType="13cdc9d9-ddb5-4fa4-a97d-d965ccfc6d4b" outcome="Passed" testListId="8c84fa94-04c1-424b-9868-57a2d4851a1d" relativeResultsDirectory="f1aa3f48-04f5-4665-b340-41f37b9a3b80" />
  </Results>
  <TestDefinitions>
    <UnitTest name="events_service.Infrastructure.IntegrationTests.InMemoryRepoTests.AddAndGet_WithInMemoryDatabase_PersistsEvento" storage="d:\proyecto_ds_2025-02\eventmesh-lab\services\events-service\tests\events-service.infrastructure.integrationtests\bin\debug\net8.0\events-service.infrastructure.integrationtests.dll" id="8bb832c5-f7b4-b631-55d7-9d5a72a6b96a">
      <Execution id="f1aa3f48-04f5-4665-b340-41f37b9a3b80" />
      <TestMethod codeBase="d:\Proyecto_DS_2025-02\eventmesh-lab\Services\events-service\tests\events-service.Infrastructure.IntegrationTests\bin\Debug\net8.0\events-service.Infrastructure.IntegrationTests.dll" adapterTypeName="executor://xunit/VsTestRunner2/netcoreapp" className="events_service.Infrastructure.IntegrationTests.InMemoryRepoTests" name="AddAndGet_WithInMemoryDatabase_PersistsEvento" />
    </UnitTest>
  </TestDefinitions>
  <TestEntries>
    <TestEntry testId="8bb832c5-f7b4-b631-55d7-9d5a72a6b96a" executionId="f1aa3f48-04f5-4665-b340-41f37b9a3b80" testListId="8c84fa94-04c1-424b-9868-57a2d4851a1d" />
  </TestEntries>
  <TestLists>
    <TestList name="Results Not in a List" id="8c84fa94-04c1-424b-9868-57a2d4851a1d" />
    <TestList name="All Loaded Results" id="19431567-8539-422a-85d7-44ee4e166bda" />
  </TestLists>
  <ResultSummary outcome="Completed">
    <Counters total="1" executed="1" passed="1" failed="0" error="0" timeout="0" aborted="0" inconclusive="0" passedButRunAborted="0" notRunnable="0" notExecuted="0" disconnected="0" warning="0" completed="0" inProgress="0" pending="0" />
    <Output>
      <StdOut>[xUnit.net 00:00:00.00] xUnit.net VSTest Adapter v2.4.3+1b45f5407b (64-bit .NET 8.0.20)&#xD;
[xUnit.net 00:00:18.90]   Discovering: events-service.Infrastructure.IntegrationTests&#xD;
[xUnit.net 00:00:20.52]   Discovered:  events-service.Infrastructure.IntegrationTests&#xD;
[xUnit.net 00:00:20.53]   Starting:    events-service.Infrastructure.IntegrationTests&#xD;
[xUnit.net 00:00:29.77]   Finished:    events-service.Infrastructure.IntegrationTests&#xD;
</StdOut>
    </Output>
  </ResultSummary>
</TestRun>