<?xml version="1.0" encoding="utf-8"?>
<TestRun id="2b2f3925-76a3-4347-8c72-8c3615362ee5" name="Jesus@NUCBOXG3 2025-11-22 21:09:47" runUser="NUCBOXG3\Jesus" xmlns="http://microsoft.com/schemas/VisualStudio/TeamTest/2010">
  <Times creation="2025-11-22T21:09:47.2026351-04:00" queuing="2025-11-22T21:09:47.2026354-04:00" start="2025-11-22T21:09:39.5604151-04:00" finish="2025-11-22T21:09:47.7828637-04:00" />
  <TestSettings name="default" id="326bf05c-83a4-46e6-a14c-d2d214f35f4e">
    <Deployment runDeploymentRoot="Jesus_NUCBOXG3_2025-11-22_21_09_47" />
  </TestSettings>
  <Results>
    <UnitTestResult executionId="b6893c09-dfd3-4a53-adfb-87a9585bcda0" testId="bebe54fd-6e32-60ec-6048-f24666cfb076" testName="events_service.Application.Tests.Commands.EditarEventoCommandTests.EditarEventoCommandValidator_ConEventoIdVacio_FallaValidacion" computerName="NUCBOXG3" duration="00:00:00.2599759" startTime="2025-11-22T21:09:47.1733021-04:00" endTime="2025-11-22T21:09:47.1733024-04:00" testType="13cdc9d9-ddb5-4fa4-a97d-d965ccfc6d4b" outcome="Passed" testListId="8c84fa94-04c1-424b-9868-57a2d4851a1d" relativeResultsDirectory="b6893c09-dfd3-4a53-adfb-87a9585bcda0" />
    <UnitTestResult executionId="72f89f3a-4bcb-48ee-879b-4c4d3a6310c4" testId="a8f0afdd-0f00-9380-4b5b-63fa57a633db" testName="events_service.Application.Tests.Commands.IniciarEventoCommandTests.IniciarEventoCommandHandler_CuandoEventoNoExiste_LanzaExcepcion" computerName="NUCBOXG3" duration="00:00:00.0577370" startTime="2025-11-22T21:09:46.9694232-04:00" endTime="2025-11-22T21:09:46.9694236-04:00" testType="13cdc9d9-ddb5-4fa4-a97d-d965ccfc6d4b" outcome="Passed" testListId="8c84fa94-04c1-424b-9868-57a2d4851a1d" relativeResultsDirectory="72f89f3a-4bcb-48ee-879b-4c4d3a6310c4" />
    <UnitTestResult executionId="0f848fb1-3b5a-44fe-8606-da76cba43587" testId="b6d601a6-0c4f-26c2-eda5-dd754bd79a74" testName="events_service.Application.Tests.Commands.CrearEventoCommandTests.CrearEventoCommand_ConDatosValidos_CreaComando" computerName="NUCBOXG3" duration="00:00:00.0014675" startTime="2025-11-22T21:09:47.1333124-04:00" endTime="2025-11-22T21:09:47.1333127-04:00" testType="13cdc9d9-ddb5-4fa4-a97d-d965ccfc6d4b" outcome="Passed" testListId="8c84fa94-04c1-424b-9868-57a2d4851a1d" relativeResultsDirectory="0f848fb1-3b5a-44fe-8606-da76cba43587" />
    <UnitTestResult executionId="32783192-fb23-4c26-8a1a-01057e5af580" testId="fe6bd4bb-6153-3a47-7b6c-a794f781c341" testName="events_service.Application.Tests.Commands.PublicarEventoCommandTests.PublicarEventoCommandHandler_CuandoEventoNoExiste_LanzaExcepcion" computerName="NUCBOXG3" duration="00:00:00.1107923" startTime="2025-11-22T21:09:47.1725633-04:00" endTime="2025-11-22T21:09:47.1725637-04:00" testType="13cdc9d9-ddb5-4fa4-a97d-d965ccfc6d4b" outcome="Passed" testListId="8c84fa94-04c1-424b-9868-57a2d4851a1d" relativeResultsDirectory="32783192-fb23-4c26-8a1a-01057e5af580" />
    <UnitTestResult executionId="45abc67c-5cbb-422e-a310-7a3f2285104d" testId="f66dd390-b269-2d6a-7c53-23610bb87700" testName="events_service.Application.Tests.Commands.CrearEventoCommandTests.CrearEventoCommandValidator_ConFechaEnElPasado_RetornaError" computerName="NUCBOXG3" duration="00:00:00.0194130" startTime="2025-11-22T21:09:47.1734370-04:00" endTime="2025-11-22T21:09:47.1734371-04:00" testType="13cdc9d9-ddb5-4fa4-a97d-d965ccfc6d4b" outcome="Passed" testListId="8c84fa94-04c1-424b-9868-57a2d4851a1d" relativeResultsDirectory="45abc67c-5cbb-422e-a310-7a3f2285104d" />
    <UnitTestResult executionId="2c0e0e26-6e7a-4e3a-9768-a102718f6746" testId="f8b35aa7-9ace-b27f-d607-aa6765882c5f" testName="events_service.Application.Tests.Commands.CrearEventoCommandTests.CrearEventoCommandHandler_ConComandoValido_PublicaEventoDeDominio" computerName="NUCBOXG3" duration="00:00:00.0029694" startTime="2025-11-22T21:09:47.1539379-04:00" endTime="2025-11-22T21:09:47.1539382-04:00" testType="13cdc9d9-ddb5-4fa4-a97d-d965ccfc6d4b" outcome="Passed" testListId="8c84fa94-04c1-424b-9868-57a2d4851a1d" relativeResultsDirectory="2c0e0e26-6e7a-4e3a-9768-a102718f6746" />
    <UnitTestResult executionId="3693b1ea-d7da-4d97-85be-67301e3feddd" testId="3d1fe065-58f7-55a3-c890-f6ad96c007b4" testName="events_service.Application.Tests.Commands.EditarEventoCommandTests.EditarEventoCommandHandler_CuandoEventoNoExiste_LanzaExcepcion" computerName="NUCBOXG3" duration="00:00:00.0608558" startTime="2025-11-22T21:09:47.2343112-04:00" endTime="2025-11-22T21:09:47.2343115-04:00" testType="13cdc9d9-ddb5-4fa4-a97d-d965ccfc6d4b" outcome="Passed" testListId="8c84fa94-04c1-424b-9868-57a2d4851a1d" relativeResultsDirectory="3693b1ea-d7da-4d97-85be-67301e3feddd" />
    <UnitTestResult executionId="0b91d991-2afe-464d-bccc-0a13fd0864cf" testId="24d39872-5f74-03f0-912c-1ace5ea7ed29" testName="events_service.Application.Tests.Commands.CrearEventoCommandTests.CrearEventoCommandHandler_ConComandoValido_CreaEvento" computerName="NUCBOXG3" duration="00:00:00.0166021" startTime="2025-11-22T21:09:47.1505466-04:00" endTime="2025-11-22T21:09:47.1505469-04:00" testType="13cdc9d9-ddb5-4fa4-a97d-d965ccfc6d4b" outcome="Passed" testListId="8c84fa94-04c1-424b-9868-57a2d4851a1d" relativeResultsDirectory="0b91d991-2afe-464d-bccc-0a13fd0864cf" />
    <UnitTestResult executionId="afd7d685-1164-451c-97cc-ca176bd06c0c" testId="4430bcc4-7528-bf1a-a4f4-89977809ff74" testName="events_service.Application.Tests.Commands.PagarPublicacionCommandTests.PagarPublicacionCommandHandler_ConDatosValidos_CambiaEstadoAPendientePago" computerName="NUCBOXG3" duration="00:00:00.3494835" startTime="2025-11-22T21:09:46.9434274-04:00" endTime="2025-11-22T21:09:46.9434282-04:00" testType="13cdc9d9-ddb5-4fa4-a97d-d965ccfc6d4b" outcome="Passed" testListId="8c84fa94-04c1-424b-9868-57a2d4851a1d" relativeResultsDirectory="afd7d685-1164-451c-97cc-ca176bd06c0c" />
    <UnitTestResult executionId="475b980d-2ccb-4775-b085-1f9f6ce80a90" testId="a1c05a3e-b14b-0de0-bdbf-d1f81bd5c608" testName="events_service.Application.Tests.Commands.CrearEventoCommandTests.CrearEventoCommandValidator_ConNombreVacio_RetornaError" computerName="NUCBOXG3" duration="00:00:00.2202533" startTime="2025-11-22T21:09:47.1315363-04:00" endTime="2025-11-22T21:09:47.1315369-04:00" testType="13cdc9d9-ddb5-4fa4-a97d-d965ccfc6d4b" outcome="Passed" testListId="8c84fa94-04c1-424b-9868-57a2d4851a1d" relativeResultsDirectory="475b980d-2ccb-4775-b085-1f9f6ce80a90" />
    <UnitTestResult executionId="481af61a-0f27-4a83-8256-36577a609c37" testId="faea7649-7a2a-626e-4c49-079bb4e3c0e4" testName="events_service.Application.Tests.Commands.CrearEventoCommandTests.CrearEventoCommandHandler_ConComandoInvalido_LanzaExcepcion" computerName="NUCBOXG3" duration="00:00:00.3104347" startTime="2025-11-22T21:09:46.9201527-04:00" endTime="2025-11-22T21:09:46.9201528-04:00" testType="13cdc9d9-ddb5-4fa4-a97d-d965ccfc6d4b" outcome="Passed" testListId="8c84fa94-04c1-424b-9868-57a2d4851a1d" relativeResultsDirectory="481af61a-0f27-4a83-8256-36577a609c37" />
    <UnitTestResult executionId="4c4862fa-c6f9-4c8e-8dad-038ec967782c" testId="3944f33b-12ef-1c36-4927-8bd5d95e3fed" testName="events_service.Application.Tests.Commands.PublicarEventoCommandTests.PublicarEventoCommandHandler_ConEventoPendientePago_PublicaEvento" computerName="NUCBOXG3" duration="00:00:00.0170072" startTime="2025-11-22T21:09:47.1901379-04:00" endTime="2025-11-22T21:09:47.1901385-04:00" testType="13cdc9d9-ddb5-4fa4-a97d-d965ccfc6d4b" outcome="Passed" testListId="8c84fa94-04c1-424b-9868-57a2d4851a1d" relativeResultsDirectory="4c4862fa-c6f9-4c8e-8dad-038ec967782c" />
    <UnitTestResult executionId="7a6338a7-6e0e-457b-93c0-a9ce3bd2b50f" testId="d57d0dab-a592-f589-18a6-5f214a868e0e" testName="events_service.Application.Tests.Commands.FinalizarEventoCommandTests.FinalizarEventoCommandHandler_ConEventoEnCurso_CambiaEstadoAFinalizado" computerName="NUCBOXG3" duration="00:00:00.0228796" startTime="2025-11-22T21:09:47.1023036-04:00" endTime="2025-11-22T21:09:47.1023037-04:00" testType="13cdc9d9-ddb5-4fa4-a97d-d965ccfc6d4b" outcome="Passed" testListId="8c84fa94-04c1-424b-9868-57a2d4851a1d" relativeResultsDirectory="7a6338a7-6e0e-457b-93c0-a9ce3bd2b50f" />
    <UnitTestResult executionId="358332dc-fcfe-479e-b905-91e9be184e64" testId="37fe9334-ba6c-55b1-a0ce-0b0167aa0e57" testName="events_service.Application.Tests.Commands.EditarEventoCommandTests.EditarEventoCommandHandler_ConDatosValidos_ActualizaEvento" computerName="NUCBOXG3" duration="00:00:00.0162814" startTime="2025-11-22T21:09:47.2507796-04:00" endTime="2025-11-22T21:09:47.2507802-04:00" testType="13cdc9d9-ddb5-4fa4-a97d-d965ccfc6d4b" outcome="Passed" testListId="8c84fa94-04c1-424b-9868-57a2d4851a1d" relativeResultsDirectory="358332dc-fcfe-479e-b905-91e9be184e64" />
    <UnitTestResult executionId="86cc1030-09e5-4289-850c-b498f82d70a6" testId="a1c1b76c-3cf0-cf08-7921-a70c1e45bc65" testName="events_service.Application.Tests.Commands.FinalizarEventoCommandTests.FinalizarEventoCommandHandler_CuandoEventoNoExiste_LanzaExcepcion" computerName="NUCBOXG3" duration="00:00:00.0191531" startTime="2025-11-22T21:09:47.1143344-04:00" endTime="2025-11-22T21:09:47.1143349-04:00" testType="13cdc9d9-ddb5-4fa4-a97d-d965ccfc6d4b" outcome="Passed" testListId="8c84fa94-04c1-424b-9868-57a2d4851a1d" relativeResultsDirectory="86cc1030-09e5-4289-850c-b498f82d70a6" />
    <UnitTestResult executionId="3bc64225-8bf0-4008-bdb1-12695dd773ca" testId="96b922b9-9413-db8f-3688-648ba9997369" testName="events_service.Application.Tests.Commands.PublicarEventoCommandTests.PublicarEventoCommandValidator_ConPagoConfirmadoVacio_FallaValidacion" computerName="NUCBOXG3" duration="00:00:00.0096680" startTime="2025-11-22T21:09:47.2002900-04:00" endTime="2025-11-22T21:09:47.2002909-04:00" testType="13cdc9d9-ddb5-4fa4-a97d-d965ccfc6d4b" outcome="Passed" testListId="8c84fa94-04c1-424b-9868-57a2d4851a1d" relativeResultsDirectory="3bc64225-8bf0-4008-bdb1-12695dd773ca" />
    <UnitTestResult executionId="8ca7ed2d-d591-43b2-ac21-a610054ebaf5" testId="801058a7-b784-0f9c-6f71-6ad35fcff587" testName="events_service.Application.Tests.Commands.EditarEventoCommandTests.EditarEventoCommandHandler_ConValidacionFallida_LanzaValidationException" computerName="NUCBOXG3" duration="00:00:00.3105124" startTime="2025-11-22T21:09:46.9208327-04:00" endTime="2025-11-22T21:09:46.9208328-04:00" testType="13cdc9d9-ddb5-4fa4-a97d-d965ccfc6d4b" outcome="Passed" testListId="8c84fa94-04c1-424b-9868-57a2d4851a1d" relativeResultsDirectory="8ca7ed2d-d591-43b2-ac21-a610054ebaf5" />
    <UnitTestResult executionId="a8eb9eb4-8ba0-4ee0-93ba-601de4b60a56" testId="7a536bf0-f417-3f4e-7735-9617aac2ac83" testName="events_service.Application.Tests.Commands.PagarPublicacionCommandTests.PagarPublicacionCommandValidator_ConMontoNoPositivo_FallaValidacion" computerName="NUCBOXG3" duration="00:00:00.1101847" startTime="2025-11-22T21:09:47.0686602-04:00" endTime="2025-11-22T21:09:47.0686603-04:00" testType="13cdc9d9-ddb5-4fa4-a97d-d965ccfc6d4b" outcome="Passed" testListId="8c84fa94-04c1-424b-9868-57a2d4851a1d" relativeResultsDirectory="a8eb9eb4-8ba0-4ee0-93ba-601de4b60a56" />
    <UnitTestResult executionId="4dfcb2c2-a2d4-460a-88e5-18a866e59cf4" testId="b211abbc-5be2-f54e-3e91-aab5968c8a0c" testName="events_service.Application.Tests.Commands.IniciarEventoCommandTests.IniciarEventoCommandHandler_ConEventoPublicado_CambiaEstadoAEnCurso" computerName="NUCBOXG3" duration="00:00:00.3156744" startTime="2025-11-22T21:09:46.9116634-04:00" endTime="2025-11-22T21:09:46.9116977-04:00" testType="13cdc9d9-ddb5-4fa4-a97d-d965ccfc6d4b" outcome="Passed" testListId="8c84fa94-04c1-424b-9868-57a2d4851a1d" relativeResultsDirectory="4dfcb2c2-a2d4-460a-88e5-18a866e59cf4" />
    <UnitTestResult executionId="f40a7237-240d-45a8-88b6-3f99505a484e" testId="7cbb0c9f-30b8-e201-6e39-195081075763" testName="events_service.Application.Tests.Commands.FinalizarEventoCommandTests.FinalizarEventoCommandValidator_ConEventoIdVacio_Falla" computerName="NUCBOXG3" duration="00:00:00.0022014" startTime="2025-11-22T21:09:47.1144893-04:00" endTime="2025-11-22T21:09:47.1144894-04:00" testType="13cdc9d9-ddb5-4fa4-a97d-d965ccfc6d4b" outcome="Passed" testListId="8c84fa94-04c1-424b-9868-57a2d4851a1d" relativeResultsDirectory="f40a7237-240d-45a8-88b6-3f99505a484e" />
    <UnitTestResult executionId="939f5916-af89-47b2-8100-c55cf5349d91" testId="610bd7a4-5841-56d2-0147-a9ed43b5cf64" testName="events_service.Application.Tests.Commands.CrearEventoCommandTests.CrearEventoCommandValidator_ConListaSeccionesVacia_RetornaError" computerName="NUCBOXG3" duration="00:00:00.0011093" startTime="2025-11-22T21:09:47.1796594-04:00" endTime="2025-11-22T21:09:47.1796599-04:00" testType="13cdc9d9-ddb5-4fa4-a97d-d965ccfc6d4b" outcome="Passed" testListId="8c84fa94-04c1-424b-9868-57a2d4851a1d" relativeResultsDirectory="939f5916-af89-47b2-8100-c55cf5349d91" />
    <UnitTestResult executionId="05437c08-6342-4e93-bcbc-b82e563ab0e8" testId="b79bd7d2-c28a-8c62-1a0e-2338d054e2dd" testName="events_service.Application.Tests.Commands.PagarPublicacionCommandTests.PagarPublicacionCommandHandler_CuandoEventoNoExiste_LanzaExcepcion" computerName="NUCBOXG3" duration="00:00:00.0156037" startTime="2025-11-22T21:09:47.1021437-04:00" endTime="2025-11-22T21:09:47.1021438-04:00" testType="13cdc9d9-ddb5-4fa4-a97d-d965ccfc6d4b" outcome="Passed" testListId="8c84fa94-04c1-424b-9868-57a2d4851a1d" relativeResultsDirectory="05437c08-6342-4e93-bcbc-b82e563ab0e8" />
    <UnitTestResult executionId="a90fea31-54fd-4d13-aad3-92ef79da5151" testId="edc13219-d16c-7377-9730-1a1e3dff4d3c" testName="events_service.Application.Tests.Commands.IniciarEventoCommandTests.IniciarEventoCommandValidator_ConEventoIdVacio_Falla" computerName="NUCBOXG3" duration="00:00:00.0845917" startTime="2025-11-22T21:09:47.0686087-04:00" endTime="2025-11-22T21:09:47.0686093-04:00" testType="13cdc9d9-ddb5-4fa4-a97d-d965ccfc6d4b" outcome="Passed" testListId="8c84fa94-04c1-424b-9868-57a2d4851a1d" relativeResultsDirectory="a90fea31-54fd-4d13-aad3-92ef79da5151" />
  </Results>
  <TestDefinitions>
    <UnitTest name="events_service.Application.Tests.Commands.FinalizarEventoCommandTests.FinalizarEventoCommandHandler_CuandoEventoNoExiste_LanzaExcepcion" storage="d:\proyecto_ds_2025-02\eventmesh-lab\services\events-service\tests\events-service.application.tests\bin\debug\net8.0\events-service.application.tests.dll" id="a1c1b76c-3cf0-cf08-7921-a70c1e45bc65">
      <Execution id="86cc1030-09e5-4289-850c-b498f82d70a6" />
      <TestMethod codeBase="d:\Proyecto_DS_2025-02\eventmesh-lab\Services\events-service\tests\events-service.Application.Tests\bin\Debug\net8.0\events-service.Application.Tests.dll" adapterTypeName="executor://xunit/VsTestRunner2/netcoreapp" className="events_service.Application.Tests.Commands.FinalizarEventoCommandTests" name="FinalizarEventoCommandHandler_CuandoEventoNoExiste_LanzaExcepcion" />
    </UnitTest>
    <UnitTest name="events_service.Application.Tests.Commands.PagarPublicacionCommandTests.PagarPublicacionCommandValidator_ConMontoNoPositivo_FallaValidacion" storage="d:\proyecto_ds_2025-02\eventmesh-lab\services\events-service\tests\events-service.application.tests\bin\debug\net8.0\events-service.application.tests.dll" id="7a536bf0-f417-3f4e-7735-9617aac2ac83">
      <Execution id="a8eb9eb4-8ba0-4ee0-93ba-601de4b60a56" />
      <TestMethod codeBase="d:\Proyecto_DS_2025-02\eventmesh-lab\Services\events-service\tests\events-service.Application.Tests\bin\Debug\net8.0\events-service.Application.Tests.dll" adapterTypeName="executor://xunit/VsTestRunner2/netcoreapp" className="events_service.Application.Tests.Commands.PagarPublicacionCommandTests" name="PagarPublicacionCommandValidator_ConMontoNoPositivo_FallaValidacion" />
    </UnitTest>
    <UnitTest name="events_service.Application.Tests.Commands.EditarEventoCommandTests.EditarEventoCommandHandler_ConDatosValidos_ActualizaEvento" storage="d:\proyecto_ds_2025-02\eventmesh-lab\services\events-service\tests\events-service.application.tests\bin\debug\net8.0\events-service.application.tests.dll" id="37fe9334-ba6c-55b1-a0ce-0b0167aa0e57">
      <Execution id="358332dc-fcfe-479e-b905-91e9be184e64" />
      <TestMethod codeBase="d:\Proyecto_DS_2025-02\eventmesh-lab\Services\events-service\tests\events-service.Application.Tests\bin\Debug\net8.0\events-service.Application.Tests.dll" adapterTypeName="executor://xunit/VsTestRunner2/netcoreapp" className="events_service.Application.Tests.Commands.EditarEventoCommandTests" name="EditarEventoCommandHandler_ConDatosValidos_ActualizaEvento" />
    </UnitTest>
    <UnitTest name="events_service.Application.Tests.Commands.PagarPublicacionCommandTests.PagarPublicacionCommandHandler_ConDatosValidos_CambiaEstadoAPendientePago" storage="d:\proyecto_ds_2025-02\eventmesh-lab\services\events-service\tests\events-service.application.tests\bin\debug\net8.0\events-service.application.tests.dll" id="4430bcc4-7528-bf1a-a4f4-89977809ff74">
      <Execution id="afd7d685-1164-451c-97cc-ca176bd06c0c" />
      <TestMethod codeBase="d:\Proyecto_DS_2025-02\eventmesh-lab\Services\events-service\tests\events-service.Application.Tests\bin\Debug\net8.0\events-service.Application.Tests.dll" adapterTypeName="executor://xunit/VsTestRunner2/netcoreapp" className="events_service.Application.Tests.Commands.PagarPublicacionCommandTests" name="PagarPublicacionCommandHandler_ConDatosValidos_CambiaEstadoAPendientePago" />
    </UnitTest>
    <UnitTest name="events_service.Application.Tests.Commands.CrearEventoCommandTests.CrearEventoCommandValidator_ConNombreVacio_RetornaError" storage="d:\proyecto_ds_2025-02\eventmesh-lab\services\events-service\tests\events-service.application.tests\bin\debug\net8.0\events-service.application.tests.dll" id="a1c05a3e-b14b-0de0-bdbf-d1f81bd5c608">
      <Execution id="475b980d-2ccb-4775-b085-1f9f6ce80a90" />
      <TestMethod codeBase="d:\Proyecto_DS_2025-02\eventmesh-lab\Services\events-service\tests\events-service.Application.Tests\bin\Debug\net8.0\events-service.Application.Tests.dll" adapterTypeName="executor://xunit/VsTestRunner2/netcoreapp" className="events_service.Application.Tests.Commands.CrearEventoCommandTests" name="CrearEventoCommandValidator_ConNombreVacio_RetornaError" />
    </UnitTest>
    <UnitTest name="events_service.Application.Tests.Commands.IniciarEventoCommandTests.IniciarEventoCommandHandler_CuandoEventoNoExiste_LanzaExcepcion" storage="d:\proyecto_ds_2025-02\eventmesh-lab\services\events-service\tests\events-service.application.tests\bin\debug\net8.0\events-service.application.tests.dll" id="a8f0afdd-0f00-9380-4b5b-63fa57a633db">
      <Execution id="72f89f3a-4bcb-48ee-879b-4c4d3a6310c4" />
      <TestMethod codeBase="d:\Proyecto_DS_2025-02\eventmesh-lab\Services\events-service\tests\events-service.Application.Tests\bin\Debug\net8.0\events-service.Application.Tests.dll" adapterTypeName="executor://xunit/VsTestRunner2/netcoreapp" className="events_service.Application.Tests.Commands.IniciarEventoCommandTests" name="IniciarEventoCommandHandler_CuandoEventoNoExiste_LanzaExcepcion" />
    </UnitTest>
    <UnitTest name="events_service.Application.Tests.Commands.EditarEventoCommandTests.EditarEventoCommandValidator_ConEventoIdVacio_FallaValidacion" storage="d:\proyecto_ds_2025-02\eventmesh-lab\services\events-service\tests\events-service.application.tests\bin\debug\net8.0\events-service.application.tests.dll" id="bebe54fd-6e32-60ec-6048-f24666cfb076">
      <Execution id="b6893c09-dfd3-4a53-adfb-87a9585bcda0" />
      <TestMethod codeBase="d:\Proyecto_DS_2025-02\eventmesh-lab\Services\events-service\tests\events-service.Application.Tests\bin\Debug\net8.0\events-service.Application.Tests.dll" adapterTypeName="executor://xunit/VsTestRunner2/netcoreapp" className="events_service.Application.Tests.Commands.EditarEventoCommandTests" name="EditarEventoCommandValidator_ConEventoIdVacio_FallaValidacion" />
    </UnitTest>
    <UnitTest name="events_service.Application.Tests.Commands.FinalizarEventoCommandTests.FinalizarEventoCommandHandler_ConEventoEnCurso_CambiaEstadoAFinalizado" storage="d:\proyecto_ds_2025-02\eventmesh-lab\services\events-service\tests\events-service.application.tests\bin\debug\net8.0\events-service.application.tests.dll" id="d57d0dab-a592-f589-18a6-5f214a868e0e">
      <Execution id="7a6338a7-6e0e-457b-93c0-a9ce3bd2b50f" />
      <TestMethod codeBase="d:\Proyecto_DS_2025-02\eventmesh-lab\Services\events-service\tests\events-service.Application.Tests\bin\Debug\net8.0\events-service.Application.Tests.dll" adapterTypeName="executor://xunit/VsTestRunner2/netcoreapp" className="events_service.Application.Tests.Commands.FinalizarEventoCommandTests" name="FinalizarEventoCommandHandler_ConEventoEnCurso_CambiaEstadoAFinalizado" />
    </UnitTest>
    <UnitTest name="events_service.Application.Tests.Commands.EditarEventoCommandTests.EditarEventoCommandHandler_CuandoEventoNoExiste_LanzaExcepcion" storage="d:\proyecto_ds_2025-02\eventmesh-lab\services\events-service\tests\events-service.application.tests\bin\debug\net8.0\events-service.application.tests.dll" id="3d1fe065-58f7-55a3-c890-f6ad96c007b4">
      <Execution id="3693b1ea-d7da-4d97-85be-67301e3feddd" />
      <TestMethod codeBase="d:\Proyecto_DS_2025-02\eventmesh-lab\Services\events-service\tests\events-service.Application.Tests\bin\Debug\net8.0\events-service.Application.Tests.dll" adapterTypeName="executor://xunit/VsTestRunner2/netcoreapp" className="events_service.Application.Tests.Commands.EditarEventoCommandTests" name="EditarEventoCommandHandler_CuandoEventoNoExiste_LanzaExcepcion" />
    </UnitTest>
    <UnitTest name="events_service.Application.Tests.Commands.CrearEventoCommandTests.CrearEventoCommandHandler_ConComandoValido_PublicaEventoDeDominio" storage="d:\proyecto_ds_2025-02\eventmesh-lab\services\events-service\tests\events-service.application.tests\bin\debug\net8.0\events-service.application.tests.dll" id="f8b35aa7-9ace-b27f-d607-aa6765882c5f">
      <Execution id="2c0e0e26-6e7a-4e3a-9768-a102718f6746" />
      <TestMethod codeBase="d:\Proyecto_DS_2025-02\eventmesh-lab\Services\events-service\tests\events-service.Application.Tests\bin\Debug\net8.0\events-service.Application.Tests.dll" adapterTypeName="executor://xunit/VsTestRunner2/netcoreapp" className="events_service.Application.Tests.Commands.CrearEventoCommandTests" name="CrearEventoCommandHandler_ConComandoValido_PublicaEventoDeDominio" />
    </UnitTest>
    <UnitTest name="events_service.Application.Tests.Commands.IniciarEventoCommandTests.IniciarEventoCommandValidator_ConEventoIdVacio_Falla" storage="d:\proyecto_ds_2025-02\eventmesh-lab\services\events-service\tests\events-service.application.tests\bin\debug\net8.0\events-service.application.tests.dll" id="edc13219-d16c-7377-9730-1a1e3dff4d3c">
      <Execution id="a90fea31-54fd-4d13-aad3-92ef79da5151" />
      <TestMethod codeBase="d:\Proyecto_DS_2025-02\eventmesh-lab\Services\events-service\tests\events-service.Application.Tests\bin\Debug\net8.0\events-service.Application.Tests.dll" adapterTypeName="executor://xunit/VsTestRunner2/netcoreapp" className="events_service.Application.Tests.Commands.IniciarEventoCommandTests" name="IniciarEventoCommandValidator_ConEventoIdVacio_Falla" />
    </UnitTest>
    <UnitTest name="events_service.Application.Tests.Commands.PublicarEventoCommandTests.PublicarEventoCommandHandler_ConEventoPendientePago_PublicaEvento" storage="d:\proyecto_ds_2025-02\eventmesh-lab\services\events-service\tests\events-service.application.tests\bin\debug\net8.0\events-service.application.tests.dll" id="3944f33b-12ef-1c36-4927-8bd5d95e3fed">
      <Execution id="4c4862fa-c6f9-4c8e-8dad-038ec967782c" />
      <TestMethod codeBase="d:\Proyecto_DS_2025-02\eventmesh-lab\Services\events-service\tests\events-service.Application.Tests\bin\Debug\net8.0\events-service.Application.Tests.dll" adapterTypeName="executor://xunit/VsTestRunner2/netcoreapp" className="events_service.Application.Tests.Commands.PublicarEventoCommandTests" name="PublicarEventoCommandHandler_ConEventoPendientePago_PublicaEvento" />
    </UnitTest>
    <UnitTest name="events_service.Application.Tests.Commands.FinalizarEventoCommandTests.FinalizarEventoCommandValidator_ConEventoIdVacio_Falla" storage="d:\proyecto_ds_2025-02\eventmesh-lab\services\events-service\tests\events-service.application.tests\bin\debug\net8.0\events-service.application.tests.dll" id="7cbb0c9f-30b8-e201-6e39-195081075763">
      <Execution id="f40a7237-240d-45a8-88b6-3f99505a484e" />
      <TestMethod codeBase="d:\Proyecto_DS_2025-02\eventmesh-lab\Services\events-service\tests\events-service.Application.Tests\bin\Debug\net8.0\events-service.Application.Tests.dll" adapterTypeName="executor://xunit/VsTestRunner2/netcoreapp" className="events_service.Application.Tests.Commands.FinalizarEventoCommandTests" name="FinalizarEventoCommandValidator_ConEventoIdVacio_Falla" />
    </UnitTest>
    <UnitTest name="events_service.Application.Tests.Commands.IniciarEventoCommandTests.IniciarEventoCommandHandler_ConEventoPublicado_CambiaEstadoAEnCurso" storage="d:\proyecto_ds_2025-02\eventmesh-lab\services\events-service\tests\events-service.application.tests\bin\debug\net8.0\events-service.application.tests.dll" id="b211abbc-5be2-f54e-3e91-aab5968c8a0c">
      <Execution id="4dfcb2c2-a2d4-460a-88e5-18a866e59cf4" />
      <TestMethod codeBase="d:\Proyecto_DS_2025-02\eventmesh-lab\Services\events-service\tests\events-service.Application.Tests\bin\Debug\net8.0\events-service.Application.Tests.dll" adapterTypeName="executor://xunit/VsTestRunner2/netcoreapp" className="events_service.Application.Tests.Commands.IniciarEventoCommandTests" name="IniciarEventoCommandHandler_ConEventoPublicado_CambiaEstadoAEnCurso" />
    </UnitTest>
    <UnitTest name="events_service.Application.Tests.Commands.CrearEventoCommandTests.CrearEventoCommand_ConDatosValidos_CreaComando" storage="d:\proyecto_ds_2025-02\eventmesh-lab\services\events-service\tests\events-service.application.tests\bin\debug\net8.0\events-service.application.tests.dll" id="b6d601a6-0c4f-26c2-eda5-dd754bd79a74">
      <Execution id="0f848fb1-3b5a-44fe-8606-da76cba43587" />
      <TestMethod codeBase="d:\Proyecto_DS_2025-02\eventmesh-lab\Services\events-service\tests\events-service.Application.Tests\bin\Debug\net8.0\events-service.Application.Tests.dll" adapterTypeName="executor://xunit/VsTestRunner2/netcoreapp" className="events_service.Application.Tests.Commands.CrearEventoCommandTests" name="CrearEventoCommand_ConDatosValidos_CreaComando" />
    </UnitTest>
    <UnitTest name="events_service.Application.Tests.Commands.CrearEventoCommandTests.CrearEventoCommandValidator_ConListaSeccionesVacia_RetornaError" storage="d:\proyecto_ds_2025-02\eventmesh-lab\services\events-service\tests\events-service.application.tests\bin\debug\net8.0\events-service.application.tests.dll" id="610bd7a4-5841-56d2-0147-a9ed43b5cf64">
      <Execution id="939f5916-af89-47b2-8100-c55cf5349d91" />
      <TestMethod codeBase="d:\Proyecto_DS_2025-02\eventmesh-lab\Services\events-service\tests\events-service.Application.Tests\bin\Debug\net8.0\events-service.Application.Tests.dll" adapterTypeName="executor://xunit/VsTestRunner2/netcoreapp" className="events_service.Application.Tests.Commands.CrearEventoCommandTests" name="CrearEventoCommandValidator_ConListaSeccionesVacia_RetornaError" />
    </UnitTest>
    <UnitTest name="events_service.Application.Tests.Commands.PublicarEventoCommandTests.PublicarEventoCommandValidator_ConPagoConfirmadoVacio_FallaValidacion" storage="d:\proyecto_ds_2025-02\eventmesh-lab\services\events-service\tests\events-service.application.tests\bin\debug\net8.0\events-service.application.tests.dll" id="96b922b9-9413-db8f-3688-648ba9997369">
      <Execution id="3bc64225-8bf0-4008-bdb1-12695dd773ca" />
      <TestMethod codeBase="d:\Proyecto_DS_2025-02\eventmesh-lab\Services\events-service\tests\events-service.Application.Tests\bin\Debug\net8.0\events-service.Application.Tests.dll" adapterTypeName="executor://xunit/VsTestRunner2/netcoreapp" className="events_service.Application.Tests.Commands.PublicarEventoCommandTests" name="PublicarEventoCommandValidator_ConPagoConfirmadoVacio_FallaValidacion" />
    </UnitTest>
    <UnitTest name="events_service.Application.Tests.Commands.CrearEventoCommandTests.CrearEventoCommandHandler_ConComandoInvalido_LanzaExcepcion" storage="d:\proyecto_ds_2025-02\eventmesh-lab\services\events-service\tests\events-service.application.tests\bin\debug\net8.0\events-service.application.tests.dll" id="faea7649-7a2a-626e-4c49-079bb4e3c0e4">
      <Execution id="481af61a-0f27-4a83-8256-36577a609c37" />
      <TestMethod codeBase="d:\Proyecto_DS_2025-02\eventmesh-lab\Services\events-service\tests\events-service.Application.Tests\bin\Debug\net8.0\events-service.Application.Tests.dll" adapterTypeName="executor://xunit/VsTestRunner2/netcoreapp" className="events_service.Application.Tests.Commands.CrearEventoCommandTests" name="CrearEventoCommandHandler_ConComandoInvalido_LanzaExcepcion" />
    </UnitTest>
    <UnitTest name="events_service.Application.Tests.Commands.CrearEventoCommandTests.CrearEventoCommandHandler_ConComandoValido_CreaEvento" storage="d:\proyecto_ds_2025-02\eventmesh-lab\services\events-service\tests\events-service.application.tests\bin\debug\net8.0\events-service.application.tests.dll" id="24d39872-5f74-03f0-912c-1ace5ea7ed29">
      <Execution id="0b91d991-2afe-464d-bccc-0a13fd0864cf" />
      <TestMethod codeBase="d:\Proyecto_DS_2025-02\eventmesh-lab\Services\events-service\tests\events-service.Application.Tests\bin\Debug\net8.0\events-service.Application.Tests.dll" adapterTypeName="executor://xunit/VsTestRunner2/netcoreapp" className="events_service.Application.Tests.Commands.CrearEventoCommandTests" name="CrearEventoCommandHandler_ConComandoValido_CreaEvento" />
    </UnitTest>
    <UnitTest name="events_service.Application.Tests.Commands.CrearEventoCommandTests.CrearEventoCommandValidator_ConFechaEnElPasado_RetornaError" storage="d:\proyecto_ds_2025-02\eventmesh-lab\services\events-service\tests\events-service.application.tests\bin\debug\net8.0\events-service.application.tests.dll" id="f66dd390-b269-2d6a-7c53-23610bb87700">
      <Execution id="45abc67c-5cbb-422e-a310-7a3f2285104d" />
      <TestMethod codeBase="d:\Proyecto_DS_2025-02\eventmesh-lab\Services\events-service\tests\events-service.Application.Tests\bin\Debug\net8.0\events-service.Application.Tests.dll" adapterTypeName="executor://xunit/VsTestRunner2/netcoreapp" className="events_service.Application.Tests.Commands.CrearEventoCommandTests" name="CrearEventoCommandValidator_ConFechaEnElPasado_RetornaError" />
    </UnitTest>
    <UnitTest name="events_service.Application.Tests.Commands.EditarEventoCommandTests.EditarEventoCommandHandler_ConValidacionFallida_LanzaValidationException" storage="d:\proyecto_ds_2025-02\eventmesh-lab\services\events-service\tests\events-service.application.tests\bin\debug\net8.0\events-service.application.tests.dll" id="801058a7-b784-0f9c-6f71-6ad35fcff587">
      <Execution id="8ca7ed2d-d591-43b2-ac21-a610054ebaf5" />
      <TestMethod codeBase="d:\Proyecto_DS_2025-02\eventmesh-lab\Services\events-service\tests\events-service.Application.Tests\bin\Debug\net8.0\events-service.Application.Tests.dll" adapterTypeName="executor://xunit/VsTestRunner2/netcoreapp" className="events_service.Application.Tests.Commands.EditarEventoCommandTests" name="EditarEventoCommandHandler_ConValidacionFallida_LanzaValidationException" />
    </UnitTest>
    <UnitTest name="events_service.Application.Tests.Commands.PublicarEventoCommandTests.PublicarEventoCommandHandler_CuandoEventoNoExiste_LanzaExcepcion" storage="d:\proyecto_ds_2025-02\eventmesh-lab\services\events-service\tests\events-service.application.tests\bin\debug\net8.0\events-service.application.tests.dll" id="fe6bd4bb-6153-3a47-7b6c-a794f781c341">
      <Execution id="32783192-fb23-4c26-8a1a-01057e5af580" />
      <TestMethod codeBase="d:\Proyecto_DS_2025-02\eventmesh-lab\Services\events-service\tests\events-service.Application.Tests\bin\Debug\net8.0\events-service.Application.Tests.dll" adapterTypeName="executor://xunit/VsTestRunner2/netcoreapp" className="events_service.Application.Tests.Commands.PublicarEventoCommandTests" name="PublicarEventoCommandHandler_CuandoEventoNoExiste_LanzaExcepcion" />
    </UnitTest>
    <UnitTest name="events_service.Application.Tests.Commands.PagarPublicacionCommandTests.PagarPublicacionCommandHandler_CuandoEventoNoExiste_LanzaExcepcion" storage="d:\proyecto_ds_2025-02\eventmesh-lab\services\events-service\tests\events-service.application.tests\bin\debug\net8.0\events-service.application.tests.dll" id="b79bd7d2-c28a-8c62-1a0e-2338d054e2dd">
      <Execution id="05437c08-6342-4e93-bcbc-b82e563ab0e8" />
      <TestMethod codeBase="d:\Proyecto_DS_2025-02\eventmesh-lab\Services\events-service\tests\events-service.Application.Tests\bin\Debug\net8.0\events-service.Application.Tests.dll" adapterTypeName="executor://xunit/VsTestRunner2/netcoreapp" className="events_service.Application.Tests.Commands.PagarPublicacionCommandTests" name="PagarPublicacionCommandHandler_CuandoEventoNoExiste_LanzaExcepcion" />
    </UnitTest>
  </TestDefinitions>
  <TestEntries>
    <TestEntry testId="bebe54fd-6e32-60ec-6048-f24666cfb076" executionId="b6893c09-dfd3-4a53-adfb-87a9585bcda0" testListId="8c84fa94-04c1-424b-9868-57a2d4851a1d" />
    <TestEntry testId="a8f0afdd-0f00-9380-4b5b-63fa57a633db" executionId="72f89f3a-4bcb-48ee-879b-4c4d3a6310c4" testListId="8c84fa94-04c1-424b-9868-57a2d4851a1d" />
    <TestEntry testId="b6d601a6-0c4f-26c2-eda5-dd754bd79a74" executionId="0f848fb1-3b5a-44fe-8606-da76cba43587" testListId="8c84fa94-04c1-424b-9868-57a2d4851a1d" />
    <TestEntry testId="fe6bd4bb-6153-3a47-7b6c-a794f781c341" executionId="32783192-fb23-4c26-8a1a-01057e5af580" testListId="8c84fa94-04c1-424b-9868-57a2d4851a1d" />
    <TestEntry testId="f66dd390-b269-2d6a-7c53-23610bb87700" executionId="45abc67c-5cbb-422e-a310-7a3f2285104d" testListId="8c84fa94-04c1-424b-9868-57a2d4851a1d" />
    <TestEntry testId="f8b35aa7-9ace-b27f-d607-aa6765882c5f" executionId="2c0e0e26-6e7a-4e3a-9768-a102718f6746" testListId="8c84fa94-04c1-424b-9868-57a2d4851a1d" />
    <TestEntry testId="3d1fe065-58f7-55a3-c890-f6ad96c007b4" executionId="3693b1ea-d7da-4d97-85be-67301e3feddd" testListId="8c84fa94-04c1-424b-9868-57a2d4851a1d" />
    <TestEntry testId="24d39872-5f74-03f0-912c-1ace5ea7ed29" executionId="0b91d991-2afe-464d-bccc-0a13fd0864cf" testListId="8c84fa94-04c1-424b-9868-57a2d4851a1d" />
    <TestEntry testId="4430bcc4-7528-bf1a-a4f4-89977809ff74" executionId="afd7d685-1164-451c-97cc-ca176bd06c0c" testListId="8c84fa94-04c1-424b-9868-57a2d4851a1d" />
    <TestEntry testId="a1c05a3e-b14b-0de0-bdbf-d1f81bd5c608" executionId="475b980d-2ccb-4775-b085-1f9f6ce80a90" testListId="8c84fa94-04c1-424b-9868-57a2d4851a1d" />
    <TestEntry testId="faea7649-7a2a-626e-4c49-079bb4e3c0e4" executionId="481af61a-0f27-4a83-8256-36577a609c37" testListId="8c84fa94-04c1-424b-9868-57a2d4851a1d" />
    <TestEntry testId="3944f33b-12ef-1c36-4927-8bd5d95e3fed" executionId="4c4862fa-c6f9-4c8e-8dad-038ec967782c" testListId="8c84fa94-04c1-424b-9868-57a2d4851a1d" />
    <TestEntry testId="d57d0dab-a592-f589-18a6-5f214a868e0e" executionId="7a6338a7-6e0e-457b-93c0-a9ce3bd2b50f" testListId="8c84fa94-04c1-424b-9868-57a2d4851a1d" />
    <TestEntry testId="37fe9334-ba6c-55b1-a0ce-0b0167aa0e57" executionId="358332dc-fcfe-479e-b905-91e9be184e64" testListId="8c84fa94-04c1-424b-9868-57a2d4851a1d" />
    <TestEntry testId="a1c1b76c-3cf0-cf08-7921-a70c1e45bc65" executionId="86cc1030-09e5-4289-850c-b498f82d70a6" testListId="8c84fa94-04c1-424b-9868-57a2d4851a1d" />
    <TestEntry testId="96b922b9-9413-db8f-3688-648ba9997369" executionId="3bc64225-8bf0-4008-bdb1-12695dd773ca" testListId="8c84fa94-04c1-424b-9868-57a2d4851a1d" />
    <TestEntry testId="801058a7-b784-0f9c-6f71-6ad35fcff587" executionId="8ca7ed2d-d591-43b2-ac21-a610054ebaf5" testListId="8c84fa94-04c1-424b-9868-57a2d4851a1d" />
    <TestEntry testId="7a536bf0-f417-3f4e-7735-9617aac2ac83" executionId="a8eb9eb4-8ba0-4ee0-93ba-601de4b60a56" testListId="8c84fa94-04c1-424b-9868-57a2d4851a1d" />
    <TestEntry testId="b211abbc-5be2-f54e-3e91-aab5968c8a0c" executionId="4dfcb2c2-a2d4-460a-88e5-18a866e59cf4" testListId="8c84fa94-04c1-424b-9868-57a2d4851a1d" />
    <TestEntry testId="7cbb0c9f-30b8-e201-6e39-195081075763" executionId="f40a7237-240d-45a8-88b6-3f99505a484e" testListId="8c84fa94-04c1-424b-9868-57a2d4851a1d" />
    <TestEntry testId="610bd7a4-5841-56d2-0147-a9ed43b5cf64" executionId="939f5916-af89-47b2-8100-c55cf5349d91" testListId="8c84fa94-04c1-424b-9868-57a2d4851a1d" />
    <TestEntry testId="b79bd7d2-c28a-8c62-1a0e-2338d054e2dd" executionId="05437c08-6342-4e93-bcbc-b82e563ab0e8" testListId="8c84fa94-04c1-424b-9868-57a2d4851a1d" />
    <TestEntry testId="edc13219-d16c-7377-9730-1a1e3dff4d3c" executionId="a90fea31-54fd-4d13-aad3-92ef79da5151" testListId="8c84fa94-04c1-424b-9868-57a2d4851a1d" />
  </TestEntries>
  <TestLists>
    <TestList name="Results Not in a List" id="8c84fa94-04c1-424b-9868-57a2d4851a1d" />
    <TestList name="All Loaded Results" id="19431567-8539-422a-85d7-44ee4e166bda" />
  </TestLists>
  <ResultSummary outcome="Completed">
    <Counters total="23" executed="23" passed="23" failed="0" error="0" timeout="0" aborted="0" inconclusive="0" passedButRunAborted="0" notRunnable="0" notExecuted="0" disconnected="0" warning="0" completed="0" inProgress="0" pending="0" />
    <Output>
      <StdOut>[xUnit.net 00:00:00.00] xUnit.net VSTest Adapter v2.4.3+1b45f5407b (64-bit .NET 8.0.20)&#xD;
[xUnit.net 00:00:02.47]   Discovering: events-service.Application.Tests&#xD;
[xUnit.net 00:00:02.59]   Discovered:  events-service.Application.Tests&#xD;
[xUnit.net 00:00:02.60]   Starting:    events-service.Application.Tests&#xD;
[xUnit.net 00:00:03.44]   Finished:    events-service.Application.Tests&#xD;
</StdOut>
    </Output>
  </ResultSummary>
</TestRun>