<?xml version="1.0" encoding="utf-8"?>
<TestRun id="f21f265e-f1c2-48fd-ba74-93fffb604e2b" name="Jesus@NUCBOXG3 2025-11-22 21:25:24" runUser="NUCBOXG3\Jesus" xmlns="http://microsoft.com/schemas/VisualStudio/TeamTest/2010">
  <Times creation="2025-11-22T21:25:25.4303712-04:00" queuing="2025-11-22T21:25:25.4303716-04:00" start="2025-11-22T21:24:45.4936816-04:00" finish="2025-11-22T21:25:32.4489998-04:00" />
  <TestSettings name="default" id="373f9e04-b9e5-4fc9-8efb-5fcaebfa75b9">
    <Deployment runDeploymentRoot="Jesus_NUCBOXG3_2025-11-22_21_25_24" />
  </TestSettings>
  <Results>
    <UnitTestResult executionId="6964c536-82d6-4d0a-8c5e-885efa2b9df8" testId="7cbb0c9f-30b8-e201-6e39-195081075763" testName="events_service.Application.Tests.Commands.FinalizarEventoCommandTests.FinalizarEventoCommandValidator_ConEventoIdVacio_Falla" computerName="NUCBOXG3" duration="00:00:01.9630030" startTime="2025-11-22T21:25:26.1874010-04:00" endTime="2025-11-22T21:25:26.1874028-04:00" testType="13cdc9d9-ddb5-4fa4-a97d-d965ccfc6d4b" outcome="Passed" testListId="8c84fa94-04c1-424b-9868-57a2d4851a1d" relativeResultsDirectory="6964c536-82d6-4d0a-8c5e-885efa2b9df8" />
    <UnitTestResult executionId="9f30f80f-090f-4d23-aa33-80c65bbe245a" testId="3944f33b-12ef-1c36-4927-8bd5d95e3fed" testName="events_service.Application.Tests.Commands.PublicarEventoCommandTests.PublicarEventoCommandHandler_ConEventoPendientePago_PublicaEvento" computerName="NUCBOXG3" duration="00:00:00.7382364" startTime="2025-11-22T21:25:25.3671266-04:00" endTime="2025-11-22T21:25:25.3671270-04:00" testType="13cdc9d9-ddb5-4fa4-a97d-d965ccfc6d4b" outcome="Passed" testListId="8c84fa94-04c1-424b-9868-57a2d4851a1d" relativeResultsDirectory="9f30f80f-090f-4d23-aa33-80c65bbe245a" />
    <UnitTestResult executionId="156519e9-39d1-4508-a29d-eac2b752d7f1" testId="4430bcc4-7528-bf1a-a4f4-89977809ff74" testName="events_service.Application.Tests.Commands.PagarPublicacionCommandTests.PagarPublicacionCommandHandler_ConDatosValidos_CambiaEstadoAPendientePago" computerName="NUCBOXG3" duration="00:00:03.8245644" startTime="2025-11-22T21:25:24.5103474-04:00" endTime="2025-11-22T21:25:24.5103489-04:00" testType="13cdc9d9-ddb5-4fa4-a97d-d965ccfc6d4b" outcome="Passed" testListId="8c84fa94-04c1-424b-9868-57a2d4851a1d" relativeResultsDirectory="156519e9-39d1-4508-a29d-eac2b752d7f1" />
    <UnitTestResult executionId="41b7de0f-492c-41f6-a179-06aef4f8c5ed" testId="3d1fe065-58f7-55a3-c890-f6ad96c007b4" testName="events_service.Application.Tests.Commands.EditarEventoCommandTests.EditarEventoCommandHandler_CuandoEventoNoExiste_LanzaExcepcion" computerName="NUCBOXG3" duration="00:00:00.0114654" startTime="2025-11-22T21:25:27.8579277-04:00" endTime="2025-11-22T21:25:27.8579296-04:00" testType="13cdc9d9-ddb5-4fa4-a97d-d965ccfc6d4b" outcome="Passed" testListId="8c84fa94-04c1-424b-9868-57a2d4851a1d" relativeResultsDirectory="41b7de0f-492c-41f6-a179-06aef4f8c5ed" />
    <UnitTestResult executionId="3f9c0e30-d70d-46ec-8f01-216df9756454" testId="b79bd7d2-c28a-8c62-1a0e-2338d054e2dd" testName="events_service.Application.Tests.Commands.PagarPublicacionCommandTests.PagarPublicacionCommandHandler_CuandoEventoNoExiste_LanzaExcepcion" computerName="NUCBOXG3" duration="00:00:00.0322659" startTime="2025-11-22T21:25:26.2008184-04:00" endTime="2025-11-22T21:25:26.2008186-04:00" testType="13cdc9d9-ddb5-4fa4-a97d-d965ccfc6d4b" outcome="Passed" testListId="8c84fa94-04c1-424b-9868-57a2d4851a1d" relativeResultsDirectory="3f9c0e30-d70d-46ec-8f01-216df9756454" />
    <UnitTestResult executionId="b68fdb96-f2af-4f04-b51f-5dab76f1bcf0" testId="801058a7-b784-0f9c-6f71-6ad35fcff587" testName="events_service.Application.Tests.Commands.EditarEventoCommandTests.EditarEventoCommandHandler_ConValidacionFallida_LanzaValidationException" computerName="NUCBOXG3" duration="00:00:03.8923800" startTime="2025-11-22T21:25:24.5109662-04:00" endTime="2025-11-22T21:25:24.5109663-04:00" testType="13cdc9d9-ddb5-4fa4-a97d-d965ccfc6d4b" outcome="Passed" testListId="8c84fa94-04c1-424b-9868-57a2d4851a1d" relativeResultsDirectory="b68fdb96-f2af-4f04-b51f-5dab76f1bcf0" />
    <UnitTestResult executionId="b47c4784-f403-4e85-aba8-f0b72685e6f2" testId="bebe54fd-6e32-60ec-6048-f24666cfb076" testName="events_service.Application.Tests.Commands.EditarEventoCommandTests.EditarEventoCommandValidator_ConEventoIdVacio_FallaValidacion" computerName="NUCBOXG3" duration="00:00:03.0839670" startTime="2025-11-22T21:25:27.8577952-04:00" endTime="2025-11-22T21:25:27.8577953-04:00" testType="13cdc9d9-ddb5-4fa4-a97d-d965ccfc6d4b" outcome="Passed" testListId="8c84fa94-04c1-424b-9868-57a2d4851a1d" relativeResultsDirectory="b47c4784-f403-4e85-aba8-f0b72685e6f2" />
    <UnitTestResult executionId="f8e1dc62-b22a-45c1-be9b-ebd5290bd1fa" testId="edc13219-d16c-7377-9730-1a1e3dff4d3c" testName="events_service.Application.Tests.Commands.IniciarEventoCommandTests.IniciarEventoCommandValidator_ConEventoIdVacio_Falla" computerName="NUCBOXG3" duration="00:00:00.0103867" startTime="2025-11-22T21:25:27.1085628-04:00" endTime="2025-11-22T21:25:27.1085638-04:00" testType="13cdc9d9-ddb5-4fa4-a97d-d965ccfc6d4b" outcome="Passed" testListId="8c84fa94-04c1-424b-9868-57a2d4851a1d" relativeResultsDirectory="f8e1dc62-b22a-45c1-be9b-ebd5290bd1fa" />
    <UnitTestResult executionId="584eb5fc-59b5-49c8-968b-192fb852f811" testId="f66dd390-b269-2d6a-7c53-23610bb87700" testName="events_service.Application.Tests.Commands.CrearEventoCommandTests.CrearEventoCommandValidator_ConFechaEnElPasado_RetornaError" computerName="NUCBOXG3" duration="00:00:00.5916713" startTime="2025-11-22T21:25:27.8701672-04:00" endTime="2025-11-22T21:25:27.8701692-04:00" testType="13cdc9d9-ddb5-4fa4-a97d-d965ccfc6d4b" outcome="Passed" testListId="8c84fa94-04c1-424b-9868-57a2d4851a1d" relativeResultsDirectory="584eb5fc-59b5-49c8-968b-192fb852f811" />
    <UnitTestResult executionId="535c6f75-561e-4844-83a1-113ff24a23c7" testId="fe6bd4bb-6153-3a47-7b6c-a794f781c341" testName="events_service.Application.Tests.Commands.PublicarEventoCommandTests.PublicarEventoCommandHandler_CuandoEventoNoExiste_LanzaExcepcion" computerName="NUCBOXG3" duration="00:00:04.5833139" startTime="2025-11-22T21:25:24.6281091-04:00" endTime="2025-11-22T21:25:24.6281095-04:00" testType="13cdc9d9-ddb5-4fa4-a97d-d965ccfc6d4b" outcome="Passed" testListId="8c84fa94-04c1-424b-9868-57a2d4851a1d" relativeResultsDirectory="535c6f75-561e-4844-83a1-113ff24a23c7" />
    <UnitTestResult executionId="2a37518f-4496-4caa-b1e6-486247a703a1" testId="37fe9334-ba6c-55b1-a0ce-0b0167aa0e57" testName="events_service.Application.Tests.Commands.EditarEventoCommandTests.EditarEventoCommandHandler_ConDatosValidos_ActualizaEvento" computerName="NUCBOXG3" duration="00:00:00.5350263" startTime="2025-11-22T21:25:27.8704125-04:00" endTime="2025-11-22T21:25:27.8704126-04:00" testType="13cdc9d9-ddb5-4fa4-a97d-d965ccfc6d4b" outcome="Passed" testListId="8c84fa94-04c1-424b-9868-57a2d4851a1d" relativeResultsDirectory="2a37518f-4496-4caa-b1e6-486247a703a1" />
    <UnitTestResult executionId="7c0d8ab7-0aeb-4f6a-917e-f41b81be6d3d" testId="a8f0afdd-0f00-9380-4b5b-63fa57a633db" testName="events_service.Application.Tests.Commands.IniciarEventoCommandTests.IniciarEventoCommandHandler_CuandoEventoNoExiste_LanzaExcepcion" computerName="NUCBOXG3" duration="00:00:00.1112332" startTime="2025-11-22T21:25:27.0906605-04:00" endTime="2025-11-22T21:25:27.0906609-04:00" testType="13cdc9d9-ddb5-4fa4-a97d-d965ccfc6d4b" outcome="Passed" testListId="8c84fa94-04c1-424b-9868-57a2d4851a1d" relativeResultsDirectory="7c0d8ab7-0aeb-4f6a-917e-f41b81be6d3d" />
    <UnitTestResult executionId="0977c1d1-0a86-4562-9ab6-b65226ba5ea1" testId="b211abbc-5be2-f54e-3e91-aab5968c8a0c" testName="events_service.Application.Tests.Commands.IniciarEventoCommandTests.IniciarEventoCommandHandler_ConEventoPublicado_CambiaEstadoAEnCurso" computerName="NUCBOXG3" duration="00:00:00.8038514" startTime="2025-11-22T21:25:26.9788414-04:00" endTime="2025-11-22T21:25:26.9788428-04:00" testType="13cdc9d9-ddb5-4fa4-a97d-d965ccfc6d4b" outcome="Passed" testListId="8c84fa94-04c1-424b-9868-57a2d4851a1d" relativeResultsDirectory="0977c1d1-0a86-4562-9ab6-b65226ba5ea1" />
    <UnitTestResult executionId="f7f0739e-0d74-4820-a6b8-a0065270b763" testId="a1c1b76c-3cf0-cf08-7921-a70c1e45bc65" testName="events_service.Application.Tests.Commands.FinalizarEventoCommandTests.FinalizarEventoCommandHandler_CuandoEventoNoExiste_LanzaExcepcion" computerName="NUCBOXG3" duration="00:00:00.3587800" startTime="2025-11-22T21:25:24.5114619-04:00" endTime="2025-11-22T21:25:24.5114620-04:00" testType="13cdc9d9-ddb5-4fa4-a97d-d965ccfc6d4b" outcome="Passed" testListId="8c84fa94-04c1-424b-9868-57a2d4851a1d" relativeResultsDirectory="f7f0739e-0d74-4820-a6b8-a0065270b763" />
    <UnitTestResult executionId="2729b917-ef17-4c61-b88b-5201f74adf41" testId="610bd7a4-5841-56d2-0147-a9ed43b5cf64" testName="events_service.Application.Tests.Commands.CrearEventoCommandTests.CrearEventoCommandValidator_ConListaSeccionesVacia_RetornaError" computerName="NUCBOXG3" duration="00:00:00.0047000" startTime="2025-11-22T21:25:27.8705446-04:00" endTime="2025-11-22T21:25:27.8705448-04:00" testType="13cdc9d9-ddb5-4fa4-a97d-d965ccfc6d4b" outcome="Passed" testListId="8c84fa94-04c1-424b-9868-57a2d4851a1d" relativeResultsDirectory="2729b917-ef17-4c61-b88b-5201f74adf41" />
    <UnitTestResult executionId="612d558e-cb2b-4e56-a150-4a5b19d9bd57" testId="a1c05a3e-b14b-0de0-bdbf-d1f81bd5c608" testName="events_service.Application.Tests.Commands.CrearEventoCommandTests.CrearEventoCommandValidator_ConNombreVacio_RetornaError" computerName="NUCBOXG3" duration="00:00:00.9884479" startTime="2025-11-22T21:25:27.2405404-04:00" endTime="2025-11-22T21:25:27.2405406-04:00" testType="13cdc9d9-ddb5-4fa4-a97d-d965ccfc6d4b" outcome="Passed" testListId="8c84fa94-04c1-424b-9868-57a2d4851a1d" relativeResultsDirectory="612d558e-cb2b-4e56-a150-4a5b19d9bd57" />
    <UnitTestResult executionId="5b5918f9-c512-482b-8ebc-2e9bc0e2aa4f" testId="faea7649-7a2a-626e-4c49-079bb4e3c0e4" testName="events_service.Application.Tests.Commands.CrearEventoCommandTests.CrearEventoCommandHandler_ConComandoInvalido_LanzaExcepcion" computerName="NUCBOXG3" duration="00:00:00.0415267" startTime="2025-11-22T21:25:26.2515427-04:00" endTime="2025-11-22T21:25:26.2515451-04:00" testType="13cdc9d9-ddb5-4fa4-a97d-d965ccfc6d4b" outcome="Passed" testListId="8c84fa94-04c1-424b-9868-57a2d4851a1d" relativeResultsDirectory="5b5918f9-c512-482b-8ebc-2e9bc0e2aa4f" />
    <UnitTestResult executionId="004dffff-2bbe-4aaa-9a7f-7f13e95478b7" testId="f8b35aa7-9ace-b27f-d607-aa6765882c5f" testName="events_service.Application.Tests.Commands.CrearEventoCommandTests.CrearEventoCommandHandler_ConComandoValido_PublicaEventoDeDominio" computerName="NUCBOXG3" duration="00:00:00.0083860" startTime="2025-11-22T21:25:27.8576751-04:00" endTime="2025-11-22T21:25:27.8576752-04:00" testType="13cdc9d9-ddb5-4fa4-a97d-d965ccfc6d4b" outcome="Passed" testListId="8c84fa94-04c1-424b-9868-57a2d4851a1d" relativeResultsDirectory="004dffff-2bbe-4aaa-9a7f-7f13e95478b7" />
    <UnitTestResult executionId="22726671-a219-41df-a847-28e51635eae4" testId="96b922b9-9413-db8f-3688-648ba9997369" testName="events_service.Application.Tests.Commands.PublicarEventoCommandTests.PublicarEventoCommandValidator_ConPagoConfirmadoVacio_FallaValidacion" computerName="NUCBOXG3" duration="00:00:00.8001967" startTime="2025-11-22T21:25:26.1675853-04:00" endTime="2025-11-22T21:25:26.1675857-04:00" testType="13cdc9d9-ddb5-4fa4-a97d-d965ccfc6d4b" outcome="Passed" testListId="8c84fa94-04c1-424b-9868-57a2d4851a1d" relativeResultsDirectory="22726671-a219-41df-a847-28e51635eae4" />
    <UnitTestResult executionId="b6eb2eb0-1b20-47da-927a-e9fe3d6a0365" testId="d57d0dab-a592-f589-18a6-5f214a868e0e" testName="events_service.Application.Tests.Commands.FinalizarEventoCommandTests.FinalizarEventoCommandHandler_ConEventoEnCurso_CambiaEstadoAFinalizado" computerName="NUCBOXG3" duration="00:00:03.8090995" startTime="2025-11-22T21:25:24.4861204-04:00" endTime="2025-11-22T21:25:24.4861878-04:00" testType="13cdc9d9-ddb5-4fa4-a97d-d965ccfc6d4b" outcome="Passed" testListId="8c84fa94-04c1-424b-9868-57a2d4851a1d" relativeResultsDirectory="b6eb2eb0-1b20-47da-927a-e9fe3d6a0365" />
    <UnitTestResult executionId="3c632951-7f39-4f17-b22f-276391fe98b0" testId="24d39872-5f74-03f0-912c-1ace5ea7ed29" testName="events_service.Application.Tests.Commands.CrearEventoCommandTests.CrearEventoCommandHandler_ConComandoValido_CreaEvento" computerName="NUCBOXG3" duration="00:00:00.0142056" startTime="2025-11-22T21:25:27.8573964-04:00" endTime="2025-11-22T21:25:27.8573977-04:00" testType="13cdc9d9-ddb5-4fa4-a97d-d965ccfc6d4b" outcome="Passed" testListId="8c84fa94-04c1-424b-9868-57a2d4851a1d" relativeResultsDirectory="3c632951-7f39-4f17-b22f-276391fe98b0" />
    <UnitTestResult executionId="028c8e48-81df-45d7-be4d-dcd4de4fd170" testId="b6d601a6-0c4f-26c2-eda5-dd754bd79a74" testName="events_service.Application.Tests.Commands.CrearEventoCommandTests.CrearEventoCommand_ConDatosValidos_CreaComando" computerName="NUCBOXG3" duration="00:00:00.0038561" startTime="2025-11-22T21:25:27.2453390-04:00" endTime="2025-11-22T21:25:27.2453391-04:00" testType="13cdc9d9-ddb5-4fa4-a97d-d965ccfc6d4b" outcome="Passed" testListId="8c84fa94-04c1-424b-9868-57a2d4851a1d" relativeResultsDirectory="028c8e48-81df-45d7-be4d-dcd4de4fd170" />
    <UnitTestResult executionId="5416e31d-68b1-4da2-9ff6-ea13cb95f3bf" testId="7a536bf0-f417-3f4e-7735-9617aac2ac83" testName="events_service.Application.Tests.Commands.PagarPublicacionCommandTests.PagarPublicacionCommandValidator_ConMontoNoPositivo_FallaValidacion" computerName="NUCBOXG3" duration="00:00:02.3029340" startTime="2025-11-22T21:25:26.1681293-04:00" endTime="2025-11-22T21:25:26.1681298-04:00" testType="13cdc9d9-ddb5-4fa4-a97d-d965ccfc6d4b" outcome="Passed" testListId="8c84fa94-04c1-424b-9868-57a2d4851a1d" relativeResultsDirectory="5416e31d-68b1-4da2-9ff6-ea13cb95f3bf" />
  </Results>
  <TestDefinitions>
    <UnitTest name="events_service.Application.Tests.Commands.FinalizarEventoCommandTests.FinalizarEventoCommandHandler_CuandoEventoNoExiste_LanzaExcepcion" storage="d:\proyecto_ds_2025-02\eventmesh-lab\services\events-service\tests\events-service.application.tests\bin\debug\net8.0\events-service.application.tests.dll" id="a1c1b76c-3cf0-cf08-7921-a70c1e45bc65">
      <Execution id="f7f0739e-0d74-4820-a6b8-a0065270b763" />
      <TestMethod codeBase="D:\Proyecto_DS_2025-02\eventmesh-lab\Services\events-service\tests\events-service.Application.Tests\bin\Debug\net8.0\events-service.Application.Tests.dll" adapterTypeName="executor://xunit/VsTestRunner2/netcoreapp" className="events_service.Application.Tests.Commands.FinalizarEventoCommandTests" name="FinalizarEventoCommandHandler_CuandoEventoNoExiste_LanzaExcepcion" />
    </UnitTest>
    <UnitTest name="events_service.Application.Tests.Commands.PagarPublicacionCommandTests.PagarPublicacionCommandValidator_ConMontoNoPositivo_FallaValidacion" storage="d:\proyecto_ds_2025-02\eventmesh-lab\services\events-service\tests\events-service.application.tests\bin\debug\net8.0\events-service.application.tests.dll" id="7a536bf0-f417-3f4e-7735-9617aac2ac83">
      <Execution id="5416e31d-68b1-4da2-9ff6-ea13cb95f3bf" />
      <TestMethod codeBase="D:\Proyecto_DS_2025-02\eventmesh-lab\Services\events-service\tests\events-service.Application.Tests\bin\Debug\net8.0\events-service.Application.Tests.dll" adapterTypeName="executor://xunit/VsTestRunner2/netcoreapp" className="events_service.Application.Tests.Commands.PagarPublicacionCommandTests" name="PagarPublicacionCommandValidator_ConMontoNoPositivo_FallaValidacion" />
    </UnitTest>
    <UnitTest name="events_service.Application.Tests.Commands.EditarEventoCommandTests.EditarEventoCommandHandler_ConDatosValidos_ActualizaEvento" storage="d:\proyecto_ds_2025-02\eventmesh-lab\services\events-service\tests\events-service.application.tests\bin\debug\net8.0\events-service.application.tests.dll" id="37fe9334-ba6c-55b1-a0ce-0b0167aa0e57">
      <Execution id="2a37518f-4496-4caa-b1e6-486247a703a1" />
      <TestMethod codeBase="D:\Proyecto_DS_2025-02\eventmesh-lab\Services\events-service\tests\events-service.Application.Tests\bin\Debug\net8.0\events-service.Application.Tests.dll" adapterTypeName="executor://xunit/VsTestRunner2/netcoreapp" className="events_service.Application.Tests.Commands.EditarEventoCommandTests" name="EditarEventoCommandHandler_ConDatosValidos_ActualizaEvento" />
    </UnitTest>
    <UnitTest name="events_service.Application.Tests.Commands.PagarPublicacionCommandTests.PagarPublicacionCommandHandler_ConDatosValidos_CambiaEstadoAPendientePago" storage="d:\proyecto_ds_2025-02\eventmesh-lab\services\events-service\tests\events-service.application.tests\bin\debug\net8.0\events-service.application.tests.dll" id="4430bcc4-7528-bf1a-a4f4-89977809ff74">
      <Execution id="156519e9-39d1-4508-a29d-eac2b752d7f1" />
      <TestMethod codeBase="D:\Proyecto_DS_2025-02\eventmesh-lab\Services\events-service\tests\events-service.Application.Tests\bin\Debug\net8.0\events-service.Application.Tests.dll" adapterTypeName="executor://xunit/VsTestRunner2/netcoreapp" className="events_service.Application.Tests.Commands.PagarPublicacionCommandTests" name="PagarPublicacionCommandHandler_ConDatosValidos_CambiaEstadoAPendientePago" />
    </UnitTest>
    <UnitTest name="events_service.Application.Tests.Commands.CrearEventoCommandTests.CrearEventoCommandValidator_ConNombreVacio_RetornaError" storage="d:\proyecto_ds_2025-02\eventmesh-lab\services\events-service\tests\events-service.application.tests\bin\debug\net8.0\events-service.application.tests.dll" id="a1c05a3e-b14b-0de0-bdbf-d1f81bd5c608">
      <Execution id="612d558e-cb2b-4e56-a150-4a5b19d9bd57" />
      <TestMethod codeBase="D:\Proyecto_DS_2025-02\eventmesh-lab\Services\events-service\tests\events-service.Application.Tests\bin\Debug\net8.0\events-service.Application.Tests.dll" adapterTypeName="executor://xunit/VsTestRunner2/netcoreapp" className="events_service.Application.Tests.Commands.CrearEventoCommandTests" name="CrearEventoCommandValidator_ConNombreVacio_RetornaError" />
    </UnitTest>
    <UnitTest name="events_service.Application.Tests.Commands.IniciarEventoCommandTests.IniciarEventoCommandHandler_CuandoEventoNoExiste_LanzaExcepcion" storage="d:\proyecto_ds_2025-02\eventmesh-lab\services\events-service\tests\events-service.application.tests\bin\debug\net8.0\events-service.application.tests.dll" id="a8f0afdd-0f00-9380-4b5b-63fa57a633db">
      <Execution id="7c0d8ab7-0aeb-4f6a-917e-f41b81be6d3d" />
      <TestMethod codeBase="D:\Proyecto_DS_2025-02\eventmesh-lab\Services\events-service\tests\events-service.Application.Tests\bin\Debug\net8.0\events-service.Application.Tests.dll" adapterTypeName="executor://xunit/VsTestRunner2/netcoreapp" className="events_service.Application.Tests.Commands.IniciarEventoCommandTests" name="IniciarEventoCommandHandler_CuandoEventoNoExiste_LanzaExcepcion" />
    </UnitTest>
    <UnitTest name="events_service.Application.Tests.Commands.EditarEventoCommandTests.EditarEventoCommandValidator_ConEventoIdVacio_FallaValidacion" storage="d:\proyecto_ds_2025-02\eventmesh-lab\services\events-service\tests\events-service.application.tests\bin\debug\net8.0\events-service.application.tests.dll" id="bebe54fd-6e32-60ec-6048-f24666cfb076">
      <Execution id="b47c4784-f403-4e85-aba8-f0b72685e6f2" />
      <TestMethod codeBase="D:\Proyecto_DS_2025-02\eventmesh-lab\Services\events-service\tests\events-service.Application.Tests\bin\Debug\net8.0\events-service.Application.Tests.dll" adapterTypeName="executor://xunit/VsTestRunner2/netcoreapp" className="events_service.Application.Tests.Commands.EditarEventoCommandTests" name="EditarEventoCommandValidator_ConEventoIdVacio_FallaValidacion" />
    </UnitTest>
    <UnitTest name="events_service.Application.Tests.Commands.FinalizarEventoCommandTests.FinalizarEventoCommandHandler_ConEventoEnCurso_CambiaEstadoAFinalizado" storage="d:\proyecto_ds_2025-02\eventmesh-lab\services\events-service\tests\events-service.application.tests\bin\debug\net8.0\events-service.application.tests.dll" id="d57d0dab-a592-f589-18a6-5f214a868e0e">
      <Execution id="b6eb2eb0-1b20-47da-927a-e9fe3d6a0365" />
      <TestMethod codeBase="D:\Proyecto_DS_2025-02\eventmesh-lab\Services\events-service\tests\events-service.Application.Tests\bin\Debug\net8.0\events-service.Application.Tests.dll" adapterTypeName="executor://xunit/VsTestRunner2/netcoreapp" className="events_service.Application.Tests.Commands.FinalizarEventoCommandTests" name="FinalizarEventoCommandHandler_ConEventoEnCurso_CambiaEstadoAFinalizado" />
    </UnitTest>
    <UnitTest name="events_service.Application.Tests.Commands.EditarEventoCommandTests.EditarEventoCommandHandler_CuandoEventoNoExiste_LanzaExcepcion" storage="d:\proyecto_ds_2025-02\eventmesh-lab\services\events-service\tests\events-service.application.tests\bin\debug\net8.0\events-service.application.tests.dll" id="3d1fe065-58f7-55a3-c890-f6ad96c007b4">
      <Execution id="41b7de0f-492c-41f6-a179-06aef4f8c5ed" />
      <TestMethod codeBase="D:\Proyecto_DS_2025-02\eventmesh-lab\Services\events-service\tests\events-service.Application.Tests\bin\Debug\net8.0\events-service.Application.Tests.dll" adapterTypeName="executor://xunit/VsTestRunner2/netcoreapp" className="events_service.Application.Tests.Commands.EditarEventoCommandTests" name="EditarEventoCommandHandler_CuandoEventoNoExiste_LanzaExcepcion" />
    </UnitTest>
    <UnitTest name="events_service.Application.Tests.Commands.CrearEventoCommandTests.CrearEventoCommandHandler_ConComandoValido_PublicaEventoDeDominio" storage="d:\proyecto_ds_2025-02\eventmesh-lab\services\events-service\tests\events-service.application.tests\bin\debug\net8.0\events-service.application.tests.dll" id="f8b35aa7-9ace-b27f-d607-aa6765882c5f">
      <Execution id="004dffff-2bbe-4aaa-9a7f-7f13e95478b7" />
      <TestMethod codeBase="D:\Proyecto_DS_2025-02\eventmesh-lab\Services\events-service\tests\events-service.Application.Tests\bin\Debug\net8.0\events-service.Application.Tests.dll" adapterTypeName="executor://xunit/VsTestRunner2/netcoreapp" className="events_service.Application.Tests.Commands.CrearEventoCommandTests" name="CrearEventoCommandHandler_ConComandoValido_PublicaEventoDeDominio" />
    </UnitTest>
    <UnitTest name="events_service.Application.Tests.Commands.IniciarEventoCommandTests.IniciarEventoCommandValidator_ConEventoIdVacio_Falla" storage="d:\proyecto_ds_2025-02\eventmesh-lab\services\events-service\tests\events-service.application.tests\bin\debug\net8.0\events-service.application.tests.dll" id="edc13219-d16c-7377-9730-1a1e3dff4d3c">
      <Execution id="f8e1dc62-b22a-45c1-be9b-ebd5290bd1fa" />
      <TestMethod codeBase="D:\Proyecto_DS_2025-02\eventmesh-lab\Services\events-service\tests\events-service.Application.Tests\bin\Debug\net8.0\events-service.Application.Tests.dll" adapterTypeName="executor://xunit/VsTestRunner2/netcoreapp" className="events_service.Application.Tests.Commands.IniciarEventoCommandTests" name="IniciarEventoCommandValidator_ConEventoIdVacio_Falla" />
    </UnitTest>
    <UnitTest name="events_service.Application.Tests.Commands.PublicarEventoCommandTests.PublicarEventoCommandHandler_ConEventoPendientePago_PublicaEvento" storage="d:\proyecto_ds_2025-02\eventmesh-lab\services\events-service\tests\events-service.application.tests\bin\debug\net8.0\events-service.application.tests.dll" id="3944f33b-12ef-1c36-4927-8bd5d95e3fed">
      <Execution id="9f30f80f-090f-4d23-aa33-80c65bbe245a" />
      <TestMethod codeBase="D:\Proyecto_DS_2025-02\eventmesh-lab\Services\events-service\tests\events-service.Application.Tests\bin\Debug\net8.0\events-service.Application.Tests.dll" adapterTypeName="executor://xunit/VsTestRunner2/netcoreapp" className="events_service.Application.Tests.Commands.PublicarEventoCommandTests" name="PublicarEventoCommandHandler_ConEventoPendientePago_PublicaEvento" />
    </UnitTest>
    <UnitTest name="events_service.Application.Tests.Commands.FinalizarEventoCommandTests.FinalizarEventoCommandValidator_ConEventoIdVacio_Falla" storage="d:\proyecto_ds_2025-02\eventmesh-lab\services\events-service\tests\events-service.application.tests\bin\debug\net8.0\events-service.application.tests.dll" id="7cbb0c9f-30b8-e201-6e39-195081075763">
      <Execution id="6964c536-82d6-4d0a-8c5e-885efa2b9df8" />
      <TestMethod codeBase="D:\Proyecto_DS_2025-02\eventmesh-lab\Services\events-service\tests\events-service.Application.Tests\bin\Debug\net8.0\events-service.Application.Tests.dll" adapterTypeName="executor://xunit/VsTestRunner2/netcoreapp" className="events_service.Application.Tests.Commands.FinalizarEventoCommandTests" name="FinalizarEventoCommandValidator_ConEventoIdVacio_Falla" />
    </UnitTest>
    <UnitTest name="events_service.Application.Tests.Commands.IniciarEventoCommandTests.IniciarEventoCommandHandler_ConEventoPublicado_CambiaEstadoAEnCurso" storage="d:\proyecto_ds_2025-02\eventmesh-lab\services\events-service\tests\events-service.application.tests\bin\debug\net8.0\events-service.application.tests.dll" id="b211abbc-5be2-f54e-3e91-aab5968c8a0c">
      <Execution id="0977c1d1-0a86-4562-9ab6-b65226ba5ea1" />
      <TestMethod codeBase="D:\Proyecto_DS_2025-02\eventmesh-lab\Services\events-service\tests\events-service.Application.Tests\bin\Debug\net8.0\events-service.Application.Tests.dll" adapterTypeName="executor://xunit/VsTestRunner2/netcoreapp" className="events_service.Application.Tests.Commands.IniciarEventoCommandTests" name="IniciarEventoCommandHandler_ConEventoPublicado_CambiaEstadoAEnCurso" />
    </UnitTest>
    <UnitTest name="events_service.Application.Tests.Commands.CrearEventoCommandTests.CrearEventoCommand_ConDatosValidos_CreaComando" storage="d:\proyecto_ds_2025-02\eventmesh-lab\services\events-service\tests\events-service.application.tests\bin\debug\net8.0\events-service.application.tests.dll" id="b6d601a6-0c4f-26c2-eda5-dd754bd79a74">
      <Execution id="028c8e48-81df-45d7-be4d-dcd4de4fd170" />
      <TestMethod codeBase="D:\Proyecto_DS_2025-02\eventmesh-lab\Services\events-service\tests\events-service.Application.Tests\bin\Debug\net8.0\events-service.Application.Tests.dll" adapterTypeName="executor://xunit/VsTestRunner2/netcoreapp" className="events_service.Application.Tests.Commands.CrearEventoCommandTests" name="CrearEventoCommand_ConDatosValidos_CreaComando" />
    </UnitTest>
    <UnitTest name="events_service.Application.Tests.Commands.CrearEventoCommandTests.CrearEventoCommandValidator_ConListaSeccionesVacia_RetornaError" storage="d:\proyecto_ds_2025-02\eventmesh-lab\services\events-service\tests\events-service.application.tests\bin\debug\net8.0\events-service.application.tests.dll" id="610bd7a4-5841-56d2-0147-a9ed43b5cf64">
      <Execution id="2729b917-ef17-4c61-b88b-5201f74adf41" />
      <TestMethod codeBase="D:\Proyecto_DS_2025-02\eventmesh-lab\Services\events-service\tests\events-service.Application.Tests\bin\Debug\net8.0\events-service.Application.Tests.dll" adapterTypeName="executor://xunit/VsTestRunner2/netcoreapp" className="events_service.Application.Tests.Commands.CrearEventoCommandTests" name="CrearEventoCommandValidator_ConListaSeccionesVacia_RetornaError" />
    </UnitTest>
    <UnitTest name="events_service.Application.Tests.Commands.PublicarEventoCommandTests.PublicarEventoCommandValidator_ConPagoConfirmadoVacio_FallaValidacion" storage="d:\proyecto_ds_2025-02\eventmesh-lab\services\events-service\tests\events-service.application.tests\bin\debug\net8.0\events-service.application.tests.dll" id="96b922b9-9413-db8f-3688-648ba9997369">
      <Execution id="22726671-a219-41df-a847-28e51635eae4" />
      <TestMethod codeBase="D:\Proyecto_DS_2025-02\eventmesh-lab\Services\events-service\tests\events-service.Application.Tests\bin\Debug\net8.0\events-service.Application.Tests.dll" adapterTypeName="executor://xunit/VsTestRunner2/netcoreapp" className="events_service.Application.Tests.Commands.PublicarEventoCommandTests" name="PublicarEventoCommandValidator_ConPagoConfirmadoVacio_FallaValidacion" />
    </UnitTest>
    <UnitTest name="events_service.Application.Tests.Commands.CrearEventoCommandTests.CrearEventoCommandHandler_ConComandoInvalido_LanzaExcepcion" storage="d:\proyecto_ds_2025-02\eventmesh-lab\services\events-service\tests\events-service.application.tests\bin\debug\net8.0\events-service.application.tests.dll" id="faea7649-7a2a-626e-4c49-079bb4e3c0e4">
      <Execution id="5b5918f9-c512-482b-8ebc-2e9bc0e2aa4f" />
      <TestMethod codeBase="D:\Proyecto_DS_2025-02\eventmesh-lab\Services\events-service\tests\events-service.Application.Tests\bin\Debug\net8.0\events-service.Application.Tests.dll" adapterTypeName="executor://xunit/VsTestRunner2/netcoreapp" className="events_service.Application.Tests.Commands.CrearEventoCommandTests" name="CrearEventoCommandHandler_ConComandoInvalido_LanzaExcepcion" />
    </UnitTest>
    <UnitTest name="events_service.Application.Tests.Commands.CrearEventoCommandTests.CrearEventoCommandHandler_ConComandoValido_CreaEvento" storage="d:\proyecto_ds_2025-02\eventmesh-lab\services\events-service\tests\events-service.application.tests\bin\debug\net8.0\events-service.application.tests.dll" id="24d39872-5f74-03f0-912c-1ace5ea7ed29">
      <Execution id="3c632951-7f39-4f17-b22f-276391fe98b0" />
      <TestMethod codeBase="D:\Proyecto_DS_2025-02\eventmesh-lab\Services\events-service\tests\events-service.Application.Tests\bin\Debug\net8.0\events-service.Application.Tests.dll" adapterTypeName="executor://xunit/VsTestRunner2/netcoreapp" className="events_service.Application.Tests.Commands.CrearEventoCommandTests" name="CrearEventoCommandHandler_ConComandoValido_CreaEvento" />
    </UnitTest>
    <UnitTest name="events_service.Application.Tests.Commands.CrearEventoCommandTests.CrearEventoCommandValidator_ConFechaEnElPasado_RetornaError" storage="d:\proyecto_ds_2025-02\eventmesh-lab\services\events-service\tests\events-service.application.tests\bin\debug\net8.0\events-service.application.tests.dll" id="f66dd390-b269-2d6a-7c53-23610bb87700">
      <Execution id="584eb5fc-59b5-49c8-968b-192fb852f811" />
      <TestMethod codeBase="D:\Proyecto_DS_2025-02\eventmesh-lab\Services\events-service\tests\events-service.Application.Tests\bin\Debug\net8.0\events-service.Application.Tests.dll" adapterTypeName="executor://xunit/VsTestRunner2/netcoreapp" className="events_service.Application.Tests.Commands.CrearEventoCommandTests" name="CrearEventoCommandValidator_ConFechaEnElPasado_RetornaError" />
    </UnitTest>
    <UnitTest name="events_service.Application.Tests.Commands.EditarEventoCommandTests.EditarEventoCommandHandler_ConValidacionFallida_LanzaValidationException" storage="d:\proyecto_ds_2025-02\eventmesh-lab\services\events-service\tests\events-service.application.tests\bin\debug\net8.0\events-service.application.tests.dll" id="801058a7-b784-0f9c-6f71-6ad35fcff587">
      <Execution id="b68fdb96-f2af-4f04-b51f-5dab76f1bcf0" />
      <TestMethod codeBase="D:\Proyecto_DS_2025-02\eventmesh-lab\Services\events-service\tests\events-service.Application.Tests\bin\Debug\net8.0\events-service.Application.Tests.dll" adapterTypeName="executor://xunit/VsTestRunner2/netcoreapp" className="events_service.Application.Tests.Commands.EditarEventoCommandTests" name="EditarEventoCommandHandler_ConValidacionFallida_LanzaValidationException" />
    </UnitTest>
    <UnitTest name="events_service.Application.Tests.Commands.PublicarEventoCommandTests.PublicarEventoCommandHandler_CuandoEventoNoExiste_LanzaExcepcion" storage="d:\proyecto_ds_2025-02\eventmesh-lab\services\events-service\tests\events-service.application.tests\bin\debug\net8.0\events-service.application.tests.dll" id="fe6bd4bb-6153-3a47-7b6c-a794f781c341">
      <Execution id="535c6f75-561e-4844-83a1-113ff24a23c7" />
      <TestMethod codeBase="D:\Proyecto_DS_2025-02\eventmesh-lab\Services\events-service\tests\events-service.Application.Tests\bin\Debug\net8.0\events-service.Application.Tests.dll" adapterTypeName="executor://xunit/VsTestRunner2/netcoreapp" className="events_service.Application.Tests.Commands.PublicarEventoCommandTests" name="PublicarEventoCommandHandler_CuandoEventoNoExiste_LanzaExcepcion" />
    </UnitTest>
    <UnitTest name="events_service.Application.Tests.Commands.PagarPublicacionCommandTests.PagarPublicacionCommandHandler_CuandoEventoNoExiste_LanzaExcepcion" storage="d:\proyecto_ds_2025-02\eventmesh-lab\services\events-service\tests\events-service.application.tests\bin\debug\net8.0\events-service.application.tests.dll" id="b79bd7d2-c28a-8c62-1a0e-2338d054e2dd">
      <Execution id="3f9c0e30-d70d-46ec-8f01-216df9756454" />
      <TestMethod codeBase="D:\Proyecto_DS_2025-02\eventmesh-lab\Services\events-service\tests\events-service.Application.Tests\bin\Debug\net8.0\events-service.Application.Tests.dll" adapterTypeName="executor://xunit/VsTestRunner2/netcoreapp" className="events_service.Application.Tests.Commands.PagarPublicacionCommandTests" name="PagarPublicacionCommandHandler_CuandoEventoNoExiste_LanzaExcepcion" />
    </UnitTest>
  </TestDefinitions>
  <TestEntries>
    <TestEntry testId="7cbb0c9f-30b8-e201-6e39-195081075763" executionId="6964c536-82d6-4d0a-8c5e-885efa2b9df8" testListId="8c84fa94-04c1-424b-9868-57a2d4851a1d" />
    <TestEntry testId="3944f33b-12ef-1c36-4927-8bd5d95e3fed" executionId="9f30f80f-090f-4d23-aa33-80c65bbe245a" testListId="8c84fa94-04c1-424b-9868-57a2d4851a1d" />
    <TestEntry testId="4430bcc4-7528-bf1a-a4f4-89977809ff74" executionId="156519e9-39d1-4508-a29d-eac2b752d7f1" testListId="8c84fa94-04c1-424b-9868-57a2d4851a1d" />
    <TestEntry testId="3d1fe065-58f7-55a3-c890-f6ad96c007b4" executionId="41b7de0f-492c-41f6-a179-06aef4f8c5ed" testListId="8c84fa94-04c1-424b-9868-57a2d4851a1d" />
    <TestEntry testId="b79bd7d2-c28a-8c62-1a0e-2338d054e2dd" executionId="3f9c0e30-d70d-46ec-8f01-216df9756454" testListId="8c84fa94-04c1-424b-9868-57a2d4851a1d" />
    <TestEntry testId="801058a7-b784-0f9c-6f71-6ad35fcff587" executionId="b68fdb96-f2af-4f04-b51f-5dab76f1bcf0" testListId="8c84fa94-04c1-424b-9868-57a2d4851a1d" />
    <TestEntry testId="bebe54fd-6e32-60ec-6048-f24666cfb076" executionId="b47c4784-f403-4e85-aba8-f0b72685e6f2" testListId="8c84fa94-04c1-424b-9868-57a2d4851a1d" />
    <TestEntry testId="edc13219-d16c-7377-9730-1a1e3dff4d3c" executionId="f8e1dc62-b22a-45c1-be9b-ebd5290bd1fa" testListId="8c84fa94-04c1-424b-9868-57a2d4851a1d" />
    <TestEntry testId="f66dd390-b269-2d6a-7c53-23610bb87700" executionId="584eb5fc-59b5-49c8-968b-192fb852f811" testListId="8c84fa94-04c1-424b-9868-57a2d4851a1d" />
    <TestEntry testId="fe6bd4bb-6153-3a47-7b6c-a794f781c341" executionId="535c6f75-561e-4844-83a1-113ff24a23c7" testListId="8c84fa94-04c1-424b-9868-57a2d4851a1d" />
    <TestEntry testId="37fe9334-ba6c-55b1-a0ce-0b0167aa0e57" executionId="2a37518f-4496-4caa-b1e6-486247a703a1" testListId="8c84fa94-04c1-424b-9868-57a2d4851a1d" />
    <TestEntry testId="a8f0afdd-0f00-9380-4b5b-63fa57a633db" executionId="7c0d8ab7-0aeb-4f6a-917e-f41b81be6d3d" testListId="8c84fa94-04c1-424b-9868-57a2d4851a1d" />
    <TestEntry testId="b211abbc-5be2-f54e-3e91-aab5968c8a0c" executionId="0977c1d1-0a86-4562-9ab6-b65226ba5ea1" testListId="8c84fa94-04c1-424b-9868-57a2d4851a1d" />
    <TestEntry testId="a1c1b76c-3cf0-cf08-7921-a70c1e45bc65" executionId="f7f0739e-0d74-4820-a6b8-a0065270b763" testListId="8c84fa94-04c1-424b-9868-57a2d4851a1d" />
    <TestEntry testId="610bd7a4-5841-56d2-0147-a9ed43b5cf64" executionId="2729b917-ef17-4c61-b88b-5201f74adf41" testListId="8c84fa94-04c1-424b-9868-57a2d4851a1d" />
    <TestEntry testId="a1c05a3e-b14b-0de0-bdbf-d1f81bd5c608" executionId="612d558e-cb2b-4e56-a150-4a5b19d9bd57" testListId="8c84fa94-04c1-424b-9868-57a2d4851a1d" />
    <TestEntry testId="faea7649-7a2a-626e-4c49-079bb4e3c0e4" executionId="5b5918f9-c512-482b-8ebc-2e9bc0e2aa4f" testListId="8c84fa94-04c1-424b-9868-57a2d4851a1d" />
    <TestEntry testId="f8b35aa7-9ace-b27f-d607-aa6765882c5f" executionId="004dffff-2bbe-4aaa-9a7f-7f13e95478b7" testListId="8c84fa94-04c1-424b-9868-57a2d4851a1d" />
    <TestEntry testId="96b922b9-9413-db8f-3688-648ba9997369" executionId="22726671-a219-41df-a847-28e51635eae4" testListId="8c84fa94-04c1-424b-9868-57a2d4851a1d" />
    <TestEntry testId="d57d0dab-a592-f589-18a6-5f214a868e0e" executionId="b6eb2eb0-1b20-47da-927a-e9fe3d6a0365" testListId="8c84fa94-04c1-424b-9868-57a2d4851a1d" />
    <TestEntry testId="24d39872-5f74-03f0-912c-1ace5ea7ed29" executionId="3c632951-7f39-4f17-b22f-276391fe98b0" testListId="8c84fa94-04c1-424b-9868-57a2d4851a1d" />
    <TestEntry testId="b6d601a6-0c4f-26c2-eda5-dd754bd79a74" executionId="028c8e48-81df-45d7-be4d-dcd4de4fd170" testListId="8c84fa94-04c1-424b-9868-57a2d4851a1d" />
    <TestEntry testId="7a536bf0-f417-3f4e-7735-9617aac2ac83" executionId="5416e31d-68b1-4da2-9ff6-ea13cb95f3bf" testListId="8c84fa94-04c1-424b-9868-57a2d4851a1d" />
  </TestEntries>
  <TestLists>
    <TestList name="Results Not in a List" id="8c84fa94-04c1-424b-9868-57a2d4851a1d" />
    <TestList name="All Loaded Results" id="19431567-8539-422a-85d7-44ee4e166bda" />
  </TestLists>
  <ResultSummary outcome="Completed">
    <Counters total="23" executed="23" passed="23" failed="0" error="0" timeout="0" aborted="0" inconclusive="0" passedButRunAborted="0" notRunnable="0" notExecuted="0" disconnected="0" warning="0" completed="0" inProgress="0" pending="0" />
    <Output>
      <StdOut>[xUnit.net 00:00:00.00] xUnit.net VSTest Adapter v2.4.3+1b45f5407b (64-bit .NET 8.0.20)&#xD;
[xUnit.net 00:00:15.90]   Discovering: events-service.Application.Tests&#xD;
[xUnit.net 00:00:17.63]   Discovered:  events-service.Application.Tests&#xD;
[xUnit.net 00:00:17.64]   Starting:    events-service.Application.Tests&#xD;
[xUnit.net 00:00:31.17]   Finished:    events-service.Application.Tests&#xD;
</StdOut>
    </Output>
  </ResultSummary>
</TestRun>