<?xml version="1.0" encoding="utf-8"?>
<TestRun id="458ed186-500c-4b12-9f36-53d52972faa6" name="Jesus@NUCBOXG3 2025-11-22 21:09:20" runUser="NUCBOXG3\Jesus" xmlns="http://microsoft.com/schemas/VisualStudio/TeamTest/2010">
  <Times creation="2025-11-22T21:09:20.6694035-04:00" queuing="2025-11-22T21:09:20.6694039-04:00" start="2025-11-22T21:08:52.4029708-04:00" finish="2025-11-22T21:09:25.0706272-04:00" />
  <TestSettings name="default" id="bc15fa27-5bc8-4f45-9ee0-16c2ce6d01f4">
    <Deployment runDeploymentRoot="Jesus_NUCBOXG3_2025-11-22_21_09_20" />
  </TestSettings>
  <Results>
    <UnitTestResult executionId="716dfd91-1226-490a-ab76-6981074ac4ee" testId="4ec0bff7-9bed-2883-b4f7-b926ac171884" testName="events_service.Domain.Tests.ValueObjects.DuracionEventoTests.Equals_ConMismaDuracion_RetornaTrue" computerName="NUCBOXG3" duration="00:00:00.0002627" startTime="2025-11-22T21:09:20.3947334-04:00" endTime="2025-11-22T21:09:20.3947335-04:00" testType="13cdc9d9-ddb5-4fa4-a97d-d965ccfc6d4b" outcome="Passed" testListId="8c84fa94-04c1-424b-9868-57a2d4851a1d" relativeResultsDirectory="716dfd91-1226-490a-ab76-6981074ac4ee" />
    <UnitTestResult executionId="c9e8a3bc-6f1b-4c73-bbc3-0785fd6c5717" testId="6444c422-a54c-a630-c89a-b657a2732e73" testName="events_service.Domain.Tests.Entities.EventoTests.PagarPublicacion_ConMontoIncorrecto_LanzaExcepcion" computerName="NUCBOXG3" duration="00:00:00.0014219" startTime="2025-11-22T21:09:20.6082218-04:00" endTime="2025-11-22T21:09:20.6082219-04:00" testType="13cdc9d9-ddb5-4fa4-a97d-d965ccfc6d4b" outcome="Passed" testListId="8c84fa94-04c1-424b-9868-57a2d4851a1d" relativeResultsDirectory="c9e8a3bc-6f1b-4c73-bbc3-0785fd6c5717" />
    <UnitTestResult executionId="cd2e73f4-7a02-462d-b8da-d8e6d1230a0b" testId="a3655a24-3cdb-0442-5da3-57c599f02c75" testName="events_service.Domain.Tests.ValueObjects.EstadoEventoTests.PuedeTransicionarA_DePublicadoABorrador_RetornaFalse" computerName="NUCBOXG3" duration="00:00:00.0001788" startTime="2025-11-22T21:09:20.6222813-04:00" endTime="2025-11-22T21:09:20.6222814-04:00" testType="13cdc9d9-ddb5-4fa4-a97d-d965ccfc6d4b" outcome="Passed" testListId="8c84fa94-04c1-424b-9868-57a2d4851a1d" relativeResultsDirectory="cd2e73f4-7a02-462d-b8da-d8e6d1230a0b" />
    <UnitTestResult executionId="5e29e970-5be1-4acf-b95c-709a16a7af64" testId="207e8806-0e5f-81df-e737-bb0708c05fb3" testName="events_service.Domain.Tests.ValueObjects.FechaEventoTests.HaComenzado_CuandoFechaMayorReferencia_RetornaFalse" computerName="NUCBOXG3" duration="00:00:00.0002987" startTime="2025-11-22T21:09:20.6268564-04:00" endTime="2025-11-22T21:09:20.6268565-04:00" testType="13cdc9d9-ddb5-4fa4-a97d-d965ccfc6d4b" outcome="Passed" testListId="8c84fa94-04c1-424b-9868-57a2d4851a1d" relativeResultsDirectory="5e29e970-5be1-4acf-b95c-709a16a7af64" />
    <UnitTestResult executionId="fbc9e87d-d74c-4524-8212-e1349d138c95" testId="cc3a08cc-7002-3134-f89a-93fa37cf39ee" testName="events_service.Domain.Tests.ValueObjects.EstadoEventoTests.Constructor_ConEstadoInvalido_LanzaExcepcion" computerName="NUCBOXG3" duration="00:00:00.0004499" startTime="2025-11-22T21:09:20.6224554-04:00" endTime="2025-11-22T21:09:20.6224555-04:00" testType="13cdc9d9-ddb5-4fa4-a97d-d965ccfc6d4b" outcome="Passed" testListId="8c84fa94-04c1-424b-9868-57a2d4851a1d" relativeResultsDirectory="fbc9e87d-d74c-4524-8212-e1349d138c95" />
    <UnitTestResult executionId="818533ae-66ff-45c4-b2ec-6cba4b7f7af0" testId="32afac9d-5bdb-e07a-1a16-e3898041af28" testName="events_service.Domain.Tests.ValueObjects.DuracionEventoTests.Equals_ConDuracionesDiferentes_RetornaFalse" computerName="NUCBOXG3" duration="00:00:00.0003943" startTime="2025-11-22T21:09:20.6080310-04:00" endTime="2025-11-22T21:09:20.6080311-04:00" testType="13cdc9d9-ddb5-4fa4-a97d-d965ccfc6d4b" outcome="Passed" testListId="8c84fa94-04c1-424b-9868-57a2d4851a1d" relativeResultsDirectory="818533ae-66ff-45c4-b2ec-6cba4b7f7af0" />
    <UnitTestResult executionId="2018577c-bba4-414f-8d7d-737b3b46dc24" testId="a2778f15-03b1-ce0f-1cf6-6510a724a733" testName="events_service.Domain.Tests.ValueObjects.EstadoEventoTests.EsCancelado_ConEstadoCancelado_RetornaTrue" computerName="NUCBOXG3" duration="00:00:00.0002720" startTime="2025-11-22T21:09:20.6155264-04:00" endTime="2025-11-22T21:09:20.6155265-04:00" testType="13cdc9d9-ddb5-4fa4-a97d-d965ccfc6d4b" outcome="Passed" testListId="8c84fa94-04c1-424b-9868-57a2d4851a1d" relativeResultsDirectory="2018577c-bba4-414f-8d7d-737b3b46dc24" />
    <UnitTestResult executionId="c6f04b2e-e2a2-4346-b5c5-62ef1314db21" testId="885fd1dc-ce66-aa4b-b344-9d5968e5cbdd" testName="events_service.Domain.Tests.Entities.SeccionTests.Constructor_ConCapacidadCero_LanzaExcepcion" computerName="NUCBOXG3" duration="00:00:00.0007785" startTime="2025-11-22T21:09:20.6242147-04:00" endTime="2025-11-22T21:09:20.6242148-04:00" testType="13cdc9d9-ddb5-4fa4-a97d-d965ccfc6d4b" outcome="Passed" testListId="8c84fa94-04c1-424b-9868-57a2d4851a1d" relativeResultsDirectory="c6f04b2e-e2a2-4346-b5c5-62ef1314db21" />
    <UnitTestResult executionId="16f78359-1760-4811-b708-b3ca7a392cb8" testId="f25f1587-4691-c900-8fa3-f891165d5e71" testName="events_service.Domain.Tests.Entities.EventoTests.Iniciar_ConFechaAlcanzada_CambiaAEnCurso" computerName="NUCBOXG3" duration="00:00:00.0004726" startTime="2025-11-22T21:09:20.6223686-04:00" endTime="2025-11-22T21:09:20.6223687-04:00" testType="13cdc9d9-ddb5-4fa4-a97d-d965ccfc6d4b" outcome="Passed" testListId="8c84fa94-04c1-424b-9868-57a2d4851a1d" relativeResultsDirectory="16f78359-1760-4811-b708-b3ca7a392cb8" />
    <UnitTestResult executionId="a2c1b753-155c-48e7-8a95-795d294127ea" testId="6df900e6-db97-b56c-0792-63792b43b1c8" testName="events_service.Domain.Tests.ValueObjects.PrecioEntradaTests.Equals_ConPreciosDiferentes_RetornaFalse" computerName="NUCBOXG3" duration="00:00:00.0004327" startTime="2025-11-22T21:09:20.6295632-04:00" endTime="2025-11-22T21:09:20.6295633-04:00" testType="13cdc9d9-ddb5-4fa4-a97d-d965ccfc6d4b" outcome="Passed" testListId="8c84fa94-04c1-424b-9868-57a2d4851a1d" relativeResultsDirectory="a2c1b753-155c-48e7-8a95-795d294127ea" />
    <UnitTestResult executionId="4fc646d8-c952-4b0d-a6db-d3044808af3d" testId="4951fb00-9f9b-25c4-4b4a-b3ea8f296464" testName="events_service.Domain.Tests.ValueObjects.EstadoEventoTests.PuedeTransicionarA_DeFinalizadoAPublicado_RetornaFalse" computerName="NUCBOXG3" duration="00:00:00.0004956" startTime="2025-11-22T21:09:20.6157791-04:00" endTime="2025-11-22T21:09:20.6157791-04:00" testType="13cdc9d9-ddb5-4fa4-a97d-d965ccfc6d4b" outcome="Passed" testListId="8c84fa94-04c1-424b-9868-57a2d4851a1d" relativeResultsDirectory="4fc646d8-c952-4b0d-a6db-d3044808af3d" />
    <UnitTestResult executionId="827b0e03-5f39-447f-a1f6-780761c46728" testId="a4c48fd1-69d7-d9f6-19cf-7be0f3319b89" testName="events_service.Domain.Tests.ValueObjects.FechaEventoTests.Equals_ConMismosValores_RetornaTrue" computerName="NUCBOXG3" duration="00:00:00.0002458" startTime="2025-11-22T21:09:20.6292711-04:00" endTime="2025-11-22T21:09:20.6292712-04:00" testType="13cdc9d9-ddb5-4fa4-a97d-d965ccfc6d4b" outcome="Passed" testListId="8c84fa94-04c1-424b-9868-57a2d4851a1d" relativeResultsDirectory="827b0e03-5f39-447f-a1f6-780761c46728" />
    <UnitTestResult executionId="55c6f967-d03e-429a-92e6-8c6d9b875ac5" testId="7cf3f98d-1bbb-1555-0c1a-4daed6516719" testName="events_service.Domain.Tests.ValueObjects.EstadoEventoTests.Constructor_ConEstadosValidos_CreaInstancia(estado: &quot;EnCurso&quot;)" computerName="NUCBOXG3" duration="00:00:00.0004064" startTime="2025-11-22T21:09:20.6160248-04:00" endTime="2025-11-22T21:09:20.6160251-04:00" testType="13cdc9d9-ddb5-4fa4-a97d-d965ccfc6d4b" outcome="Passed" testListId="8c84fa94-04c1-424b-9868-57a2d4851a1d" relativeResultsDirectory="55c6f967-d03e-429a-92e6-8c6d9b875ac5" />
    <UnitTestResult executionId="de9cd91f-c0ab-4313-9238-badf59d883d8" testId="f938522d-3f54-596d-6ca4-02dc17f9828f" testName="events_service.Domain.Tests.ValueObjects.FechaEventoTests.HaComenzado_CuandoFechaMenorOIgualReferencia_RetornaTrue" computerName="NUCBOXG3" duration="00:00:00.0004715" startTime="2025-11-22T21:09:20.6315390-04:00" endTime="2025-11-22T21:09:20.6315390-04:00" testType="13cdc9d9-ddb5-4fa4-a97d-d965ccfc6d4b" outcome="Passed" testListId="8c84fa94-04c1-424b-9868-57a2d4851a1d" relativeResultsDirectory="de9cd91f-c0ab-4313-9238-badf59d883d8" />
    <UnitTestResult executionId="80f52acd-14f2-4433-9d76-4c8f132a008d" testId="729b603d-4e98-abb0-eb3b-2dd31a509456" testName="events_service.Domain.Tests.Entities.SeccionTests.Constructor_ConPrecioGratis_EsValido" computerName="NUCBOXG3" duration="00:00:00.2432026" startTime="2025-11-22T21:09:20.6237329-04:00" endTime="2025-11-22T21:09:20.6237329-04:00" testType="13cdc9d9-ddb5-4fa4-a97d-d965ccfc6d4b" outcome="Passed" testListId="8c84fa94-04c1-424b-9868-57a2d4851a1d" relativeResultsDirectory="80f52acd-14f2-4433-9d76-4c8f132a008d" />
    <UnitTestResult executionId="78f07126-deb2-435e-81be-032ac56d7b14" testId="13416fe0-abea-6140-2102-19c7bac1c7ba" testName="events_service.Domain.Tests.Entities.EventoTests.Editar_EnBorrador_ActualizaDatosYGeneraEvento" computerName="NUCBOXG3" duration="00:00:00.0015825" startTime="2025-11-22T21:09:20.6226659-04:00" endTime="2025-11-22T21:09:20.6226659-04:00" testType="13cdc9d9-ddb5-4fa4-a97d-d965ccfc6d4b" outcome="Passed" testListId="8c84fa94-04c1-424b-9868-57a2d4851a1d" relativeResultsDirectory="78f07126-deb2-435e-81be-032ac56d7b14" />
    <UnitTestResult executionId="7a1ab873-2ddf-4a0e-81b9-145f5eb017d8" testId="0f721d12-61db-8348-07d7-28a26c0ed728" testName="events_service.Domain.Tests.ValueObjects.EstadoEventoTests.Constructor_ConEstadosValidos_CreaInstancia(estado: &quot;Cancelado&quot;)" computerName="NUCBOXG3" duration="00:00:00.0000071" startTime="2025-11-22T21:09:20.6181790-04:00" endTime="2025-11-22T21:09:20.6181791-04:00" testType="13cdc9d9-ddb5-4fa4-a97d-d965ccfc6d4b" outcome="Passed" testListId="8c84fa94-04c1-424b-9868-57a2d4851a1d" relativeResultsDirectory="7a1ab873-2ddf-4a0e-81b9-145f5eb017d8" />
    <UnitTestResult executionId="5b06487b-2337-4bbd-856c-55008c0976d1" testId="832a4622-d1b5-00e1-7659-289ebe5e883c" testName="events_service.Domain.Tests.ValueObjects.EstadoEventoTests.Constructor_ConEstadoNulo_LanzaExcepcion" computerName="NUCBOXG3" duration="00:00:00.0015833" startTime="2025-11-22T21:09:20.6206273-04:00" endTime="2025-11-22T21:09:20.6206275-04:00" testType="13cdc9d9-ddb5-4fa4-a97d-d965ccfc6d4b" outcome="Passed" testListId="8c84fa94-04c1-424b-9868-57a2d4851a1d" relativeResultsDirectory="5b06487b-2337-4bbd-856c-55008c0976d1" />
    <UnitTestResult executionId="f22e1309-92e2-4c6a-8ece-2faa0b2e42fd" testId="aaf156a5-e9d3-3838-0bd1-fabec18724b9" testName="events_service.Domain.Tests.ValueObjects.FechaEventoTests.Constructor_ConFechaValida_CreaInstancia" computerName="NUCBOXG3" duration="00:00:00.0027623" startTime="2025-11-22T21:09:20.6316188-04:00" endTime="2025-11-22T21:09:20.6316188-04:00" testType="13cdc9d9-ddb5-4fa4-a97d-d965ccfc6d4b" outcome="Passed" testListId="8c84fa94-04c1-424b-9868-57a2d4851a1d" relativeResultsDirectory="f22e1309-92e2-4c6a-8ece-2faa0b2e42fd" />
    <UnitTestResult executionId="d6a1df8f-df8b-46c1-b99c-96e9b632cc2a" testId="73fc084d-8155-c8d9-605b-5d4546981e29" testName="events_service.Domain.Tests.ValueObjects.EstadoEventoTests.EsPublicado_ConEstadoPublicado_RetornaTrue" computerName="NUCBOXG3" duration="00:00:00.0002673" startTime="2025-11-22T21:09:20.6201977-04:00" endTime="2025-11-22T21:09:20.6201978-04:00" testType="13cdc9d9-ddb5-4fa4-a97d-d965ccfc6d4b" outcome="Passed" testListId="8c84fa94-04c1-424b-9868-57a2d4851a1d" relativeResultsDirectory="d6a1df8f-df8b-46c1-b99c-96e9b632cc2a" />
    <UnitTestResult executionId="19b5452b-a585-4a7b-aa6b-a61afe15f9d0" testId="e3a09e50-4ffa-0113-2d26-723c3dbc03c7" testName="events_service.Domain.Tests.ValueObjects.DuracionEventoTests.OperadorDesigualdad_ConDuracionesDiferentes_RetornaTrue" computerName="NUCBOXG3" duration="00:00:00.0008817" startTime="2025-11-22T21:09:20.3723173-04:00" endTime="2025-11-22T21:09:20.3723174-04:00" testType="13cdc9d9-ddb5-4fa4-a97d-d965ccfc6d4b" outcome="Passed" testListId="8c84fa94-04c1-424b-9868-57a2d4851a1d" relativeResultsDirectory="19b5452b-a585-4a7b-aa6b-a61afe15f9d0" />
    <UnitTestResult executionId="eae4bac1-758b-448a-acfd-2d8c59292121" testId="7a9d7e30-8322-13a9-84e6-28bd9eb40db1" testName="events_service.Domain.Tests.ValueObjects.EstadoEventoTests.PuedeTransicionarA_DePendientePagoABorrador_RetornaFalse" computerName="NUCBOXG3" duration="00:00:00.0003348" startTime="2025-11-22T21:09:20.6188562-04:00" endTime="2025-11-22T21:09:20.6188562-04:00" testType="13cdc9d9-ddb5-4fa4-a97d-d965ccfc6d4b" outcome="Passed" testListId="8c84fa94-04c1-424b-9868-57a2d4851a1d" relativeResultsDirectory="eae4bac1-758b-448a-acfd-2d8c59292121" />
    <UnitTestResult executionId="72b0612e-c29f-4f1d-a9d0-009ab126c1e6" testId="5bcfe0db-1e28-ccc0-31e7-c07c7d26d329" testName="events_service.Domain.Tests.ValueObjects.EstadoEventoTests.EsPendientePago_ConEstadoPendientePago_RetornaTrue" computerName="NUCBOXG3" duration="00:00:00.0000983" startTime="2025-11-22T21:09:20.6184929-04:00" endTime="2025-11-22T21:09:20.6184931-04:00" testType="13cdc9d9-ddb5-4fa4-a97d-d965ccfc6d4b" outcome="Passed" testListId="8c84fa94-04c1-424b-9868-57a2d4851a1d" relativeResultsDirectory="72b0612e-c29f-4f1d-a9d0-009ab126c1e6" />
    <UnitTestResult executionId="5b6d0bfe-c33a-4f6d-8d4d-0172bdeb700e" testId="0fc26415-4b99-4f6a-fe6d-85eeb42131a2" testName="events_service.Domain.Tests.Entities.EventoTests.Publicar_ConPagoConfirmado_CambiaAPublicadoYEmiteEvento" computerName="NUCBOXG3" duration="00:00:00.0378316" startTime="2025-11-22T21:09:20.6081451-04:00" endTime="2025-11-22T21:09:20.6081452-04:00" testType="13cdc9d9-ddb5-4fa4-a97d-d965ccfc6d4b" outcome="Passed" testListId="8c84fa94-04c1-424b-9868-57a2d4851a1d" relativeResultsDirectory="5b6d0bfe-c33a-4f6d-8d4d-0172bdeb700e" />
    <UnitTestResult executionId="2267e25e-a72c-4f7b-a23b-666821735513" testId="dccff0c3-8b3e-2b63-9b75-372823727905" testName="events_service.Domain.Tests.ValueObjects.EstadoEventoTests.GetHashCode_ConMismoEstado_RetornaMismoHash" computerName="NUCBOXG3" duration="00:00:00.0003034" startTime="2025-11-22T21:09:20.6221226-04:00" endTime="2025-11-22T21:09:20.6221226-04:00" testType="13cdc9d9-ddb5-4fa4-a97d-d965ccfc6d4b" outcome="Passed" testListId="8c84fa94-04c1-424b-9868-57a2d4851a1d" relativeResultsDirectory="2267e25e-a72c-4f7b-a23b-666821735513" />
    <UnitTestResult executionId="a6054526-67dc-4364-964e-fc5d679954c9" testId="6d8168ea-d25d-436b-c4ab-922bc51ed3c4" testName="events_service.Domain.Tests.ValueObjects.EstadoEventoTests.PuedeTransicionarA_DeEnCursoAFinalizado_RetornaTrue" computerName="NUCBOXG3" duration="00:00:00.0004509" startTime="2025-11-22T21:09:20.6200927-04:00" endTime="2025-11-22T21:09:20.6200928-04:00" testType="13cdc9d9-ddb5-4fa4-a97d-d965ccfc6d4b" outcome="Passed" testListId="8c84fa94-04c1-424b-9868-57a2d4851a1d" relativeResultsDirectory="a6054526-67dc-4364-964e-fc5d679954c9" />
    <UnitTestResult executionId="94b60b84-ac64-472b-9843-a9feaa7b20e0" testId="b56cffab-56dd-541a-3121-b3ac3217e784" testName="events_service.Domain.Tests.ValueObjects.EstadoEventoTests.PuedeTransicionarA_DePendientePagoAPublicado_RetornaTrue" computerName="NUCBOXG3" duration="00:00:00.0003977" startTime="2025-11-22T21:09:20.6207158-04:00" endTime="2025-11-22T21:09:20.6207159-04:00" testType="13cdc9d9-ddb5-4fa4-a97d-d965ccfc6d4b" outcome="Passed" testListId="8c84fa94-04c1-424b-9868-57a2d4851a1d" relativeResultsDirectory="94b60b84-ac64-472b-9843-a9feaa7b20e0" />
    <UnitTestResult executionId="6e14e872-e5fa-46ca-96a8-db65fbdb56ff" testId="8ae259eb-6319-5cd2-75be-7b994adf1bd9" testName="events_service.Domain.Tests.ValueObjects.EstadoEventoTests.Equals_ConEstadosDiferentes_RetornaFalse" computerName="NUCBOXG3" duration="00:00:00.0001792" startTime="2025-11-22T21:09:20.6203653-04:00" endTime="2025-11-22T21:09:20.6203653-04:00" testType="13cdc9d9-ddb5-4fa4-a97d-d965ccfc6d4b" outcome="Passed" testListId="8c84fa94-04c1-424b-9868-57a2d4851a1d" relativeResultsDirectory="6e14e872-e5fa-46ca-96a8-db65fbdb56ff" />
    <UnitTestResult executionId="673f848e-b5ee-4b24-abef-ff15c2c09faf" testId="9f7f05d9-0315-ed9b-f0d2-7cf81cd21078" testName="events_service.Domain.Tests.ValueObjects.DuracionEventoTests.OperadorIgualdad_ConMismaDuracion_RetornaTrue" computerName="NUCBOXG3" duration="00:00:00.0005116" startTime="2025-11-22T21:09:20.3725550-04:00" endTime="2025-11-22T21:09:20.3725551-04:00" testType="13cdc9d9-ddb5-4fa4-a97d-d965ccfc6d4b" outcome="Passed" testListId="8c84fa94-04c1-424b-9868-57a2d4851a1d" relativeResultsDirectory="673f848e-b5ee-4b24-abef-ff15c2c09faf" />
    <UnitTestResult executionId="e1e21406-0342-4d32-8a25-6aeec18ac5b4" testId="d12b7db4-82c2-eeea-ee20-2552ff6174d9" testName="events_service.Domain.Tests.ValueObjects.EstadoEventoTests.EsEnCurso_ConEstadoEnCurso_RetornaTrue" computerName="NUCBOXG3" duration="00:00:00.0001354" startTime="2025-11-22T21:09:20.6204449-04:00" endTime="2025-11-22T21:09:20.6204449-04:00" testType="13cdc9d9-ddb5-4fa4-a97d-d965ccfc6d4b" outcome="Passed" testListId="8c84fa94-04c1-424b-9868-57a2d4851a1d" relativeResultsDirectory="e1e21406-0342-4d32-8a25-6aeec18ac5b4" />
    <UnitTestResult executionId="2b02c4df-7c2b-4aa7-8311-714035890425" testId="7a7d68ba-1903-5a70-cbdf-bff60e149db3" testName="events_service.Domain.Tests.Entities.SeccionTests.Equals_ConIdsDiferentes_RetornaFalse" computerName="NUCBOXG3" duration="00:00:00.0004351" startTime="2025-11-22T21:09:20.6262726-04:00" endTime="2025-11-22T21:09:20.6262726-04:00" testType="13cdc9d9-ddb5-4fa4-a97d-d965ccfc6d4b" outcome="Passed" testListId="8c84fa94-04c1-424b-9868-57a2d4851a1d" relativeResultsDirectory="2b02c4df-7c2b-4aa7-8311-714035890425" />
    <UnitTestResult executionId="f120c04d-f47d-4b40-9e37-fe3d05dd6bce" testId="7ef8f154-2430-7345-bb29-d21f638d6765" testName="events_service.Domain.Tests.ValueObjects.EstadoEventoTests.Constructor_ConEstadoValido_CreaInstancia" computerName="NUCBOXG3" duration="00:00:00.0384384" startTime="2025-11-22T21:09:20.6082481-04:00" endTime="2025-11-22T21:09:20.6082481-04:00" testType="13cdc9d9-ddb5-4fa4-a97d-d965ccfc6d4b" outcome="Passed" testListId="8c84fa94-04c1-424b-9868-57a2d4851a1d" relativeResultsDirectory="f120c04d-f47d-4b40-9e37-fe3d05dd6bce" />
    <UnitTestResult executionId="63d49b9b-b474-4b55-8294-0203e05f9b01" testId="efcdb10c-5496-9fed-1d9e-12c1fd5325eb" testName="events_service.Domain.Tests.ValueObjects.EstadoEventoTests.Constructor_ConEstadosValidos_CreaInstancia(estado: &quot;Finalizado&quot;)" computerName="NUCBOXG3" duration="00:00:00.0000075" startTime="2025-11-22T21:09:20.6163920-04:00" endTime="2025-11-22T21:09:20.6163921-04:00" testType="13cdc9d9-ddb5-4fa4-a97d-d965ccfc6d4b" outcome="Passed" testListId="8c84fa94-04c1-424b-9868-57a2d4851a1d" relativeResultsDirectory="63d49b9b-b474-4b55-8294-0203e05f9b01" />
    <UnitTestResult executionId="02b182d5-3250-4069-a242-766481b292fa" testId="3bee96e1-f520-986f-3129-02443c99197e" testName="events_service.Domain.Tests.ValueObjects.DuracionEventoTests.GetHashCode_ConMismaDuracion_RetornaMismoHash" computerName="NUCBOXG3" duration="00:00:00.0002798" startTime="2025-11-22T21:09:20.6077186-04:00" endTime="2025-11-22T21:09:20.6077187-04:00" testType="13cdc9d9-ddb5-4fa4-a97d-d965ccfc6d4b" outcome="Passed" testListId="8c84fa94-04c1-424b-9868-57a2d4851a1d" relativeResultsDirectory="02b182d5-3250-4069-a242-766481b292fa" />
    <UnitTestResult executionId="028a1aab-4416-47fc-9802-72aa4c8f463a" testId="4eceeb95-b8da-b3de-f17d-f682340ac5a9" testName="events_service.Domain.Tests.ValueObjects.PrecioEntradaTests.GetHashCode_ConMismoPrecio_RetornaMismoHash" computerName="NUCBOXG3" duration="00:00:00.0005375" startTime="2025-11-22T21:09:20.6265504-04:00" endTime="2025-11-22T21:09:20.6265505-04:00" testType="13cdc9d9-ddb5-4fa4-a97d-d965ccfc6d4b" outcome="Passed" testListId="8c84fa94-04c1-424b-9868-57a2d4851a1d" relativeResultsDirectory="028a1aab-4416-47fc-9802-72aa4c8f463a" />
    <UnitTestResult executionId="0a75134a-b5c9-4787-ad7a-b5cf0357c0b1" testId="4e9d4bf7-a51c-9464-2a21-d5a982f451b4" testName="events_service.Domain.Tests.Entities.EventoTests.PagarPublicacion_ConMontoCorrecto_MarcaPendientePago" computerName="NUCBOXG3" duration="00:00:00.2954438" startTime="2025-11-22T21:09:20.6316864-04:00" endTime="2025-11-22T21:09:20.6316865-04:00" testType="13cdc9d9-ddb5-4fa4-a97d-d965ccfc6d4b" outcome="Passed" testListId="8c84fa94-04c1-424b-9868-57a2d4851a1d" relativeResultsDirectory="0a75134a-b5c9-4787-ad7a-b5cf0357c0b1" />
    <UnitTestResult executionId="93685990-ef91-431f-9dce-1001a3a4472c" testId="4ba6943c-825c-0fe4-8fd2-2269e7cc63a2" testName="events_service.Domain.Tests.ValueObjects.PrecioEntradaTests.OperadorDesigualdad_ConPreciosDiferentes_RetornaTrue" computerName="NUCBOXG3" duration="00:00:00.0003795" startTime="2025-11-22T21:09:20.6267662-04:00" endTime="2025-11-22T21:09:20.6267662-04:00" testType="13cdc9d9-ddb5-4fa4-a97d-d965ccfc6d4b" outcome="Passed" testListId="8c84fa94-04c1-424b-9868-57a2d4851a1d" relativeResultsDirectory="93685990-ef91-431f-9dce-1001a3a4472c" />
    <UnitTestResult executionId="8c76a1bc-26a4-4d58-945c-9a91cbbf3438" testId="3cda88cf-4086-4513-23d0-5984edd5a888" testName="events_service.Domain.Tests.ValueObjects.EstadoEventoTests.Constructor_ConEstadosValidos_CreaInstancia(estado: &quot;Borrador&quot;)" computerName="NUCBOXG3" duration="00:00:00.0001922" startTime="2025-11-22T21:09:20.6158809-04:00" endTime="2025-11-22T21:09:20.6158809-04:00" testType="13cdc9d9-ddb5-4fa4-a97d-d965ccfc6d4b" outcome="Passed" testListId="8c84fa94-04c1-424b-9868-57a2d4851a1d" relativeResultsDirectory="8c76a1bc-26a4-4d58-945c-9a91cbbf3438" />
    <UnitTestResult executionId="a4fa66cd-7366-4600-a6d5-647d79a9f45b" testId="80d30a3e-03b0-48d4-f939-dd909e98b389" testName="events_service.Domain.Tests.Entities.EventoTests.Crear_ConParametrosValidos_CreaEventoEnBorrador" computerName="NUCBOXG3" duration="00:00:00.0088027" startTime="2025-11-22T21:09:20.6236434-04:00" endTime="2025-11-22T21:09:20.6236435-04:00" testType="13cdc9d9-ddb5-4fa4-a97d-d965ccfc6d4b" outcome="Passed" testListId="8c84fa94-04c1-424b-9868-57a2d4851a1d" relativeResultsDirectory="a4fa66cd-7366-4600-a6d5-647d79a9f45b" />
    <UnitTestResult executionId="e905b59c-0e7b-45d0-9c86-75f7daf9c3d5" testId="3c680167-f244-0d04-b690-d21aee6450b0" testName="events_service.Domain.Tests.ValueObjects.DuracionEventoTests.Constructor_ConMinutosNegativos_LanzaExcepcion" computerName="NUCBOXG3" duration="00:00:00.0760623" startTime="2025-11-22T21:09:20.3638177-04:00" endTime="2025-11-22T21:09:20.3639057-04:00" testType="13cdc9d9-ddb5-4fa4-a97d-d965ccfc6d4b" outcome="Passed" testListId="8c84fa94-04c1-424b-9868-57a2d4851a1d" relativeResultsDirectory="e905b59c-0e7b-45d0-9c86-75f7daf9c3d5" />
    <UnitTestResult executionId="7acf7357-c3c6-42db-bd6c-3f240225e30a" testId="3614c4b7-c721-2762-c14a-1ffcd9245683" testName="events_service.Domain.Tests.ValueObjects.PrecioEntradaTests.Constructor_ConPrecioPositivo_CreaInstancia" computerName="NUCBOXG3" duration="00:00:00.0001635" startTime="2025-11-22T21:09:20.6288413-04:00" endTime="2025-11-22T21:09:20.6288414-04:00" testType="13cdc9d9-ddb5-4fa4-a97d-d965ccfc6d4b" outcome="Passed" testListId="8c84fa94-04c1-424b-9868-57a2d4851a1d" relativeResultsDirectory="7acf7357-c3c6-42db-bd6c-3f240225e30a" />
    <UnitTestResult executionId="ab78eabd-19e4-4ad9-a39c-f6a0492d256f" testId="d7429412-85fd-8172-01e6-0bf12cacba74" testName="events_service.Domain.Tests.ValueObjects.PrecioEntradaTests.Equals_ConMismoPrecio_RetornaTrue" computerName="NUCBOXG3" duration="00:00:00.0001809" startTime="2025-11-22T21:09:20.6293881-04:00" endTime="2025-11-22T21:09:20.6293882-04:00" testType="13cdc9d9-ddb5-4fa4-a97d-d965ccfc6d4b" outcome="Passed" testListId="8c84fa94-04c1-424b-9868-57a2d4851a1d" relativeResultsDirectory="ab78eabd-19e4-4ad9-a39c-f6a0492d256f" />
    <UnitTestResult executionId="a5cd7911-0ae1-4e59-97f5-42b9b46063c1" testId="61a38bdc-1859-d572-9bd0-8eca0d31a00b" testName="events_service.Domain.Tests.Entities.EventoTests.Cancelar_DesdePublicado_CambiaACanceladoYEmiteEvento" computerName="NUCBOXG3" duration="00:00:00.0007521" startTime="2025-11-22T21:09:20.6161988-04:00" endTime="2025-11-22T21:09:20.6161989-04:00" testType="13cdc9d9-ddb5-4fa4-a97d-d965ccfc6d4b" outcome="Passed" testListId="8c84fa94-04c1-424b-9868-57a2d4851a1d" relativeResultsDirectory="a5cd7911-0ae1-4e59-97f5-42b9b46063c1" />
    <UnitTestResult executionId="0adeb9f8-c1d8-4315-86f2-660c91281878" testId="8fca5217-17ee-6642-8800-09f402ea290f" testName="events_service.Domain.Tests.ValueObjects.EstadoEventoTests.Constructor_ConEstadoVacio_LanzaExcepcion" computerName="NUCBOXG3" duration="00:00:00.0002977" startTime="2025-11-22T21:09:20.6226165-04:00" endTime="2025-11-22T21:09:20.6226165-04:00" testType="13cdc9d9-ddb5-4fa4-a97d-d965ccfc6d4b" outcome="Passed" testListId="8c84fa94-04c1-424b-9868-57a2d4851a1d" relativeResultsDirectory="0adeb9f8-c1d8-4315-86f2-660c91281878" />
    <UnitTestResult executionId="c95fb5ca-ddc0-42e8-9ca9-1ce6ea9718cd" testId="ff2265d5-f113-3566-b54d-be4cbaeafa21" testName="events_service.Domain.Tests.ValueObjects.EstadoEventoTests.Equals_ConMismoEstado_RetornaTrue" computerName="NUCBOXG3" duration="00:00:00.0038944" startTime="2025-11-22T21:09:20.6205345-04:00" endTime="2025-11-22T21:09:20.6205346-04:00" testType="13cdc9d9-ddb5-4fa4-a97d-d965ccfc6d4b" outcome="Passed" testListId="8c84fa94-04c1-424b-9868-57a2d4851a1d" relativeResultsDirectory="c95fb5ca-ddc0-42e8-9ca9-1ce6ea9718cd" />
    <UnitTestResult executionId="8281cce6-d607-4d0a-b7e3-8ebcd976106d" testId="5fca504e-425e-880e-64f8-8189e123497a" testName="events_service.Domain.Tests.ValueObjects.DuracionEventoTests.Constructor_ConHorasCeroYMinutosCero_LanzaExcepcion" computerName="NUCBOXG3" duration="00:00:00.0117035" startTime="2025-11-22T21:09:20.6077926-04:00" endTime="2025-11-22T21:09:20.6077927-04:00" testType="13cdc9d9-ddb5-4fa4-a97d-d965ccfc6d4b" outcome="Passed" testListId="8c84fa94-04c1-424b-9868-57a2d4851a1d" relativeResultsDirectory="8281cce6-d607-4d0a-b7e3-8ebcd976106d" />
    <UnitTestResult executionId="28416ba1-fecf-4e95-8685-0e36ddbcefbd" testId="4f7fbb62-af25-d27a-64d2-b134d214e7a8" testName="events_service.Domain.Tests.Entities.EventoTests.Cancelar_EnCurso_LanzaExcepcion" computerName="NUCBOXG3" duration="00:00:00.0014248" startTime="2025-11-22T21:09:20.6157140-04:00" endTime="2025-11-22T21:09:20.6157140-04:00" testType="13cdc9d9-ddb5-4fa4-a97d-d965ccfc6d4b" outcome="Passed" testListId="8c84fa94-04c1-424b-9868-57a2d4851a1d" relativeResultsDirectory="28416ba1-fecf-4e95-8685-0e36ddbcefbd" />
    <UnitTestResult executionId="7cdee54d-24f9-4d7d-b711-4ade60185409" testId="505636a7-5e3a-a34e-0967-f0385bbfb97a" testName="events_service.Domain.Tests.ValueObjects.DuracionEventoTests.Constructor_ConMinutosMayorA59_LanzaExcepcion" computerName="NUCBOXG3" duration="00:00:00.0028401" startTime="2025-11-22T21:09:20.6078838-04:00" endTime="2025-11-22T21:09:20.6078839-04:00" testType="13cdc9d9-ddb5-4fa4-a97d-d965ccfc6d4b" outcome="Passed" testListId="8c84fa94-04c1-424b-9868-57a2d4851a1d" relativeResultsDirectory="7cdee54d-24f9-4d7d-b711-4ade60185409" />
    <UnitTestResult executionId="cd5c7667-aa25-4fa6-b146-056b981d8afe" testId="fb5daea3-f1db-55fd-401f-a8730aa6eb39" testName="events_service.Domain.Tests.ValueObjects.EstadoEventoTests.Constructor_ConEstadosValidos_CreaInstancia(estado: &quot;Publicado&quot;)" computerName="NUCBOXG3" duration="00:00:00.0000188" startTime="2025-11-22T21:09:20.6162730-04:00" endTime="2025-11-22T21:09:20.6162730-04:00" testType="13cdc9d9-ddb5-4fa4-a97d-d965ccfc6d4b" outcome="Passed" testListId="8c84fa94-04c1-424b-9868-57a2d4851a1d" relativeResultsDirectory="cd5c7667-aa25-4fa6-b146-056b981d8afe" />
    <UnitTestResult executionId="a6b53049-ae05-45e3-8120-aa2b18d7dfdc" testId="547f36c2-d4d5-ecf8-0b66-754af0b7cd7b" testName="events_service.Domain.Tests.ValueObjects.PrecioEntradaTests.Constructor_ConPrecioNegativo_LanzaExcepcion" computerName="NUCBOXG3" duration="00:00:00.0008880" startTime="2025-11-22T21:09:20.6292171-04:00" endTime="2025-11-22T21:09:20.6292171-04:00" testType="13cdc9d9-ddb5-4fa4-a97d-d965ccfc6d4b" outcome="Passed" testListId="8c84fa94-04c1-424b-9868-57a2d4851a1d" relativeResultsDirectory="a6b53049-ae05-45e3-8120-aa2b18d7dfdc" />
    <UnitTestResult executionId="bd61b735-f547-43ec-bfde-dcea360d2bce" testId="39702b2e-a068-79c1-d6b3-7e0fb081842a" testName="events_service.Domain.Tests.ValueObjects.PrecioEntradaTests.Constructor_ConPrecioCero_EsValido" computerName="NUCBOXG3" duration="00:00:00.0001321" startTime="2025-11-22T21:09:20.6269332-04:00" endTime="2025-11-22T21:09:20.6269335-04:00" testType="13cdc9d9-ddb5-4fa4-a97d-d965ccfc6d4b" outcome="Passed" testListId="8c84fa94-04c1-424b-9868-57a2d4851a1d" relativeResultsDirectory="bd61b735-f547-43ec-bfde-dcea360d2bce" />
    <UnitTestResult executionId="f809876b-f765-4b3d-b66a-83a99e2be2f4" testId="69894a01-3c31-771e-5d52-fcaa11d951bb" testName="events_service.Domain.Tests.ValueObjects.DuracionEventoTests.ComoTimeSpan_RegresaTimeSpanEquivalente" computerName="NUCBOXG3" duration="00:00:00.0085656" startTime="2025-11-22T21:09:20.6076153-04:00" endTime="2025-11-22T21:09:20.6076154-04:00" testType="13cdc9d9-ddb5-4fa4-a97d-d965ccfc6d4b" outcome="Passed" testListId="8c84fa94-04c1-424b-9868-57a2d4851a1d" relativeResultsDirectory="f809876b-f765-4b3d-b66a-83a99e2be2f4" />
    <UnitTestResult executionId="c7d26fb7-7d6d-44e2-bdf8-69bd0e171954" testId="17c5d9e8-e23a-9ec8-eb27-0264eb58e56b" testName="events_service.Domain.Tests.Entities.EventoTests.Finalizar_DesdeEnCurso_CambiaAFinalizado" computerName="NUCBOXG3" duration="00:00:00.0289969" startTime="2025-11-22T21:09:20.6221660-04:00" endTime="2025-11-22T21:09:20.6221660-04:00" testType="13cdc9d9-ddb5-4fa4-a97d-d965ccfc6d4b" outcome="Passed" testListId="8c84fa94-04c1-424b-9868-57a2d4851a1d" relativeResultsDirectory="c7d26fb7-7d6d-44e2-bdf8-69bd0e171954" />
    <UnitTestResult executionId="d3358d58-0b87-4534-8a68-5e9c8de0572a" testId="58c09ef3-f07f-ebc7-6b4a-fd5717711317" testName="events_service.Domain.Tests.ValueObjects.DuracionEventoTests.Constructor_ConHorasNegativas_LanzaExcepcion" computerName="NUCBOXG3" duration="00:00:00.0006344" startTime="2025-11-22T21:09:20.3724001-04:00" endTime="2025-11-22T21:09:20.3724001-04:00" testType="13cdc9d9-ddb5-4fa4-a97d-d965ccfc6d4b" outcome="Passed" testListId="8c84fa94-04c1-424b-9868-57a2d4851a1d" relativeResultsDirectory="d3358d58-0b87-4534-8a68-5e9c8de0572a" />
    <UnitTestResult executionId="4781ddcc-3e80-4c98-9e6b-c8ecc089fa03" testId="f2f375f0-82de-1680-bc56-911543bd8848" testName="events_service.Domain.Tests.ValueObjects.PrecioEntradaTests.EsGratis_ConPrecioCero_RetornaTrue" computerName="NUCBOXG3" duration="00:00:00.0001625" startTime="2025-11-22T21:09:20.6313289-04:00" endTime="2025-11-22T21:09:20.6313290-04:00" testType="13cdc9d9-ddb5-4fa4-a97d-d965ccfc6d4b" outcome="Passed" testListId="8c84fa94-04c1-424b-9868-57a2d4851a1d" relativeResultsDirectory="4781ddcc-3e80-4c98-9e6b-c8ecc089fa03" />
    <UnitTestResult executionId="323fc236-74bf-46d7-9717-836b06f42de5" testId="915d085a-5805-0b56-e43f-428751b874c5" testName="events_service.Domain.Tests.Entities.EventoTests.Publicar_ConTransaccionDiferente_LanzaExcepcion" computerName="NUCBOXG3" duration="00:00:00.0007555" startTime="2025-11-22T21:09:20.6318459-04:00" endTime="2025-11-22T21:09:20.6318459-04:00" testType="13cdc9d9-ddb5-4fa4-a97d-d965ccfc6d4b" outcome="Passed" testListId="8c84fa94-04c1-424b-9868-57a2d4851a1d" relativeResultsDirectory="323fc236-74bf-46d7-9717-836b06f42de5" />
    <UnitTestResult executionId="1abfa8ae-2ca0-4720-a865-000a7f734d8d" testId="3f7d230e-22c9-c967-f539-fc2b608760da" testName="events_service.Domain.Tests.ValueObjects.EstadoEventoTests.OperadorDesigualdad_ConEstadosDiferentes_RetornaTrue" computerName="NUCBOXG3" duration="00:00:00.0018565" startTime="2025-11-22T21:09:20.6208004-04:00" endTime="2025-11-22T21:09:20.6208013-04:00" testType="13cdc9d9-ddb5-4fa4-a97d-d965ccfc6d4b" outcome="Passed" testListId="8c84fa94-04c1-424b-9868-57a2d4851a1d" relativeResultsDirectory="1abfa8ae-2ca0-4720-a865-000a7f734d8d" />
    <UnitTestResult executionId="7d48ee9e-c056-4d27-8174-841a7787f2bd" testId="c5b3d5d2-a236-67b3-fd13-a9f6babaec8a" testName="events_service.Domain.Tests.Entities.SeccionTests.Constructor_ConNombreVacio_LanzaExcepcion" computerName="NUCBOXG3" duration="00:00:00.0026296" startTime="2025-11-22T21:09:20.6261667-04:00" endTime="2025-11-22T21:09:20.6261669-04:00" testType="13cdc9d9-ddb5-4fa4-a97d-d965ccfc6d4b" outcome="Passed" testListId="8c84fa94-04c1-424b-9868-57a2d4851a1d" relativeResultsDirectory="7d48ee9e-c056-4d27-8174-841a7787f2bd" />
    <UnitTestResult executionId="b6bf6a7d-84b1-4add-a316-c53e5425c432" testId="c5de6524-e4f9-ff90-43b1-5eca484e4af4" testName="events_service.Domain.Tests.ValueObjects.DuracionEventoTests.Constructor_ConDuracionDeVeinticuatroHoras_EsValido" computerName="NUCBOXG3" duration="00:00:00.0003159" startTime="2025-11-22T21:09:20.6079603-04:00" endTime="2025-11-22T21:09:20.6079605-04:00" testType="13cdc9d9-ddb5-4fa4-a97d-d965ccfc6d4b" outcome="Passed" testListId="8c84fa94-04c1-424b-9868-57a2d4851a1d" relativeResultsDirectory="b6bf6a7d-84b1-4add-a316-c53e5425c432" />
    <UnitTestResult executionId="22c51ad4-2d4e-4aeb-acf8-7ff839985eeb" testId="14babd36-016d-fb3c-e92d-f94ddbaf04f5" testName="events_service.Domain.Tests.Entities.SeccionTests.Constructor_ConCapacidadNegativa_LanzaExcepcion" computerName="NUCBOXG3" duration="00:00:00.0009174" startTime="2025-11-22T21:09:20.6239829-04:00" endTime="2025-11-22T21:09:20.6239830-04:00" testType="13cdc9d9-ddb5-4fa4-a97d-d965ccfc6d4b" outcome="Passed" testListId="8c84fa94-04c1-424b-9868-57a2d4851a1d" relativeResultsDirectory="22c51ad4-2d4e-4aeb-acf8-7ff839985eeb" />
    <UnitTestResult executionId="6d4ca63d-0a1e-452e-a2eb-f98c18af4db7" testId="e96b22bc-8a79-11d6-493d-2335e63adace" testName="events_service.Domain.Tests.ValueObjects.DuracionEventoTests.Constructor_ConDuracionPositiva_CreaInstancia" computerName="NUCBOXG3" duration="00:00:00.0004259" startTime="2025-11-22T21:09:20.3721954-04:00" endTime="2025-11-22T21:09:20.3721955-04:00" testType="13cdc9d9-ddb5-4fa4-a97d-d965ccfc6d4b" outcome="Passed" testListId="8c84fa94-04c1-424b-9868-57a2d4851a1d" relativeResultsDirectory="6d4ca63d-0a1e-452e-a2eb-f98c18af4db7" />
    <UnitTestResult executionId="95c6b32a-f038-48e5-9bb8-30ebd6f4904c" testId="beb767a9-c796-1b0d-e812-88791439b268" testName="events_service.Domain.Tests.Entities.SeccionTests.Equals_ConMismoId_RetornaTrue" computerName="NUCBOXG3" duration="00:00:00.0009970" startTime="2025-11-22T21:09:20.6238998-04:00" endTime="2025-11-22T21:09:20.6238999-04:00" testType="13cdc9d9-ddb5-4fa4-a97d-d965ccfc6d4b" outcome="Passed" testListId="8c84fa94-04c1-424b-9868-57a2d4851a1d" relativeResultsDirectory="95c6b32a-f038-48e5-9bb8-30ebd6f4904c" />
    <UnitTestResult executionId="92e5fc88-c9e5-4ea0-95fe-3819aa3ecfe0" testId="4d0f0166-3a85-3b4d-6d81-2c5fbaa997e8" testName="events_service.Domain.Tests.ValueObjects.FechaEventoTests.Constructor_ConFechaEnElPasado_LanzaExcepcion" computerName="NUCBOXG3" duration="00:00:00.0035451" startTime="2025-11-22T21:09:20.6314589-04:00" endTime="2025-11-22T21:09:20.6314589-04:00" testType="13cdc9d9-ddb5-4fa4-a97d-d965ccfc6d4b" outcome="Passed" testListId="8c84fa94-04c1-424b-9868-57a2d4851a1d" relativeResultsDirectory="92e5fc88-c9e5-4ea0-95fe-3819aa3ecfe0" />
    <UnitTestResult executionId="d3d0d72a-e2c4-40e1-a15f-d58b25c98282" testId="f66e2f63-f022-5ca2-8aa0-5f365e9a4982" testName="events_service.Domain.Tests.ValueObjects.PrecioEntradaTests.ToString_FormateaCorrectamente" computerName="NUCBOXG3" duration="00:00:00.0037533" startTime="2025-11-22T21:09:20.6266366-04:00" endTime="2025-11-22T21:09:20.6266366-04:00" testType="13cdc9d9-ddb5-4fa4-a97d-d965ccfc6d4b" outcome="Passed" testListId="8c84fa94-04c1-424b-9868-57a2d4851a1d" relativeResultsDirectory="d3d0d72a-e2c4-40e1-a15f-d58b25c98282" />
    <UnitTestResult executionId="a4a23990-ffe2-4500-9d11-868957df965b" testId="76f7e8e5-4bb4-96f4-f486-705293fc0c30" testName="events_service.Domain.Tests.ValueObjects.EstadoEventoTests.EsFinalizado_ConEstadoFinalizado_RetornaTrue" computerName="NUCBOXG3" duration="00:00:00.0073830" startTime="2025-11-22T21:09:20.6187728-04:00" endTime="2025-11-22T21:09:20.6187728-04:00" testType="13cdc9d9-ddb5-4fa4-a97d-d965ccfc6d4b" outcome="Passed" testListId="8c84fa94-04c1-424b-9868-57a2d4851a1d" relativeResultsDirectory="a4a23990-ffe2-4500-9d11-868957df965b" />
    <UnitTestResult executionId="f0988b88-1007-4349-b65d-1821212c22a3" testId="10d6b0ed-9b4a-e2e0-1edd-d6a62256b73e" testName="events_service.Domain.Tests.ValueObjects.EstadoEventoTests.OperadorIgualdad_ConMismoEstado_RetornaTrue" computerName="NUCBOXG3" duration="00:00:00.0002278" startTime="2025-11-22T21:09:20.6183818-04:00" endTime="2025-11-22T21:09:20.6183820-04:00" testType="13cdc9d9-ddb5-4fa4-a97d-d965ccfc6d4b" outcome="Passed" testListId="8c84fa94-04c1-424b-9868-57a2d4851a1d" relativeResultsDirectory="f0988b88-1007-4349-b65d-1821212c22a3" />
    <UnitTestResult executionId="c671f175-8e6e-440d-98a3-ca75e631ac72" testId="96c3ed92-ee23-2a31-503d-7be4417c04d2" testName="events_service.Domain.Tests.Entities.SeccionTests.Constructor_ConPrecioNulo_LanzaExcepcion" computerName="NUCBOXG3" duration="00:00:00.0557411" startTime="2025-11-22T21:09:20.6238184-04:00" endTime="2025-11-22T21:09:20.6238185-04:00" testType="13cdc9d9-ddb5-4fa4-a97d-d965ccfc6d4b" outcome="Passed" testListId="8c84fa94-04c1-424b-9868-57a2d4851a1d" relativeResultsDirectory="c671f175-8e6e-440d-98a3-ca75e631ac72" />
    <UnitTestResult executionId="ae7713f2-6f84-4ca8-bd5f-9468d434c9a9" testId="f641a2ab-146b-12b7-ee72-c968c3b82e8a" testName="events_service.Domain.Tests.ValueObjects.EstadoEventoTests.PuedeTransicionarA_DeBorradorACancelado_RetornaTrue" computerName="NUCBOXG3" duration="00:00:00.0205084" startTime="2025-11-22T21:09:20.6186833-04:00" endTime="2025-11-22T21:09:20.6186833-04:00" testType="13cdc9d9-ddb5-4fa4-a97d-d965ccfc6d4b" outcome="Passed" testListId="8c84fa94-04c1-424b-9868-57a2d4851a1d" relativeResultsDirectory="ae7713f2-6f84-4ca8-bd5f-9468d434c9a9" />
    <UnitTestResult executionId="ea8c5766-159b-4743-996e-1544f591184f" testId="185879d2-c695-1ec6-67d5-caf45ef120a8" testName="events_service.Domain.Tests.ValueObjects.FechaEventoTests.Equals_ConFechasDiferentes_RetornaFalse" computerName="NUCBOXG3" duration="00:00:00.0006738" startTime="2025-11-22T21:09:20.6290196-04:00" endTime="2025-11-22T21:09:20.6290197-04:00" testType="13cdc9d9-ddb5-4fa4-a97d-d965ccfc6d4b" outcome="Passed" testListId="8c84fa94-04c1-424b-9868-57a2d4851a1d" relativeResultsDirectory="ea8c5766-159b-4743-996e-1544f591184f" />
    <UnitTestResult executionId="dd5ab314-6d66-48d7-9ad6-66142995a87e" testId="26b1fc97-6bc5-77a4-160b-2bd53eab267e" testName="events_service.Domain.Tests.ValueObjects.EstadoEventoTests.EsBorrador_ConEstadoBorrador_RetornaTrue" computerName="NUCBOXG3" duration="00:00:00.0003100" startTime="2025-11-22T21:09:20.6220297-04:00" endTime="2025-11-22T21:09:20.6220298-04:00" testType="13cdc9d9-ddb5-4fa4-a97d-d965ccfc6d4b" outcome="Passed" testListId="8c84fa94-04c1-424b-9868-57a2d4851a1d" relativeResultsDirectory="dd5ab314-6d66-48d7-9ad6-66142995a87e" />
    <UnitTestResult executionId="3b9967df-3415-4061-ba8d-7c41dfa25cdf" testId="cd3c6094-8071-38cc-23c7-1314e14141e9" testName="events_service.Domain.Tests.Entities.EventoTests.Crear_SinSecciones_LanzaExcepcion" computerName="NUCBOXG3" duration="00:00:00.0005523" startTime="2025-11-22T21:09:20.6185444-04:00" endTime="2025-11-22T21:09:20.6185444-04:00" testType="13cdc9d9-ddb5-4fa4-a97d-d965ccfc6d4b" outcome="Passed" testListId="8c84fa94-04c1-424b-9868-57a2d4851a1d" relativeResultsDirectory="3b9967df-3415-4061-ba8d-7c41dfa25cdf" />
    <UnitTestResult executionId="aba3204d-eb0e-46ad-9fb7-e73663ce36ea" testId="57a784cb-8dca-5393-6256-1709d1fcf887" testName="events_service.Domain.Tests.ValueObjects.DuracionEventoTests.Constructor_ConHorasCeroYMinutosPositivos_EsValido" computerName="NUCBOXG3" duration="00:00:00.0002185" startTime="2025-11-22T21:09:20.3724814-04:00" endTime="2025-11-22T21:09:20.3724814-04:00" testType="13cdc9d9-ddb5-4fa4-a97d-d965ccfc6d4b" outcome="Passed" testListId="8c84fa94-04c1-424b-9868-57a2d4851a1d" relativeResultsDirectory="aba3204d-eb0e-46ad-9fb7-e73663ce36ea" />
    <UnitTestResult executionId="9abfbb18-66f1-4f89-8368-264b95d50fe4" testId="6cc062cc-6cbd-2ba5-b89c-8bf2533146c1" testName="events_service.Domain.Tests.ValueObjects.PrecioEntradaTests.OperadorIgualdad_ConMismoPrecio_RetornaTrue" computerName="NUCBOXG3" duration="00:00:00.0002743" startTime="2025-11-22T21:09:20.6298081-04:00" endTime="2025-11-22T21:09:20.6298083-04:00" testType="13cdc9d9-ddb5-4fa4-a97d-d965ccfc6d4b" outcome="Passed" testListId="8c84fa94-04c1-424b-9868-57a2d4851a1d" relativeResultsDirectory="9abfbb18-66f1-4f89-8368-264b95d50fe4" />
    <UnitTestResult executionId="2bbe05fa-8ce7-4a31-ab1b-7026908120f0" testId="e1da66f5-b473-f0f8-2fd6-32b71c1dfde3" testName="events_service.Domain.Tests.Entities.SeccionTests.Constructor_ConParametrosValidos_CreaInstancia" computerName="NUCBOXG3" duration="00:00:00.0787581" startTime="2025-11-22T21:09:20.6240626-04:00" endTime="2025-11-22T21:09:20.6240627-04:00" testType="13cdc9d9-ddb5-4fa4-a97d-d965ccfc6d4b" outcome="Passed" testListId="8c84fa94-04c1-424b-9868-57a2d4851a1d" relativeResultsDirectory="2bbe05fa-8ce7-4a31-ab1b-7026908120f0" />
    <UnitTestResult executionId="be75e18f-bcb9-4b25-8524-6755341866e7" testId="597ef16c-02d4-9b77-d8d3-4cf06c7d2da5" testName="events_service.Domain.Tests.Entities.SeccionTests.Constructor_ConNombreNulo_LanzaExcepcion" computerName="NUCBOXG3" duration="00:00:00.0009683" startTime="2025-11-22T21:09:20.6241382-04:00" endTime="2025-11-22T21:09:20.6241383-04:00" testType="13cdc9d9-ddb5-4fa4-a97d-d965ccfc6d4b" outcome="Passed" testListId="8c84fa94-04c1-424b-9868-57a2d4851a1d" relativeResultsDirectory="be75e18f-bcb9-4b25-8524-6755341866e7" />
    <UnitTestResult executionId="069bdf30-01af-4176-9dfa-a3d3f4219b74" testId="51c5ce84-bb28-82e3-a103-879d8d8dd7ca" testName="events_service.Domain.Tests.ValueObjects.PrecioEntradaTests.Constructor_ConPrecioMuyAlto_EsValido" computerName="NUCBOXG3" duration="00:00:00.0009340" startTime="2025-11-22T21:09:20.6294817-04:00" endTime="2025-11-22T21:09:20.6294818-04:00" testType="13cdc9d9-ddb5-4fa4-a97d-d965ccfc6d4b" outcome="Passed" testListId="8c84fa94-04c1-424b-9868-57a2d4851a1d" relativeResultsDirectory="069bdf30-01af-4176-9dfa-a3d3f4219b74" />
    <UnitTestResult executionId="e6111edd-4d7a-4e85-95af-51df25e231f5" testId="bd517e0e-a01c-a47c-5626-c3c8824167b6" testName="events_service.Domain.Tests.Entities.EventoTests.Editar_FueraDeBorrador_LanzaExcepcion" computerName="NUCBOXG3" duration="00:00:00.0008294" startTime="2025-11-22T21:09:20.6317676-04:00" endTime="2025-11-22T21:09:20.6317679-04:00" testType="13cdc9d9-ddb5-4fa4-a97d-d965ccfc6d4b" outcome="Passed" testListId="8c84fa94-04c1-424b-9868-57a2d4851a1d" relativeResultsDirectory="e6111edd-4d7a-4e85-95af-51df25e231f5" />
    <UnitTestResult executionId="7b0d9110-6a44-454e-a85c-ada24cb271b8" testId="e4f89588-adab-a46a-3c4d-9474517b9a72" testName="events_service.Domain.Tests.ValueObjects.EstadoEventoTests.PuedeTransicionarA_DePublicadoAEnCurso_RetornaTrue" computerName="NUCBOXG3" duration="00:00:00.0001290" startTime="2025-11-22T21:09:20.6225362-04:00" endTime="2025-11-22T21:09:20.6225362-04:00" testType="13cdc9d9-ddb5-4fa4-a97d-d965ccfc6d4b" outcome="Passed" testListId="8c84fa94-04c1-424b-9868-57a2d4851a1d" relativeResultsDirectory="7b0d9110-6a44-454e-a85c-ada24cb271b8" />
    <UnitTestResult executionId="a9f0f3fe-f06d-4e23-912d-e48140a96f8f" testId="cdd4a086-cbe0-3d49-4119-3a5c31342a50" testName="events_service.Domain.Tests.ValueObjects.PrecioEntradaTests.Constructor_ConPrecioConMasDeDosDecimales_RedondeaCorrectamente" computerName="NUCBOXG3" duration="00:00:00.0004525" startTime="2025-11-22T21:09:20.6264702-04:00" endTime="2025-11-22T21:09:20.6264702-04:00" testType="13cdc9d9-ddb5-4fa4-a97d-d965ccfc6d4b" outcome="Passed" testListId="8c84fa94-04c1-424b-9868-57a2d4851a1d" relativeResultsDirectory="a9f0f3fe-f06d-4e23-912d-e48140a96f8f" />
    <UnitTestResult executionId="52cd18f7-553a-4e49-95da-b885b3b84a7f" testId="e1489602-9ada-ebcf-1284-1d54c319481b" testName="events_service.Domain.Tests.ValueObjects.PrecioEntradaTests.EsGratis_ConPrecioPositivo_RetornaFalse" computerName="NUCBOXG3" duration="00:00:00.0002007" startTime="2025-11-22T21:09:20.6312211-04:00" endTime="2025-11-22T21:09:20.6312213-04:00" testType="13cdc9d9-ddb5-4fa4-a97d-d965ccfc6d4b" outcome="Passed" testListId="8c84fa94-04c1-424b-9868-57a2d4851a1d" relativeResultsDirectory="52cd18f7-553a-4e49-95da-b885b3b84a7f" />
    <UnitTestResult executionId="9fe2bba2-1ab3-4325-87f0-fdc680fb57db" testId="4e77769a-2103-56da-c061-5af2edec0c13" testName="events_service.Domain.Tests.ValueObjects.DuracionEventoTests.TotalMinutos_CalculaCorrectamente" computerName="NUCBOXG3" duration="00:00:00.0061092" startTime="2025-11-22T21:09:20.3711879-04:00" endTime="2025-11-22T21:09:20.3711881-04:00" testType="13cdc9d9-ddb5-4fa4-a97d-d965ccfc6d4b" outcome="Passed" testListId="8c84fa94-04c1-424b-9868-57a2d4851a1d" relativeResultsDirectory="9fe2bba2-1ab3-4325-87f0-fdc680fb57db" />
    <UnitTestResult executionId="7a0fbcb7-e609-4df1-a81f-38e87459fc9b" testId="50aa6442-a0fa-67a1-7a6a-1a52d267a007" testName="events_service.Domain.Tests.ValueObjects.EstadoEventoTests.PuedeTransicionarA_DeBorradorAPendientePago_RetornaTrue" computerName="NUCBOXG3" duration="00:00:00.0001943" startTime="2025-11-22T21:09:20.6202827-04:00" endTime="2025-11-22T21:09:20.6202827-04:00" testType="13cdc9d9-ddb5-4fa4-a97d-d965ccfc6d4b" outcome="Passed" testListId="8c84fa94-04c1-424b-9868-57a2d4851a1d" relativeResultsDirectory="7a0fbcb7-e609-4df1-a81f-38e87459fc9b" />
    <UnitTestResult executionId="7e67f4d7-0f24-4932-b750-ca36cd15aaa2" testId="8fa6f4f3-3e38-6be0-2a5e-ba1d1f9a5c15" testName="events_service.Domain.Tests.ValueObjects.EstadoEventoTests.Constructor_ConEstadosValidos_CreaInstancia(estado: &quot;PendientePago&quot;)" computerName="NUCBOXG3" duration="00:00:00.0000069" startTime="2025-11-22T21:09:20.6182685-04:00" endTime="2025-11-22T21:09:20.6182685-04:00" testType="13cdc9d9-ddb5-4fa4-a97d-d965ccfc6d4b" outcome="Passed" testListId="8c84fa94-04c1-424b-9868-57a2d4851a1d" relativeResultsDirectory="7e67f4d7-0f24-4932-b750-ca36cd15aaa2" />
  </Results>
  <TestDefinitions>
    <UnitTest name="events_service.Domain.Tests.ValueObjects.EstadoEventoTests.EsPendientePago_ConEstadoPendientePago_RetornaTrue" storage="d:\proyecto_ds_2025-02\eventmesh-lab\services\events-service\tests\events-service.domain.tests\bin\debug\net8.0\events-service.domain.tests.dll" id="5bcfe0db-1e28-ccc0-31e7-c07c7d26d329">
      <Execution id="72b0612e-c29f-4f1d-a9d0-009ab126c1e6" />
      <TestMethod codeBase="d:\Proyecto_DS_2025-02\eventmesh-lab\Services\events-service\tests\events-service.Domain.Tests\bin\Debug\net8.0\events-service.Domain.Tests.dll" adapterTypeName="executor://xunit/VsTestRunner2/netcoreapp" className="events_service.Domain.Tests.ValueObjects.EstadoEventoTests" name="EsPendientePago_ConEstadoPendientePago_RetornaTrue" />
    </UnitTest>
    <UnitTest name="events_service.Domain.Tests.ValueObjects.PrecioEntradaTests.Equals_ConPreciosDiferentes_RetornaFalse" storage="d:\proyecto_ds_2025-02\eventmesh-lab\services\events-service\tests\events-service.domain.tests\bin\debug\net8.0\events-service.domain.tests.dll" id="6df900e6-db97-b56c-0792-63792b43b1c8">
      <Execution id="a2c1b753-155c-48e7-8a95-795d294127ea" />
      <TestMethod codeBase="d:\Proyecto_DS_2025-02\eventmesh-lab\Services\events-service\tests\events-service.Domain.Tests\bin\Debug\net8.0\events-service.Domain.Tests.dll" adapterTypeName="executor://xunit/VsTestRunner2/netcoreapp" className="events_service.Domain.Tests.ValueObjects.PrecioEntradaTests" name="Equals_ConPreciosDiferentes_RetornaFalse" />
    </UnitTest>
    <UnitTest name="events_service.Domain.Tests.ValueObjects.DuracionEventoTests.Constructor_ConHorasCeroYMinutosPositivos_EsValido" storage="d:\proyecto_ds_2025-02\eventmesh-lab\services\events-service\tests\events-service.domain.tests\bin\debug\net8.0\events-service.domain.tests.dll" id="57a784cb-8dca-5393-6256-1709d1fcf887">
      <Execution id="aba3204d-eb0e-46ad-9fb7-e73663ce36ea" />
      <TestMethod codeBase="d:\Proyecto_DS_2025-02\eventmesh-lab\Services\events-service\tests\events-service.Domain.Tests\bin\Debug\net8.0\events-service.Domain.Tests.dll" adapterTypeName="executor://xunit/VsTestRunner2/netcoreapp" className="events_service.Domain.Tests.ValueObjects.DuracionEventoTests" name="Constructor_ConHorasCeroYMinutosPositivos_EsValido" />
    </UnitTest>
    <UnitTest name="events_service.Domain.Tests.ValueObjects.EstadoEventoTests.EsCancelado_ConEstadoCancelado_RetornaTrue" storage="d:\proyecto_ds_2025-02\eventmesh-lab\services\events-service\tests\events-service.domain.tests\bin\debug\net8.0\events-service.domain.tests.dll" id="a2778f15-03b1-ce0f-1cf6-6510a724a733">
      <Execution id="2018577c-bba4-414f-8d7d-737b3b46dc24" />
      <TestMethod codeBase="d:\Proyecto_DS_2025-02\eventmesh-lab\Services\events-service\tests\events-service.Domain.Tests\bin\Debug\net8.0\events-service.Domain.Tests.dll" adapterTypeName="executor://xunit/VsTestRunner2/netcoreapp" className="events_service.Domain.Tests.ValueObjects.EstadoEventoTests" name="EsCancelado_ConEstadoCancelado_RetornaTrue" />
    </UnitTest>
    <UnitTest name="events_service.Domain.Tests.ValueObjects.DuracionEventoTests.OperadorIgualdad_ConMismaDuracion_RetornaTrue" storage="d:\proyecto_ds_2025-02\eventmesh-lab\services\events-service\tests\events-service.domain.tests\bin\debug\net8.0\events-service.domain.tests.dll" id="9f7f05d9-0315-ed9b-f0d2-7cf81cd21078">
      <Execution id="673f848e-b5ee-4b24-abef-ff15c2c09faf" />
      <TestMethod codeBase="d:\Proyecto_DS_2025-02\eventmesh-lab\Services\events-service\tests\events-service.Domain.Tests\bin\Debug\net8.0\events-service.Domain.Tests.dll" adapterTypeName="executor://xunit/VsTestRunner2/netcoreapp" className="events_service.Domain.Tests.ValueObjects.DuracionEventoTests" name="OperadorIgualdad_ConMismaDuracion_RetornaTrue" />
    </UnitTest>
    <UnitTest name="events_service.Domain.Tests.ValueObjects.PrecioEntradaTests.EsGratis_ConPrecioCero_RetornaTrue" storage="d:\proyecto_ds_2025-02\eventmesh-lab\services\events-service\tests\events-service.domain.tests\bin\debug\net8.0\events-service.domain.tests.dll" id="f2f375f0-82de-1680-bc56-911543bd8848">
      <Execution id="4781ddcc-3e80-4c98-9e6b-c8ecc089fa03" />
      <TestMethod codeBase="d:\Proyecto_DS_2025-02\eventmesh-lab\Services\events-service\tests\events-service.Domain.Tests\bin\Debug\net8.0\events-service.Domain.Tests.dll" adapterTypeName="executor://xunit/VsTestRunner2/netcoreapp" className="events_service.Domain.Tests.ValueObjects.PrecioEntradaTests" name="EsGratis_ConPrecioCero_RetornaTrue" />
    </UnitTest>
    <UnitTest name="events_service.Domain.Tests.ValueObjects.EstadoEventoTests.PuedeTransicionarA_DePublicadoABorrador_RetornaFalse" storage="d:\proyecto_ds_2025-02\eventmesh-lab\services\events-service\tests\events-service.domain.tests\bin\debug\net8.0\events-service.domain.tests.dll" id="a3655a24-3cdb-0442-5da3-57c599f02c75">
      <Execution id="cd2e73f4-7a02-462d-b8da-d8e6d1230a0b" />
      <TestMethod codeBase="d:\Proyecto_DS_2025-02\eventmesh-lab\Services\events-service\tests\events-service.Domain.Tests\bin\Debug\net8.0\events-service.Domain.Tests.dll" adapterTypeName="executor://xunit/VsTestRunner2/netcoreapp" className="events_service.Domain.Tests.ValueObjects.EstadoEventoTests" name="PuedeTransicionarA_DePublicadoABorrador_RetornaFalse" />
    </UnitTest>
    <UnitTest name="events_service.Domain.Tests.Entities.SeccionTests.Constructor_ConNombreNulo_LanzaExcepcion" storage="d:\proyecto_ds_2025-02\eventmesh-lab\services\events-service\tests\events-service.domain.tests\bin\debug\net8.0\events-service.domain.tests.dll" id="597ef16c-02d4-9b77-d8d3-4cf06c7d2da5">
      <Execution id="be75e18f-bcb9-4b25-8524-6755341866e7" />
      <TestMethod codeBase="d:\Proyecto_DS_2025-02\eventmesh-lab\Services\events-service\tests\events-service.Domain.Tests\bin\Debug\net8.0\events-service.Domain.Tests.dll" adapterTypeName="executor://xunit/VsTestRunner2/netcoreapp" className="events_service.Domain.Tests.Entities.SeccionTests" name="Constructor_ConNombreNulo_LanzaExcepcion" />
    </UnitTest>
    <UnitTest name="events_service.Domain.Tests.Entities.SeccionTests.Constructor_ConCapacidadCero_LanzaExcepcion" storage="d:\proyecto_ds_2025-02\eventmesh-lab\services\events-service\tests\events-service.domain.tests\bin\debug\net8.0\events-service.domain.tests.dll" id="885fd1dc-ce66-aa4b-b344-9d5968e5cbdd">
      <Execution id="c6f04b2e-e2a2-4346-b5c5-62ef1314db21" />
      <TestMethod codeBase="d:\Proyecto_DS_2025-02\eventmesh-lab\Services\events-service\tests\events-service.Domain.Tests\bin\Debug\net8.0\events-service.Domain.Tests.dll" adapterTypeName="executor://xunit/VsTestRunner2/netcoreapp" className="events_service.Domain.Tests.Entities.SeccionTests" name="Constructor_ConCapacidadCero_LanzaExcepcion" />
    </UnitTest>
    <UnitTest name="events_service.Domain.Tests.ValueObjects.DuracionEventoTests.TotalMinutos_CalculaCorrectamente" storage="d:\proyecto_ds_2025-02\eventmesh-lab\services\events-service\tests\events-service.domain.tests\bin\debug\net8.0\events-service.domain.tests.dll" id="4e77769a-2103-56da-c061-5af2edec0c13">
      <Execution id="9fe2bba2-1ab3-4325-87f0-fdc680fb57db" />
      <TestMethod codeBase="d:\Proyecto_DS_2025-02\eventmesh-lab\Services\events-service\tests\events-service.Domain.Tests\bin\Debug\net8.0\events-service.Domain.Tests.dll" adapterTypeName="executor://xunit/VsTestRunner2/netcoreapp" className="events_service.Domain.Tests.ValueObjects.DuracionEventoTests" name="TotalMinutos_CalculaCorrectamente" />
    </UnitTest>
    <UnitTest name="events_service.Domain.Tests.Entities.EventoTests.Editar_FueraDeBorrador_LanzaExcepcion" storage="d:\proyecto_ds_2025-02\eventmesh-lab\services\events-service\tests\events-service.domain.tests\bin\debug\net8.0\events-service.domain.tests.dll" id="bd517e0e-a01c-a47c-5626-c3c8824167b6">
      <Execution id="e6111edd-4d7a-4e85-95af-51df25e231f5" />
      <TestMethod codeBase="d:\Proyecto_DS_2025-02\eventmesh-lab\Services\events-service\tests\events-service.Domain.Tests\bin\Debug\net8.0\events-service.Domain.Tests.dll" adapterTypeName="executor://xunit/VsTestRunner2/netcoreapp" className="events_service.Domain.Tests.Entities.EventoTests" name="Editar_FueraDeBorrador_LanzaExcepcion" />
    </UnitTest>
    <UnitTest name="events_service.Domain.Tests.Entities.EventoTests.Iniciar_ConFechaAlcanzada_CambiaAEnCurso" storage="d:\proyecto_ds_2025-02\eventmesh-lab\services\events-service\tests\events-service.domain.tests\bin\debug\net8.0\events-service.domain.tests.dll" id="f25f1587-4691-c900-8fa3-f891165d5e71">
      <Execution id="16f78359-1760-4811-b708-b3ca7a392cb8" />
      <TestMethod codeBase="d:\Proyecto_DS_2025-02\eventmesh-lab\Services\events-service\tests\events-service.Domain.Tests\bin\Debug\net8.0\events-service.Domain.Tests.dll" adapterTypeName="executor://xunit/VsTestRunner2/netcoreapp" className="events_service.Domain.Tests.Entities.EventoTests" name="Iniciar_ConFechaAlcanzada_CambiaAEnCurso" />
    </UnitTest>
    <UnitTest name="events_service.Domain.Tests.ValueObjects.EstadoEventoTests.GetHashCode_ConMismoEstado_RetornaMismoHash" storage="d:\proyecto_ds_2025-02\eventmesh-lab\services\events-service\tests\events-service.domain.tests\bin\debug\net8.0\events-service.domain.tests.dll" id="dccff0c3-8b3e-2b63-9b75-372823727905">
      <Execution id="2267e25e-a72c-4f7b-a23b-666821735513" />
      <TestMethod codeBase="d:\Proyecto_DS_2025-02\eventmesh-lab\Services\events-service\tests\events-service.Domain.Tests\bin\Debug\net8.0\events-service.Domain.Tests.dll" adapterTypeName="executor://xunit/VsTestRunner2/netcoreapp" className="events_service.Domain.Tests.ValueObjects.EstadoEventoTests" name="GetHashCode_ConMismoEstado_RetornaMismoHash" />
    </UnitTest>
    <UnitTest name="events_service.Domain.Tests.ValueObjects.EstadoEventoTests.PuedeTransicionarA_DeBorradorAPendientePago_RetornaTrue" storage="d:\proyecto_ds_2025-02\eventmesh-lab\services\events-service\tests\events-service.domain.tests\bin\debug\net8.0\events-service.domain.tests.dll" id="50aa6442-a0fa-67a1-7a6a-1a52d267a007">
      <Execution id="7a0fbcb7-e609-4df1-a81f-38e87459fc9b" />
      <TestMethod codeBase="d:\Proyecto_DS_2025-02\eventmesh-lab\Services\events-service\tests\events-service.Domain.Tests\bin\Debug\net8.0\events-service.Domain.Tests.dll" adapterTypeName="executor://xunit/VsTestRunner2/netcoreapp" className="events_service.Domain.Tests.ValueObjects.EstadoEventoTests" name="PuedeTransicionarA_DeBorradorAPendientePago_RetornaTrue" />
    </UnitTest>
    <UnitTest name="events_service.Domain.Tests.ValueObjects.DuracionEventoTests.Constructor_ConDuracionPositiva_CreaInstancia" storage="d:\proyecto_ds_2025-02\eventmesh-lab\services\events-service\tests\events-service.domain.tests\bin\debug\net8.0\events-service.domain.tests.dll" id="e96b22bc-8a79-11d6-493d-2335e63adace">
      <Execution id="6d4ca63d-0a1e-452e-a2eb-f98c18af4db7" />
      <TestMethod codeBase="d:\Proyecto_DS_2025-02\eventmesh-lab\Services\events-service\tests\events-service.Domain.Tests\bin\Debug\net8.0\events-service.Domain.Tests.dll" adapterTypeName="executor://xunit/VsTestRunner2/netcoreapp" className="events_service.Domain.Tests.ValueObjects.DuracionEventoTests" name="Constructor_ConDuracionPositiva_CreaInstancia" />
    </UnitTest>
    <UnitTest name="events_service.Domain.Tests.ValueObjects.EstadoEventoTests.PuedeTransicionarA_DePendientePagoAPublicado_RetornaTrue" storage="d:\proyecto_ds_2025-02\eventmesh-lab\services\events-service\tests\events-service.domain.tests\bin\debug\net8.0\events-service.domain.tests.dll" id="b56cffab-56dd-541a-3121-b3ac3217e784">
      <Execution id="94b60b84-ac64-472b-9843-a9feaa7b20e0" />
      <TestMethod codeBase="d:\Proyecto_DS_2025-02\eventmesh-lab\Services\events-service\tests\events-service.Domain.Tests\bin\Debug\net8.0\events-service.Domain.Tests.dll" adapterTypeName="executor://xunit/VsTestRunner2/netcoreapp" className="events_service.Domain.Tests.ValueObjects.EstadoEventoTests" name="PuedeTransicionarA_DePendientePagoAPublicado_RetornaTrue" />
    </UnitTest>
    <UnitTest name="events_service.Domain.Tests.ValueObjects.PrecioEntradaTests.Equals_ConMismoPrecio_RetornaTrue" storage="d:\proyecto_ds_2025-02\eventmesh-lab\services\events-service\tests\events-service.domain.tests\bin\debug\net8.0\events-service.domain.tests.dll" id="d7429412-85fd-8172-01e6-0bf12cacba74">
      <Execution id="ab78eabd-19e4-4ad9-a39c-f6a0492d256f" />
      <TestMethod codeBase="d:\Proyecto_DS_2025-02\eventmesh-lab\Services\events-service\tests\events-service.Domain.Tests\bin\Debug\net8.0\events-service.Domain.Tests.dll" adapterTypeName="executor://xunit/VsTestRunner2/netcoreapp" className="events_service.Domain.Tests.ValueObjects.PrecioEntradaTests" name="Equals_ConMismoPrecio_RetornaTrue" />
    </UnitTest>
    <UnitTest name="events_service.Domain.Tests.ValueObjects.EstadoEventoTests.OperadorDesigualdad_ConEstadosDiferentes_RetornaTrue" storage="d:\proyecto_ds_2025-02\eventmesh-lab\services\events-service\tests\events-service.domain.tests\bin\debug\net8.0\events-service.domain.tests.dll" id="3f7d230e-22c9-c967-f539-fc2b608760da">
      <Execution id="1abfa8ae-2ca0-4720-a865-000a7f734d8d" />
      <TestMethod codeBase="d:\Proyecto_DS_2025-02\eventmesh-lab\Services\events-service\tests\events-service.Domain.Tests\bin\Debug\net8.0\events-service.Domain.Tests.dll" adapterTypeName="executor://xunit/VsTestRunner2/netcoreapp" className="events_service.Domain.Tests.ValueObjects.EstadoEventoTests" name="OperadorDesigualdad_ConEstadosDiferentes_RetornaTrue" />
    </UnitTest>
    <UnitTest name="events_service.Domain.Tests.ValueObjects.EstadoEventoTests.Constructor_ConEstadoVacio_LanzaExcepcion" storage="d:\proyecto_ds_2025-02\eventmesh-lab\services\events-service\tests\events-service.domain.tests\bin\debug\net8.0\events-service.domain.tests.dll" id="8fca5217-17ee-6642-8800-09f402ea290f">
      <Execution id="0adeb9f8-c1d8-4315-86f2-660c91281878" />
      <TestMethod codeBase="d:\Proyecto_DS_2025-02\eventmesh-lab\Services\events-service\tests\events-service.Domain.Tests\bin\Debug\net8.0\events-service.Domain.Tests.dll" adapterTypeName="executor://xunit/VsTestRunner2/netcoreapp" className="events_service.Domain.Tests.ValueObjects.EstadoEventoTests" name="Constructor_ConEstadoVacio_LanzaExcepcion" />
    </UnitTest>
    <UnitTest name="events_service.Domain.Tests.ValueObjects.DuracionEventoTests.Constructor_ConHorasCeroYMinutosCero_LanzaExcepcion" storage="d:\proyecto_ds_2025-02\eventmesh-lab\services\events-service\tests\events-service.domain.tests\bin\debug\net8.0\events-service.domain.tests.dll" id="5fca504e-425e-880e-64f8-8189e123497a">
      <Execution id="8281cce6-d607-4d0a-b7e3-8ebcd976106d" />
      <TestMethod codeBase="d:\Proyecto_DS_2025-02\eventmesh-lab\Services\events-service\tests\events-service.Domain.Tests\bin\Debug\net8.0\events-service.Domain.Tests.dll" adapterTypeName="executor://xunit/VsTestRunner2/netcoreapp" className="events_service.Domain.Tests.ValueObjects.DuracionEventoTests" name="Constructor_ConHorasCeroYMinutosCero_LanzaExcepcion" />
    </UnitTest>
    <UnitTest name="events_service.Domain.Tests.ValueObjects.FechaEventoTests.HaComenzado_CuandoFechaMayorReferencia_RetornaFalse" storage="d:\proyecto_ds_2025-02\eventmesh-lab\services\events-service\tests\events-service.domain.tests\bin\debug\net8.0\events-service.domain.tests.dll" id="207e8806-0e5f-81df-e737-bb0708c05fb3">
      <Execution id="5e29e970-5be1-4acf-b95c-709a16a7af64" />
      <TestMethod codeBase="d:\Proyecto_DS_2025-02\eventmesh-lab\Services\events-service\tests\events-service.Domain.Tests\bin\Debug\net8.0\events-service.Domain.Tests.dll" adapterTypeName="executor://xunit/VsTestRunner2/netcoreapp" className="events_service.Domain.Tests.ValueObjects.FechaEventoTests" name="HaComenzado_CuandoFechaMayorReferencia_RetornaFalse" />
    </UnitTest>
    <UnitTest name="events_service.Domain.Tests.ValueObjects.PrecioEntradaTests.Constructor_ConPrecioPositivo_CreaInstancia" storage="d:\proyecto_ds_2025-02\eventmesh-lab\services\events-service\tests\events-service.domain.tests\bin\debug\net8.0\events-service.domain.tests.dll" id="3614c4b7-c721-2762-c14a-1ffcd9245683">
      <Execution id="7acf7357-c3c6-42db-bd6c-3f240225e30a" />
      <TestMethod codeBase="d:\Proyecto_DS_2025-02\eventmesh-lab\Services\events-service\tests\events-service.Domain.Tests\bin\Debug\net8.0\events-service.Domain.Tests.dll" adapterTypeName="executor://xunit/VsTestRunner2/netcoreapp" className="events_service.Domain.Tests.ValueObjects.PrecioEntradaTests" name="Constructor_ConPrecioPositivo_CreaInstancia" />
    </UnitTest>
    <UnitTest name="events_service.Domain.Tests.ValueObjects.PrecioEntradaTests.Constructor_ConPrecioMuyAlto_EsValido" storage="d:\proyecto_ds_2025-02\eventmesh-lab\services\events-service\tests\events-service.domain.tests\bin\debug\net8.0\events-service.domain.tests.dll" id="51c5ce84-bb28-82e3-a103-879d8d8dd7ca">
      <Execution id="069bdf30-01af-4176-9dfa-a3d3f4219b74" />
      <TestMethod codeBase="d:\Proyecto_DS_2025-02\eventmesh-lab\Services\events-service\tests\events-service.Domain.Tests\bin\Debug\net8.0\events-service.Domain.Tests.dll" adapterTypeName="executor://xunit/VsTestRunner2/netcoreapp" className="events_service.Domain.Tests.ValueObjects.PrecioEntradaTests" name="Constructor_ConPrecioMuyAlto_EsValido" />
    </UnitTest>
    <UnitTest name="events_service.Domain.Tests.Entities.EventoTests.Editar_EnBorrador_ActualizaDatosYGeneraEvento" storage="d:\proyecto_ds_2025-02\eventmesh-lab\services\events-service\tests\events-service.domain.tests\bin\debug\net8.0\events-service.domain.tests.dll" id="13416fe0-abea-6140-2102-19c7bac1c7ba">
      <Execution id="78f07126-deb2-435e-81be-032ac56d7b14" />
      <TestMethod codeBase="d:\Proyecto_DS_2025-02\eventmesh-lab\Services\events-service\tests\events-service.Domain.Tests\bin\Debug\net8.0\events-service.Domain.Tests.dll" adapterTypeName="executor://xunit/VsTestRunner2/netcoreapp" className="events_service.Domain.Tests.Entities.EventoTests" name="Editar_EnBorrador_ActualizaDatosYGeneraEvento" />
    </UnitTest>
    <UnitTest name="events_service.Domain.Tests.Entities.EventoTests.Crear_ConParametrosValidos_CreaEventoEnBorrador" storage="d:\proyecto_ds_2025-02\eventmesh-lab\services\events-service\tests\events-service.domain.tests\bin\debug\net8.0\events-service.domain.tests.dll" id="80d30a3e-03b0-48d4-f939-dd909e98b389">
      <Execution id="a4fa66cd-7366-4600-a6d5-647d79a9f45b" />
      <TestMethod codeBase="d:\Proyecto_DS_2025-02\eventmesh-lab\Services\events-service\tests\events-service.Domain.Tests\bin\Debug\net8.0\events-service.Domain.Tests.dll" adapterTypeName="executor://xunit/VsTestRunner2/netcoreapp" className="events_service.Domain.Tests.Entities.EventoTests" name="Crear_ConParametrosValidos_CreaEventoEnBorrador" />
    </UnitTest>
    <UnitTest name="events_service.Domain.Tests.ValueObjects.DuracionEventoTests.ComoTimeSpan_RegresaTimeSpanEquivalente" storage="d:\proyecto_ds_2025-02\eventmesh-lab\services\events-service\tests\events-service.domain.tests\bin\debug\net8.0\events-service.domain.tests.dll" id="69894a01-3c31-771e-5d52-fcaa11d951bb">
      <Execution id="f809876b-f765-4b3d-b66a-83a99e2be2f4" />
      <TestMethod codeBase="d:\Proyecto_DS_2025-02\eventmesh-lab\Services\events-service\tests\events-service.Domain.Tests\bin\Debug\net8.0\events-service.Domain.Tests.dll" adapterTypeName="executor://xunit/VsTestRunner2/netcoreapp" className="events_service.Domain.Tests.ValueObjects.DuracionEventoTests" name="ComoTimeSpan_RegresaTimeSpanEquivalente" />
    </UnitTest>
    <UnitTest name="events_service.Domain.Tests.ValueObjects.DuracionEventoTests.Constructor_ConDuracionDeVeinticuatroHoras_EsValido" storage="d:\proyecto_ds_2025-02\eventmesh-lab\services\events-service\tests\events-service.domain.tests\bin\debug\net8.0\events-service.domain.tests.dll" id="c5de6524-e4f9-ff90-43b1-5eca484e4af4">
      <Execution id="b6bf6a7d-84b1-4add-a316-c53e5425c432" />
      <TestMethod codeBase="d:\Proyecto_DS_2025-02\eventmesh-lab\Services\events-service\tests\events-service.Domain.Tests\bin\Debug\net8.0\events-service.Domain.Tests.dll" adapterTypeName="executor://xunit/VsTestRunner2/netcoreapp" className="events_service.Domain.Tests.ValueObjects.DuracionEventoTests" name="Constructor_ConDuracionDeVeinticuatroHoras_EsValido" />
    </UnitTest>
    <UnitTest name="events_service.Domain.Tests.ValueObjects.EstadoEventoTests.PuedeTransicionarA_DeFinalizadoAPublicado_RetornaFalse" storage="d:\proyecto_ds_2025-02\eventmesh-lab\services\events-service\tests\events-service.domain.tests\bin\debug\net8.0\events-service.domain.tests.dll" id="4951fb00-9f9b-25c4-4b4a-b3ea8f296464">
      <Execution id="4fc646d8-c952-4b0d-a6db-d3044808af3d" />
      <TestMethod codeBase="d:\Proyecto_DS_2025-02\eventmesh-lab\Services\events-service\tests\events-service.Domain.Tests\bin\Debug\net8.0\events-service.Domain.Tests.dll" adapterTypeName="executor://xunit/VsTestRunner2/netcoreapp" className="events_service.Domain.Tests.ValueObjects.EstadoEventoTests" name="PuedeTransicionarA_DeFinalizadoAPublicado_RetornaFalse" />
    </UnitTest>
    <UnitTest name="events_service.Domain.Tests.Entities.EventoTests.Cancelar_EnCurso_LanzaExcepcion" storage="d:\proyecto_ds_2025-02\eventmesh-lab\services\events-service\tests\events-service.domain.tests\bin\debug\net8.0\events-service.domain.tests.dll" id="4f7fbb62-af25-d27a-64d2-b134d214e7a8">
      <Execution id="28416ba1-fecf-4e95-8685-0e36ddbcefbd" />
      <TestMethod codeBase="d:\Proyecto_DS_2025-02\eventmesh-lab\Services\events-service\tests\events-service.Domain.Tests\bin\Debug\net8.0\events-service.Domain.Tests.dll" adapterTypeName="executor://xunit/VsTestRunner2/netcoreapp" className="events_service.Domain.Tests.Entities.EventoTests" name="Cancelar_EnCurso_LanzaExcepcion" />
    </UnitTest>
    <UnitTest name="events_service.Domain.Tests.ValueObjects.EstadoEventoTests.Equals_ConMismoEstado_RetornaTrue" storage="d:\proyecto_ds_2025-02\eventmesh-lab\services\events-service\tests\events-service.domain.tests\bin\debug\net8.0\events-service.domain.tests.dll" id="ff2265d5-f113-3566-b54d-be4cbaeafa21">
      <Execution id="c95fb5ca-ddc0-42e8-9ca9-1ce6ea9718cd" />
      <TestMethod codeBase="d:\Proyecto_DS_2025-02\eventmesh-lab\Services\events-service\tests\events-service.Domain.Tests\bin\Debug\net8.0\events-service.Domain.Tests.dll" adapterTypeName="executor://xunit/VsTestRunner2/netcoreapp" className="events_service.Domain.Tests.ValueObjects.EstadoEventoTests" name="Equals_ConMismoEstado_RetornaTrue" />
    </UnitTest>
    <UnitTest name="events_service.Domain.Tests.ValueObjects.DuracionEventoTests.Constructor_ConHorasNegativas_LanzaExcepcion" storage="d:\proyecto_ds_2025-02\eventmesh-lab\services\events-service\tests\events-service.domain.tests\bin\debug\net8.0\events-service.domain.tests.dll" id="58c09ef3-f07f-ebc7-6b4a-fd5717711317">
      <Execution id="d3358d58-0b87-4534-8a68-5e9c8de0572a" />
      <TestMethod codeBase="d:\Proyecto_DS_2025-02\eventmesh-lab\Services\events-service\tests\events-service.Domain.Tests\bin\Debug\net8.0\events-service.Domain.Tests.dll" adapterTypeName="executor://xunit/VsTestRunner2/netcoreapp" className="events_service.Domain.Tests.ValueObjects.DuracionEventoTests" name="Constructor_ConHorasNegativas_LanzaExcepcion" />
    </UnitTest>
    <UnitTest name="events_service.Domain.Tests.Entities.SeccionTests.Equals_ConMismoId_RetornaTrue" storage="d:\proyecto_ds_2025-02\eventmesh-lab\services\events-service\tests\events-service.domain.tests\bin\debug\net8.0\events-service.domain.tests.dll" id="beb767a9-c796-1b0d-e812-88791439b268">
      <Execution id="95c6b32a-f038-48e5-9bb8-30ebd6f4904c" />
      <TestMethod codeBase="d:\Proyecto_DS_2025-02\eventmesh-lab\Services\events-service\tests\events-service.Domain.Tests\bin\Debug\net8.0\events-service.Domain.Tests.dll" adapterTypeName="executor://xunit/VsTestRunner2/netcoreapp" className="events_service.Domain.Tests.Entities.SeccionTests" name="Equals_ConMismoId_RetornaTrue" />
    </UnitTest>
    <UnitTest name="events_service.Domain.Tests.ValueObjects.DuracionEventoTests.Constructor_ConMinutosMayorA59_LanzaExcepcion" storage="d:\proyecto_ds_2025-02\eventmesh-lab\services\events-service\tests\events-service.domain.tests\bin\debug\net8.0\events-service.domain.tests.dll" id="505636a7-5e3a-a34e-0967-f0385bbfb97a">
      <Execution id="7cdee54d-24f9-4d7d-b711-4ade60185409" />
      <TestMethod codeBase="d:\Proyecto_DS_2025-02\eventmesh-lab\Services\events-service\tests\events-service.Domain.Tests\bin\Debug\net8.0\events-service.Domain.Tests.dll" adapterTypeName="executor://xunit/VsTestRunner2/netcoreapp" className="events_service.Domain.Tests.ValueObjects.DuracionEventoTests" name="Constructor_ConMinutosMayorA59_LanzaExcepcion" />
    </UnitTest>
    <UnitTest name="events_service.Domain.Tests.ValueObjects.PrecioEntradaTests.ToString_FormateaCorrectamente" storage="d:\proyecto_ds_2025-02\eventmesh-lab\services\events-service\tests\events-service.domain.tests\bin\debug\net8.0\events-service.domain.tests.dll" id="f66e2f63-f022-5ca2-8aa0-5f365e9a4982">
      <Execution id="d3d0d72a-e2c4-40e1-a15f-d58b25c98282" />
      <TestMethod codeBase="d:\Proyecto_DS_2025-02\eventmesh-lab\Services\events-service\tests\events-service.Domain.Tests\bin\Debug\net8.0\events-service.Domain.Tests.dll" adapterTypeName="executor://xunit/VsTestRunner2/netcoreapp" className="events_service.Domain.Tests.ValueObjects.PrecioEntradaTests" name="ToString_FormateaCorrectamente" />
    </UnitTest>
    <UnitTest name="events_service.Domain.Tests.ValueObjects.EstadoEventoTests.EsPublicado_ConEstadoPublicado_RetornaTrue" storage="d:\proyecto_ds_2025-02\eventmesh-lab\services\events-service\tests\events-service.domain.tests\bin\debug\net8.0\events-service.domain.tests.dll" id="73fc084d-8155-c8d9-605b-5d4546981e29">
      <Execution id="d6a1df8f-df8b-46c1-b99c-96e9b632cc2a" />
      <TestMethod codeBase="d:\Proyecto_DS_2025-02\eventmesh-lab\Services\events-service\tests\events-service.Domain.Tests\bin\Debug\net8.0\events-service.Domain.Tests.dll" adapterTypeName="executor://xunit/VsTestRunner2/netcoreapp" className="events_service.Domain.Tests.ValueObjects.EstadoEventoTests" name="EsPublicado_ConEstadoPublicado_RetornaTrue" />
    </UnitTest>
    <UnitTest name="events_service.Domain.Tests.ValueObjects.EstadoEventoTests.EsBorrador_ConEstadoBorrador_RetornaTrue" storage="d:\proyecto_ds_2025-02\eventmesh-lab\services\events-service\tests\events-service.domain.tests\bin\debug\net8.0\events-service.domain.tests.dll" id="26b1fc97-6bc5-77a4-160b-2bd53eab267e">
      <Execution id="dd5ab314-6d66-48d7-9ad6-66142995a87e" />
      <TestMethod codeBase="d:\Proyecto_DS_2025-02\eventmesh-lab\Services\events-service\tests\events-service.Domain.Tests\bin\Debug\net8.0\events-service.Domain.Tests.dll" adapterTypeName="executor://xunit/VsTestRunner2/netcoreapp" className="events_service.Domain.Tests.ValueObjects.EstadoEventoTests" name="EsBorrador_ConEstadoBorrador_RetornaTrue" />
    </UnitTest>
    <UnitTest name="events_service.Domain.Tests.ValueObjects.EstadoEventoTests.PuedeTransicionarA_DePublicadoAEnCurso_RetornaTrue" storage="d:\proyecto_ds_2025-02\eventmesh-lab\services\events-service\tests\events-service.domain.tests\bin\debug\net8.0\events-service.domain.tests.dll" id="e4f89588-adab-a46a-3c4d-9474517b9a72">
      <Execution id="7b0d9110-6a44-454e-a85c-ada24cb271b8" />
      <TestMethod codeBase="d:\Proyecto_DS_2025-02\eventmesh-lab\Services\events-service\tests\events-service.Domain.Tests\bin\Debug\net8.0\events-service.Domain.Tests.dll" adapterTypeName="executor://xunit/VsTestRunner2/netcoreapp" className="events_service.Domain.Tests.ValueObjects.EstadoEventoTests" name="PuedeTransicionarA_DePublicadoAEnCurso_RetornaTrue" />
    </UnitTest>
    <UnitTest name="events_service.Domain.Tests.ValueObjects.EstadoEventoTests.Constructor_ConEstadosValidos_CreaInstancia(estado: &quot;Cancelado&quot;)" storage="d:\proyecto_ds_2025-02\eventmesh-lab\services\events-service\tests\events-service.domain.tests\bin\debug\net8.0\events-service.domain.tests.dll" id="0f721d12-61db-8348-07d7-28a26c0ed728">
      <Execution id="7a1ab873-2ddf-4a0e-81b9-145f5eb017d8" />
      <TestMethod codeBase="d:\Proyecto_DS_2025-02\eventmesh-lab\Services\events-service\tests\events-service.Domain.Tests\bin\Debug\net8.0\events-service.Domain.Tests.dll" adapterTypeName="executor://xunit/VsTestRunner2/netcoreapp" className="events_service.Domain.Tests.ValueObjects.EstadoEventoTests" name="Constructor_ConEstadosValidos_CreaInstancia" />
    </UnitTest>
    <UnitTest name="events_service.Domain.Tests.Entities.EventoTests.Cancelar_DesdePublicado_CambiaACanceladoYEmiteEvento" storage="d:\proyecto_ds_2025-02\eventmesh-lab\services\events-service\tests\events-service.domain.tests\bin\debug\net8.0\events-service.domain.tests.dll" id="61a38bdc-1859-d572-9bd0-8eca0d31a00b">
      <Execution id="a5cd7911-0ae1-4e59-97f5-42b9b46063c1" />
      <TestMethod codeBase="d:\Proyecto_DS_2025-02\eventmesh-lab\Services\events-service\tests\events-service.Domain.Tests\bin\Debug\net8.0\events-service.Domain.Tests.dll" adapterTypeName="executor://xunit/VsTestRunner2/netcoreapp" className="events_service.Domain.Tests.Entities.EventoTests" name="Cancelar_DesdePublicado_CambiaACanceladoYEmiteEvento" />
    </UnitTest>
    <UnitTest name="events_service.Domain.Tests.Entities.EventoTests.PagarPublicacion_ConMontoIncorrecto_LanzaExcepcion" storage="d:\proyecto_ds_2025-02\eventmesh-lab\services\events-service\tests\events-service.domain.tests\bin\debug\net8.0\events-service.domain.tests.dll" id="6444c422-a54c-a630-c89a-b657a2732e73">
      <Execution id="c9e8a3bc-6f1b-4c73-bbc3-0785fd6c5717" />
      <TestMethod codeBase="d:\Proyecto_DS_2025-02\eventmesh-lab\Services\events-service\tests\events-service.Domain.Tests\bin\Debug\net8.0\events-service.Domain.Tests.dll" adapterTypeName="executor://xunit/VsTestRunner2/netcoreapp" className="events_service.Domain.Tests.Entities.EventoTests" name="PagarPublicacion_ConMontoIncorrecto_LanzaExcepcion" />
    </UnitTest>
    <UnitTest name="events_service.Domain.Tests.ValueObjects.EstadoEventoTests.Constructor_ConEstadosValidos_CreaInstancia(estado: &quot;PendientePago&quot;)" storage="d:\proyecto_ds_2025-02\eventmesh-lab\services\events-service\tests\events-service.domain.tests\bin\debug\net8.0\events-service.domain.tests.dll" id="8fa6f4f3-3e38-6be0-2a5e-ba1d1f9a5c15">
      <Execution id="7e67f4d7-0f24-4932-b750-ca36cd15aaa2" />
      <TestMethod codeBase="d:\Proyecto_DS_2025-02\eventmesh-lab\Services\events-service\tests\events-service.Domain.Tests\bin\Debug\net8.0\events-service.Domain.Tests.dll" adapterTypeName="executor://xunit/VsTestRunner2/netcoreapp" className="events_service.Domain.Tests.ValueObjects.EstadoEventoTests" name="Constructor_ConEstadosValidos_CreaInstancia" />
    </UnitTest>
    <UnitTest name="events_service.Domain.Tests.ValueObjects.EstadoEventoTests.OperadorIgualdad_ConMismoEstado_RetornaTrue" storage="d:\proyecto_ds_2025-02\eventmesh-lab\services\events-service\tests\events-service.domain.tests\bin\debug\net8.0\events-service.domain.tests.dll" id="10d6b0ed-9b4a-e2e0-1edd-d6a62256b73e">
      <Execution id="f0988b88-1007-4349-b65d-1821212c22a3" />
      <TestMethod codeBase="d:\Proyecto_DS_2025-02\eventmesh-lab\Services\events-service\tests\events-service.Domain.Tests\bin\Debug\net8.0\events-service.Domain.Tests.dll" adapterTypeName="executor://xunit/VsTestRunner2/netcoreapp" className="events_service.Domain.Tests.ValueObjects.EstadoEventoTests" name="OperadorIgualdad_ConMismoEstado_RetornaTrue" />
    </UnitTest>
    <UnitTest name="events_service.Domain.Tests.ValueObjects.EstadoEventoTests.Constructor_ConEstadoInvalido_LanzaExcepcion" storage="d:\proyecto_ds_2025-02\eventmesh-lab\services\events-service\tests\events-service.domain.tests\bin\debug\net8.0\events-service.domain.tests.dll" id="cc3a08cc-7002-3134-f89a-93fa37cf39ee">
      <Execution id="fbc9e87d-d74c-4524-8212-e1349d138c95" />
      <TestMethod codeBase="d:\Proyecto_DS_2025-02\eventmesh-lab\Services\events-service\tests\events-service.Domain.Tests\bin\Debug\net8.0\events-service.Domain.Tests.dll" adapterTypeName="executor://xunit/VsTestRunner2/netcoreapp" className="events_service.Domain.Tests.ValueObjects.EstadoEventoTests" name="Constructor_ConEstadoInvalido_LanzaExcepcion" />
    </UnitTest>
    <UnitTest name="events_service.Domain.Tests.Entities.EventoTests.Crear_SinSecciones_LanzaExcepcion" storage="d:\proyecto_ds_2025-02\eventmesh-lab\services\events-service\tests\events-service.domain.tests\bin\debug\net8.0\events-service.domain.tests.dll" id="cd3c6094-8071-38cc-23c7-1314e14141e9">
      <Execution id="3b9967df-3415-4061-ba8d-7c41dfa25cdf" />
      <TestMethod codeBase="d:\Proyecto_DS_2025-02\eventmesh-lab\Services\events-service\tests\events-service.Domain.Tests\bin\Debug\net8.0\events-service.Domain.Tests.dll" adapterTypeName="executor://xunit/VsTestRunner2/netcoreapp" className="events_service.Domain.Tests.Entities.EventoTests" name="Crear_SinSecciones_LanzaExcepcion" />
    </UnitTest>
[...]
      <Execution id="52cd18f7-553a-4e49-95da-b885b3b84a7f" />
      <TestMethod codeBase="d:\Proyecto_DS_2025-02\eventmesh-lab\Services\events-service\tests\events-service.Domain.Tests\bin\Debug\net8.0\events-service.Domain.Tests.dll" adapterTypeName="executor://xunit/VsTestRunner2/netcoreapp" className="events_service.Domain.Tests.ValueObjects.PrecioEntradaTests" name="EsGratis_ConPrecioPositivo_RetornaFalse" />
    </UnitTest>
    <UnitTest name="events_service.Domain.Tests.ValueObjects.EstadoEventoTests.Constructor_ConEstadosValidos_CreaInstancia(estado: &quot;Borrador&quot;)" storage="d:\proyecto_ds_2025-02\eventmesh-lab\services\events-service\tests\events-service.domain.tests\bin\debug\net8.0\events-service.domain.tests.dll" id="3cda88cf-4086-4513-23d0-5984edd5a888">
      <Execution id="8c76a1bc-26a4-4d58-945c-9a91cbbf3438" />
      <TestMethod codeBase="d:\Proyecto_DS_2025-02\eventmesh-lab\Services\events-service\tests\events-service.Domain.Tests\bin\Debug\net8.0\events-service.Domain.Tests.dll" adapterTypeName="executor://xunit/VsTestRunner2/netcoreapp" className="events_service.Domain.Tests.ValueObjects.EstadoEventoTests" name="Constructor_ConEstadosValidos_CreaInstancia" />
    </UnitTest>
    <UnitTest name="events_service.Domain.Tests.ValueObjects.DuracionEventoTests.GetHashCode_ConMismaDuracion_RetornaMismoHash" storage="d:\proyecto_ds_2025-02\eventmesh-lab\services\events-service\tests\events-service.domain.tests\bin\debug\net8.0\events-service.domain.tests.dll" id="3bee96e1-f520-986f-3129-02443c99197e">
      <Execution id="02b182d5-3250-4069-a242-766481b292fa" />
      <TestMethod codeBase="d:\Proyecto_DS_2025-02\eventmesh-lab\Services\events-service\tests\events-service.Domain.Tests\bin\Debug\net8.0\events-service.Domain.Tests.dll" adapterTypeName="executor://xunit/VsTestRunner2/netcoreapp" className="events_service.Domain.Tests.ValueObjects.DuracionEventoTests" name="GetHashCode_ConMismaDuracion_RetornaMismoHash" />
    </UnitTest>
    <UnitTest name="events_service.Domain.Tests.ValueObjects.EstadoEventoTests.Constructor_ConEstadosValidos_CreaInstancia(estado: &quot;Finalizado&quot;)" storage="d:\proyecto_ds_2025-02\eventmesh-lab\services\events-service\tests\events-service.domain.tests\bin\debug\net8.0\events-service.domain.tests.dll" id="efcdb10c-5496-9fed-1d9e-12c1fd5325eb">
      <Execution id="63d49b9b-b474-4b55-8294-0203e05f9b01" />
      <TestMethod codeBase="d:\Proyecto_DS_2025-02\eventmesh-lab\Services\events-service\tests\events-service.Domain.Tests\bin\Debug\net8.0\events-service.Domain.Tests.dll" adapterTypeName="executor://xunit/VsTestRunner2/netcoreapp" className="events_service.Domain.Tests.ValueObjects.EstadoEventoTests" name="Constructor_ConEstadosValidos_CreaInstancia" />
    </UnitTest>
    <UnitTest name="events_service.Domain.Tests.Entities.SeccionTests.Constructor_ConParametrosValidos_CreaInstancia" storage="d:\proyecto_ds_2025-02\eventmesh-lab\services\events-service\tests\events-service.domain.tests\bin\debug\net8.0\events-service.domain.tests.dll" id="e1da66f5-b473-f0f8-2fd6-32b71c1dfde3">
      <Execution id="2bbe05fa-8ce7-4a31-ab1b-7026908120f0" />
      <TestMethod codeBase="d:\Proyecto_DS_2025-02\eventmesh-lab\Services\events-service\tests\events-service.Domain.Tests\bin\Debug\net8.0\events-service.Domain.Tests.dll" adapterTypeName="executor://xunit/VsTestRunner2/netcoreapp" className="events_service.Domain.Tests.Entities.SeccionTests" name="Constructor_ConParametrosValidos_CreaInstancia" />
    </UnitTest>
    <UnitTest name="events_service.Domain.Tests.ValueObjects.PrecioEntradaTests.OperadorIgualdad_ConMismoPrecio_RetornaTrue" storage="d:\proyecto_ds_2025-02\eventmesh-lab\services\events-service\tests\events-service.domain.tests\bin\debug\net8.0\events-service.domain.tests.dll" id="6cc062cc-6cbd-2ba5-b89c-8bf2533146c1">
      <Execution id="9abfbb18-66f1-4f89-8368-264b95d50fe4" />
      <TestMethod codeBase="d:\Proyecto_DS_2025-02\eventmesh-lab\Services\events-service\tests\events-service.Domain.Tests\bin\Debug\net8.0\events-service.Domain.Tests.dll" adapterTypeName="executor://xunit/VsTestRunner2/netcoreapp" className="events_service.Domain.Tests.ValueObjects.PrecioEntradaTests" name="OperadorIgualdad_ConMismoPrecio_RetornaTrue" />
    </UnitTest>
    <UnitTest name="events_service.Domain.Tests.ValueObjects.PrecioEntradaTests.GetHashCode_ConMismoPrecio_RetornaMismoHash" storage="d:\proyecto_ds_2025-02\eventmesh-lab\services\events-service\tests\events-service.domain.tests\bin\debug\net8.0\events-service.domain.tests.dll" id="4eceeb95-b8da-b3de-f17d-f682340ac5a9">
      <Execution id="028a1aab-4416-47fc-9802-72aa4c8f463a" />
      <TestMethod codeBase="d:\Proyecto_DS_2025-02\eventmesh-lab\Services\events-service\tests\events-service.Domain.Tests\bin\Debug\net8.0\events-service.Domain.Tests.dll" adapterTypeName="executor://xunit/VsTestRunner2/netcoreapp" className="events_service.Domain.Tests.ValueObjects.PrecioEntradaTests" name="GetHashCode_ConMismoPrecio_RetornaMismoHash" />
    </UnitTest>
  </TestDefinitions>
  <TestEntries>
    <TestEntry testId="4ec0bff7-9bed-2883-b4f7-b926ac171884" executionId="716dfd91-1226-490a-ab76-6981074ac4ee" testListId="8c84fa94-04c1-424b-9868-57a2d4851a1d" />
    <TestEntry testId="6444c422-a54c-a630-c89a-b657a2732e73" executionId="c9e8a3bc-6f1b-4c73-bbc3-0785fd6c5717" testListId="8c84fa94-04c1-424b-9868-57a2d4851a1d" />
    <TestEntry testId="a3655a24-3cdb-0442-5da3-57c599f02c75" executionId="cd2e73f4-7a02-462d-b8da-d8e6d1230a0b" testListId="8c84fa94-04c1-424b-9868-57a2d4851a1d" />
    <TestEntry testId="207e8806-0e5f-81df-e737-bb0708c05fb3" executionId="5e29e970-5be1-4acf-b95c-709a16a7af64" testListId="8c84fa94-04c1-424b-9868-57a2d4851a1d" />
    <TestEntry testId="cc3a08cc-7002-3134-f89a-93fa37cf39ee" executionId="fbc9e87d-d74c-4524-8212-e1349d138c95" testListId="8c84fa94-04c1-424b-9868-57a2d4851a1d" />
    <TestEntry testId="32afac9d-5bdb-e07a-1a16-e3898041af28" executionId="818533ae-66ff-45c4-b2ec-6cba4b7f7af0" testListId="8c84fa94-04c1-424b-9868-57a2d4851a1d" />
    <TestEntry testId="a2778f15-03b1-ce0f-1cf6-6510a724a733" executionId="2018577c-bba4-414f-8d7d-737b3b46dc24" testListId="8c84fa94-04c1-424b-9868-57a2d4851a1d" />
    <TestEntry testId="885fd1dc-ce66-aa4b-b344-9d5968e5cbdd" executionId="c6f04b2e-e2a2-4346-b5c5-62ef1314db21" testListId="8c84fa94-04c1-424b-9868-57a2d4851a1d" />
    <TestEntry testId="f25f1587-4691-c900-8fa3-f891165d5e71" executionId="16f78359-1760-4811-b708-b3ca7a392cb8" testListId="8c84fa94-04c1-424b-9868-57a2d4851a1d" />
    <TestEntry testId="6df900e6-db97-b56c-0792-63792b43b1c8" executionId="a2c1b753-155c-48e7-8a95-795d294127ea" testListId="8c84fa94-04c1-424b-9868-57a2d4851a1d" />
    <TestEntry testId="4951fb00-9f9b-25c4-4b4a-b3ea8f296464" executionId="4fc646d8-c952-4b0d-a6db-d3044808af3d" testListId="8c84fa94-04c1-424b-9868-57a2d4851a1d" />
    <TestEntry testId="a4c48fd1-69d7-d9f6-19cf-7be0f3319b89" executionId="827b0e03-5f39-447f-a1f6-780761c46728" testListId="8c84fa94-04c1-424b-9868-57a2d4851a1d" />
    <TestEntry testId="7cf3f98d-1bbb-1555-0c1a-4daed6516719" executionId="55c6f967-d03e-429a-92e6-8c6d9b875ac5" testListId="8c84fa94-04c1-424b-9868-57a2d4851a1d" />
    <TestEntry testId="f938522d-3f54-596d-6ca4-02dc17f9828f" executionId="de9cd91f-c0ab-4313-9238-badf59d883d8" testListId="8c84fa94-04c1-424b-9868-57a2d4851a1d" />
    <TestEntry testId="729b603d-4e98-abb0-eb3b-2dd31a509456" executionId="80f52acd-14f2-4433-9d76-4c8f132a008d" testListId="8c84fa94-04c1-424b-9868-57a2d4851a1d" />
    <TestEntry testId="13416fe0-abea-6140-2102-19c7bac1c7ba" executionId="78f07126-deb2-435e-81be-032ac56d7b14" testListId="8c84fa94-04c1-424b-9868-57a2d4851a1d" />
    <TestEntry testId="0f721d12-61db-8348-07d7-28a26c0ed728" executionId="7a1ab873-2ddf-4a0e-81b9-145f5eb017d8" testListId="8c84fa94-04c1-424b-9868-57a2d4851a1d" />
    <TestEntry testId="832a4622-d1b5-00e1-7659-289ebe5e883c" executionId="5b06487b-2337-4bbd-856c-55008c0976d1" testListId="8c84fa94-04c1-424b-9868-57a2d4851a1d" />
    <TestEntry testId="aaf156a5-e9d3-3838-0bd1-fabec18724b9" executionId="f22e1309-92e2-4c6a-8ece-2faa0b2e42fd" testListId="8c84fa94-04c1-424b-9868-57a2d4851a1d" />
    <TestEntry testId="73fc084d-8155-c8d9-605b-5d4546981e29" executionId="d6a1df8f-df8b-46c1-b99c-96e9b632cc2a" testListId="8c84fa94-04c1-424b-9868-57a2d4851a1d" />
    <TestEntry testId="e3a09e50-4ffa-0113-2d26-723c3dbc03c7" executionId="19b5452b-a585-4a7b-aa6b-a61afe15f9d0" testListId="8c84fa94-04c1-424b-9868-57a2d4851a1d" />
    <TestEntry testId="7a9d7e30-8322-13a9-84e6-28bd9eb40db1" executionId="eae4bac1-758b-448a-acfd-2d8c59292121" testListId="8c84fa94-04c1-424b-9868-57a2d4851a1d" />
    <TestEntry testId="5bcfe0db-1e28-ccc0-31e7-c07c7d26d329" executionId="72b0612e-c29f-4f1d-a9d0-009ab126c1e6" testListId="8c84fa94-04c1-424b-9868-57a2d4851a1d" />
    <TestEntry testId="0fc26415-4b99-4f6a-fe6d-85eeb42131a2" executionId="5b6d0bfe-c33a-4f6d-8d4d-0172bdeb700e" testListId="8c84fa94-04c1-424b-9868-57a2d4851a1d" />
    <TestEntry testId="dccff0c3-8b3e-2b63-9b75-372823727905" executionId="2267e25e-a72c-4f7b-a23b-666821735513" testListId="8c84fa94-04c1-424b-9868-57a2d4851a1d" />
    <TestEntry testId="6d8168ea-d25d-436b-c4ab-922bc51ed3c4" executionId="a6054526-67dc-4364-964e-fc5d679954c9" testListId="8c84fa94-04c1-424b-9868-57a2d4851a1d" />
    <TestEntry testId="b56cffab-56dd-541a-3121-b3ac3217e784" executionId="94b60b84-ac64-472b-9843-a9feaa7b20e0" testListId="8c84fa94-04c1-424b-9868-57a2d4851a1d" />
    <TestEntry testId="8ae259eb-6319-5cd2-75be-7b994adf1bd9" executionId="6e14e872-e5fa-46ca-96a8-db65fbdb56ff" testListId="8c84fa94-04c1-424b-9868-57a2d4851a1d" />
    <TestEntry testId="9f7f05d9-0315-ed9b-f0d2-7cf81cd21078" executionId="673f848e-b5ee-4b24-abef-ff15c2c09faf" testListId="8c84fa94-04c1-424b-9868-57a2d4851a1d" />
    <TestEntry testId="d12b7db4-82c2-eeea-ee20-2552ff6174d9" executionId="e1e21406-0342-4d32-8a25-6aeec18ac5b4" testListId="8c84fa94-04c1-424b-9868-57a2d4851a1d" />
    <TestEntry testId="7a7d68ba-1903-5a70-cbdf-bff60e149db3" executionId="2b02c4df-7c2b-4aa7-8311-714035890425" testListId="8c84fa94-04c1-424b-9868-57a2d4851a1d" />
    <TestEntry testId="7ef8f154-2430-7345-bb29-d21f638d6765" executionId="f120c04d-f47d-4b40-9e37-fe3d05dd6bce" testListId="8c84fa94-04c1-424b-9868-57a2d4851a1d" />
    <TestEntry testId="efcdb10c-5496-9fed-1d9e-12c1fd5325eb" executionId="63d49b9b-b474-4b55-8294-0203e05f9b01" testListId="8c84fa94-04c1-424b-9868-57a2d4851a1d" />
    <TestEntry testId="3bee96e1-f520-986f-3129-02443c99197e" executionId="02b182d5-3250-4069-a242-766481b292fa" testListId="8c84fa94-04c1-424b-9868-57a2d4851a1d" />
    <TestEntry testId="4eceeb95-b8da-b3de-f17d-f682340ac5a9" executionId="028a1aab-4416-47fc-9802-72aa4c8f463a" testListId="8c84fa94-04c1-424b-9868-57a2d4851a1d" />
    <TestEntry testId="4e9d4bf7-a51c-9464-2a21-d5a982f451b4" executionId="0a75134a-b5c9-4787-ad7a-b5cf0357c0b1" testListId="8c84fa94-04c1-424b-9868-57a2d4851a1d" />
    <TestEntry testId="4ba6943c-825c-0fe4-8fd2-2269e7cc63a2" executionId="93685990-ef91-431f-9dce-1001a3a4472c" testListId="8c84fa94-04c1-424b-9868-57a2d4851a1d" />
    <TestEntry testId="3cda88cf-4086-4513-23d0-5984edd5a888" executionId="8c76a1bc-26a4-4d58-945c-9a91cbbf3438" testListId="8c84fa94-04c1-424b-9868-57a2d4851a1d" />
    <TestEntry testId="80d30a3e-03b0-48d4-f939-dd909e98b389" executionId="a4fa66cd-7366-4600-a6d5-647d79a9f45b" testListId="8c84fa94-04c1-424b-9868-57a2d4851a1d" />
    <TestEntry testId="3c680167-f244-0d04-b690-d21aee6450b0" executionId="e905b59c-0e7b-45d0-9c86-75f7daf9c3d5" testListId="8c84fa94-04c1-424b-9868-57a2d4851a1d" />
    <TestEntry testId="3614c4b7-c721-2762-c14a-1ffcd9245683" executionId="7acf7357-c3c6-42db-bd6c-3f240225e30a" testListId="8c84fa94-04c1-424b-9868-57a2d4851a1d" />
    <TestEntry testId="d7429412-85fd-8172-01e6-0bf12cacba74" executionId="ab78eabd-19e4-4ad9-a39c-f6a0492d256f" testListId="8c84fa94-04c1-424b-9868-57a2d4851a1d" />
    <TestEntry testId="61a38bdc-1859-d572-9bd0-8eca0d31a00b" executionId="a5cd7911-0ae1-4e59-97f5-42b9b46063c1" testListId="8c84fa94-04c1-424b-9868-57a2d4851a1d" />
    <TestEntry testId="8fca5217-17ee-6642-8800-09f402ea290f" executionId="0adeb9f8-c1d8-4315-86f2-660c91281878" testListId="8c84fa94-04c1-424b-9868-57a2d4851a1d" />
    <TestEntry testId="ff2265d5-f113-3566-b54d-be4cbaeafa21" executionId="c95fb5ca-ddc0-42e8-9ca9-1ce6ea9718cd" testListId="8c84fa94-04c1-424b-9868-57a2d4851a1d" />
    <TestEntry testId="5fca504e-425e-880e-64f8-8189e123497a" executionId="8281cce6-d607-4d0a-b7e3-8ebcd976106d" testListId="8c84fa94-04c1-424b-9868-57a2d4851a1d" />
    <TestEntry testId="4f7fbb62-af25-d27a-64d2-b134d214e7a8" executionId="28416ba1-fecf-4e95-8685-0e36ddbcefbd" testListId="8c84fa94-04c1-424b-9868-57a2d4851a1d" />
    <TestEntry testId="505636a7-5e3a-a34e-0967-f0385bbfb97a" executionId="7cdee54d-24f9-4d7d-b711-4ade60185409" testListId="8c84fa94-04c1-424b-9868-57a2d4851a1d" />
    <TestEntry testId="fb5daea3-f1db-55fd-401f-a8730aa6eb39" executionId="cd5c7667-aa25-4fa6-b146-056b981d8afe" testListId="8c84fa94-04c1-424b-9868-57a2d4851a1d" />
    <TestEntry testId="547f36c2-d4d5-ecf8-0b66-754af0b7cd7b" executionId="a6b53049-ae05-45e3-8120-aa2b18d7dfdc" testListId="8c84fa94-04c1-424b-9868-57a2d4851a1d" />
    <TestEntry testId="39702b2e-a068-79c1-d6b3-7e0fb081842a" executionId="bd61b735-f547-43ec-bfde-dcea360d2bce" testListId="8c84fa94-04c1-424b-9868-57a2d4851a1d" />
    <TestEntry testId="69894a01-3c31-771e-5d52-fcaa11d951bb" executionId="f809876b-f765-4b3d-b66a-83a99e2be2f4" testListId="8c84fa94-04c1-424b-9868-57a2d4851a1d" />
    <TestEntry testId="17c5d9e8-e23a-9ec8-eb27-0264eb58e56b" executionId="c7d26fb7-7d6d-44e2-bdf8-69bd0e171954" testListId="8c84fa94-04c1-424b-9868-57a2d4851a1d" />
    <TestEntry testId="58c09ef3-f07f-ebc7-6b4a-fd5717711317" executionId="d3358d58-0b87-4534-8a68-5e9c8de0572a" testListId="8c84fa94-04c1-424b-9868-57a2d4851a1d" />
    <TestEntry testId="f2f375f0-82de-1680-bc56-911543bd8848" executionId="4781ddcc-3e80-4c98-9e6b-c8ecc089fa03" testListId="8c84fa94-04c1-424b-9868-57a2d4851a1d" />
    <TestEntry testId="915d085a-5805-0b56-e43f-428751b874c5" executionId="323fc236-74bf-46d7-9717-836b06f42de5" testListId="8c84fa94-04c1-424b-9868-57a2d4851a1d" />
    <TestEntry testId="3f7d230e-22c9-c967-f539-fc2b608760da" executionId="1abfa8ae-2ca0-4720-a865-000a7f734d8d" testListId="8c84fa94-04c1-424b-9868-57a2d4851a1d" />
    <TestEntry testId="c5b3d5d2-a236-67b3-fd13-a9f6babaec8a" executionId="7d48ee9e-c056-4d27-8174-841a7787f2bd" testListId="8c84fa94-04c1-424b-9868-57a2d4851a1d" />
    <TestEntry testId="c5de6524-e4f9-ff90-43b1-5eca484e4af4" executionId="b6bf6a7d-84b1-4add-a316-c53e5425c432" testListId="8c84fa94-04c1-424b-9868-57a2d4851a1d" />
    <TestEntry testId="14babd36-016d-fb3c-e92d-f94ddbaf04f5" executionId="22c51ad4-2d4e-4aeb-acf8-7ff839985eeb" testListId="8c84fa94-04c1-424b-9868-57a2d4851a1d" />
    <TestEntry testId="e96b22bc-8a79-11d6-493d-2335e63adace" executionId="6d4ca63d-0a1e-452e-a2eb-f98c18af4db7" testListId="8c84fa94-04c1-424b-9868-57a2d4851a1d" />
    <TestEntry testId="beb767a9-c796-1b0d-e812-88791439b268" executionId="95c6b32a-f038-48e5-9bb8-30ebd6f4904c" testListId="8c84fa94-04c1-424b-9868-57a2d4851a1d" />
    <TestEntry testId="4d0f0166-3a85-3b4d-6d81-2c5fbaa997e8" executionId="92e5fc88-c9e5-4ea0-95fe-3819aa3ecfe0" testListId="8c84fa94-04c1-424b-9868-57a2d4851a1d" />
    <TestEntry testId="f66e2f63-f022-5ca2-8aa0-5f365e9a4982" executionId="d3d0d72a-e2c4-40e1-a15f-d58b25c98282" testListId="8c84fa94-04c1-424b-9868-57a2d4851a1d" />
    <TestEntry testId="76f7e8e5-4bb4-96f4-f486-705293fc0c30" executionId="a4a23990-ffe2-4500-9d11-868957df965b" testListId="8c84fa94-04c1-424b-9868-57a2d4851a1d" />
    <TestEntry testId="10d6b0ed-9b4a-e2e0-1edd-d6a62256b73e" executionId="f0988b88-1007-4349-b65d-1821212c22a3" testListId="8c84fa94-04c1-424b-9868-57a2d4851a1d" />
    <TestEntry testId="96c3ed92-ee23-2a31-503d-7be4417c04d2" executionId="c671f175-8e6e-440d-98a3-ca75e631ac72" testListId="8c84fa94-04c1-424b-9868-57a2d4851a1d" />
    <TestEntry testId="f641a2ab-146b-12b7-ee72-c968c3b82e8a" executionId="ae7713f2-6f84-4ca8-bd5f-9468d434c9a9" testListId="8c84fa94-04c1-424b-9868-57a2d4851a1d" />
    <TestEntry testId="185879d2-c695-1ec6-67d5-caf45ef120a8" executionId="ea8c5766-159b-4743-996e-1544f591184f" testListId="8c84fa94-04c1-424b-9868-57a2d4851a1d" />
    <TestEntry testId="26b1fc97-6bc5-77a4-160b-2bd53eab267e" executionId="dd5ab314-6d66-48d7-9ad6-66142995a87e" testListId="8c84fa94-04c1-424b-9868-57a2d4851a1d" />
    <TestEntry testId="cd3c6094-8071-38cc-23c7-1314e14141e9" executionId="3b9967df-3415-4061-ba8d-7c41dfa25cdf" testListId="8c84fa94-04c1-424b-9868-57a2d4851a1d" />
    <TestEntry testId="57a784cb-8dca-5393-6256-1709d1fcf887" executionId="aba3204d-eb0e-46ad-9fb7-e73663ce36ea" testListId="8c84fa94-04c1-424b-9868-57a2d4851a1d" />
    <TestEntry testId="6cc062cc-6cbd-2ba5-b89c-8bf2533146c1" executionId="9abfbb18-66f1-4f89-8368-264b95d50fe4" testListId="8c84fa94-04c1-424b-9868-57a2d4851a1d" />
    <TestEntry testId="e1da66f5-b473-f0f8-2fd6-32b71c1dfde3" executionId="2bbe05fa-8ce7-4a31-ab1b-7026908120f0" testListId="8c84fa94-04c1-424b-9868-57a2d4851a1d" />
    <TestEntry testId="597ef16c-02d4-9b77-d8d3-4cf06c7d2da5" executionId="be75e18f-bcb9-4b25-8524-6755341866e7" testListId="8c84fa94-04c1-424b-9868-57a2d4851a1d" />
    <TestEntry testId="51c5ce84-bb28-82e3-a103-879d8d8dd7ca" executionId="069bdf30-01af-4176-9dfa-a3d3f4219b74" testListId="8c84fa94-04c1-424b-9868-57a2d4851a1d" />
    <TestEntry testId="bd517e0e-a01c-a47c-5626-c3c8824167b6" executionId="e6111edd-4d7a-4e85-95af-51df25e231f5" testListId="8c84fa94-04c1-424b-9868-57a2d4851a1d" />
    <TestEntry testId="e4f89588-adab-a46a-3c4d-9474517b9a72" executionId="7b0d9110-6a44-454e-a85c-ada24cb271b8" testListId="8c84fa94-04c1-424b-9868-57a2d4851a1d" />
    <TestEntry testId="cdd4a086-cbe0-3d49-4119-3a5c31342a50" executionId="a9f0f3fe-f06d-4e23-912d-e48140a96f8f" testListId="8c84fa94-04c1-424b-9868-57a2d4851a1d" />
    <TestEntry testId="e1489602-9ada-ebcf-1284-1d54c319481b" executionId="52cd18f7-553a-4e49-95da-b885b3b84a7f" testListId="8c84fa94-04c1-424b-9868-57a2d4851a1d" />
    <TestEntry testId="4e77769a-2103-56da-c061-5af2edec0c13" executionId="9fe2bba2-1ab3-4325-87f0-fdc680fb57db" testListId="8c84fa94-04c1-424b-9868-57a2d4851a1d" />
    <TestEntry testId="50aa6442-a0fa-67a1-7a6a-1a52d267a007" executionId="7a0fbcb7-e609-4df1-a81f-38e87459fc9b" testListId="8c84fa94-04c1-424b-9868-57a2d4851a1d" />
    <TestEntry testId="8fa6f4f3-3e38-6be0-2a5e-ba1d1f9a5c15" executionId="7e67f4d7-0f24-4932-b750-ca36cd15aaa2" testListId="8c84fa94-04c1-424b-9868-57a2d4851a1d" />
  </TestEntries>
  <TestLists>
    <TestList name="Results Not in a List" id="8c84fa94-04c1-424b-9868-57a2d4851a1d" />
    <TestList name="All Loaded Results" id="19431567-8539-422a-85d7-44ee4e166bda" />
  </TestLists>
  <ResultSummary outcome="Completed">
    <Counters total="83" executed="83" passed="83" failed="0" error="0" timeout="0" aborted="0" inconclusive="0" passedButRunAborted="0" notRunnable="0" notExecuted="0" disconnected="0" warning="0" completed="0" inProgress="0" pending="0" />
    <Output>
      <StdOut>[xUnit.net 00:00:00.01] xUnit.net VSTest Adapter v2.4.3+1b45f5407b (64-bit .NET 8.0.20)&#xD;
[xUnit.net 00:00:10.97]   Discovering: events-service.Domain.Tests&#xD;
[xUnit.net 00:00:11.79]   Discovered:  events-service.Domain.Tests&#xD;
[xUnit.net 00:00:11.82]   Starting:    events-service.Domain.Tests&#xD;
[xUnit.net 00:00:12.97]   Finished:    events-service.Domain.Tests&#xD;
</StdOut>
    </Output>
  </ResultSummary>
</TestRun>