<?xml version="1.0" encoding="utf-8"?>
<TestRun id="ef3912fa-7bf3-4968-86b4-f708490c6997" name="Jesus@NUCBOXG3 2025-11-22 21:25:39" runUser="NUCBOXG3\Jesus" xmlns="http://microsoft.com/schemas/VisualStudio/TeamTest/2010">
  <Times creation="2025-11-22T21:25:39.6841289-04:00" queuing="2025-11-22T21:25:39.6841311-04:00" start="2025-11-22T21:24:54.3548285-04:00" finish="2025-11-22T21:25:41.6364510-04:00" />
  <TestSettings name="default" id="ed071786-51ef-4230-a6ba-b5981c6aee4f">
    <Deployment runDeploymentRoot="Jesus_NUCBOXG3_2025-11-22_21_25_39" />
  </TestSettings>
  <Results>
    <UnitTestResult executionId="bc315d59-f3c1-422f-9f53-86f630fbc7a7" testId="7ef8f154-2430-7345-bb29-d21f638d6765" testName="events_service.Domain.Tests.ValueObjects.EstadoEventoTests.Constructor_ConEstadoValido_CreaInstancia" computerName="NUCBOXG3" duration="00:00:00.2462393" startTime="2025-11-22T21:25:39.6140770-04:00" endTime="2025-11-22T21:25:39.6140772-04:00" testType="13cdc9d9-ddb5-4fa4-a97d-d965ccfc6d4b" outcome="Passed" testListId="8c84fa94-04c1-424b-9868-57a2d4851a1d" relativeResultsDirectory="bc315d59-f3c1-422f-9f53-86f630fbc7a7" />
    <UnitTestResult executionId="da11fe5f-3223-4004-8599-88e802232843" testId="3bee96e1-f520-986f-3129-02443c99197e" testName="events_service.Domain.Tests.ValueObjects.DuracionEventoTests.GetHashCode_ConMismaDuracion_RetornaMismoHash" computerName="NUCBOXG3" duration="00:00:00.0058691" startTime="2025-11-22T21:25:39.6162203-04:00" endTime="2025-11-22T21:25:39.6162203-04:00" testType="13cdc9d9-ddb5-4fa4-a97d-d965ccfc6d4b" outcome="Passed" testListId="8c84fa94-04c1-424b-9868-57a2d4851a1d" relativeResultsDirectory="da11fe5f-3223-4004-8599-88e802232843" />
    <UnitTestResult executionId="54482a6f-7882-4446-b3b5-afe0f81536de" testId="f2f375f0-82de-1680-bc56-911543bd8848" testName="events_service.Domain.Tests.ValueObjects.PrecioEntradaTests.EsGratis_ConPrecioCero_RetornaTrue" computerName="NUCBOXG3" duration="00:00:00.0001142" startTime="2025-11-22T21:25:39.6298683-04:00" endTime="2025-11-22T21:25:39.6298684-04:00" testType="13cdc9d9-ddb5-4fa4-a97d-d965ccfc6d4b" outcome="Passed" testListId="8c84fa94-04c1-424b-9868-57a2d4851a1d" relativeResultsDirectory="54482a6f-7882-4446-b3b5-afe0f81536de" />
    <UnitTestResult executionId="53f76239-9fc7-4516-b9e6-f75432accc39" testId="6444c422-a54c-a630-c89a-b657a2732e73" testName="events_service.Domain.Tests.Entities.EventoTests.PagarPublicacion_ConMontoIncorrecto_LanzaExcepcion" computerName="NUCBOXG3" duration="00:00:00.0008487" startTime="2025-11-22T21:25:39.4427549-04:00" endTime="2025-11-22T21:25:39.4427549-04:00" testType="13cdc9d9-ddb5-4fa4-a97d-d965ccfc6d4b" outcome="Passed" testListId="8c84fa94-04c1-424b-9868-57a2d4851a1d" relativeResultsDirectory="53f76239-9fc7-4516-b9e6-f75432accc39" />
    <UnitTestResult executionId="a159736a-f790-43a3-b594-514d6306453f" testId="729b603d-4e98-abb0-eb3b-2dd31a509456" testName="events_service.Domain.Tests.Entities.SeccionTests.Constructor_ConPrecioGratis_EsValido" computerName="NUCBOXG3" duration="00:00:00.0004315" startTime="2025-11-22T21:25:39.6167872-04:00" endTime="2025-11-22T21:25:39.6167872-04:00" testType="13cdc9d9-ddb5-4fa4-a97d-d965ccfc6d4b" outcome="Passed" testListId="8c84fa94-04c1-424b-9868-57a2d4851a1d" relativeResultsDirectory="a159736a-f790-43a3-b594-514d6306453f" />
    <UnitTestResult executionId="1b60f628-010a-4d59-b18c-95bbd45f1fb7" testId="9f7f05d9-0315-ed9b-f0d2-7cf81cd21078" testName="events_service.Domain.Tests.ValueObjects.DuracionEventoTests.OperadorIgualdad_ConMismaDuracion_RetornaTrue" computerName="NUCBOXG3" duration="00:00:00.0001706" startTime="2025-11-22T21:25:39.6158928-04:00" endTime="2025-11-22T21:25:39.6158929-04:00" testType="13cdc9d9-ddb5-4fa4-a97d-d965ccfc6d4b" outcome="Passed" testListId="8c84fa94-04c1-424b-9868-57a2d4851a1d" relativeResultsDirectory="1b60f628-010a-4d59-b18c-95bbd45f1fb7" />
    <UnitTestResult executionId="90d24d77-1b30-4e79-aae1-26d630709ba2" testId="14babd36-016d-fb3c-e92d-f94ddbaf04f5" testName="events_service.Domain.Tests.Entities.SeccionTests.Constructor_ConCapacidadNegativa_LanzaExcepcion" computerName="NUCBOXG3" duration="00:00:00.0005544" startTime="2025-11-22T21:25:39.6184113-04:00" endTime="2025-11-22T21:25:39.6184114-04:00" testType="13cdc9d9-ddb5-4fa4-a97d-d965ccfc6d4b" outcome="Passed" testListId="8c84fa94-04c1-424b-9868-57a2d4851a1d" relativeResultsDirectory="90d24d77-1b30-4e79-aae1-26d630709ba2" />
    <UnitTestResult executionId="597ade38-4967-48c2-879b-f9a7781554e4" testId="885fd1dc-ce66-aa4b-b344-9d5968e5cbdd" testName="events_service.Domain.Tests.Entities.SeccionTests.Constructor_ConCapacidadCero_LanzaExcepcion" computerName="NUCBOXG3" duration="00:00:00.0056989" startTime="2025-11-22T21:25:39.6187327-04:00" endTime="2025-11-22T21:25:39.6187327-04:00" testType="13cdc9d9-ddb5-4fa4-a97d-d965ccfc6d4b" outcome="Passed" testListId="8c84fa94-04c1-424b-9868-57a2d4851a1d" relativeResultsDirectory="597ade38-4967-48c2-879b-f9a7781554e4" />
    <UnitTestResult executionId="772e367a-260f-42b2-b7ec-2ea6e6ccf505" testId="efcdb10c-5496-9fed-1d9e-12c1fd5325eb" testName="events_service.Domain.Tests.ValueObjects.EstadoEventoTests.Constructor_ConEstadosValidos_CreaInstancia(estado: &quot;Finalizado&quot;)" computerName="NUCBOXG3" duration="00:00:00.0000066" startTime="2025-11-22T21:25:39.6207103-04:00" endTime="2025-11-22T21:25:39.6207103-04:00" testType="13cdc9d9-ddb5-4fa4-a97d-d965ccfc6d4b" outcome="Passed" testListId="8c84fa94-04c1-424b-9868-57a2d4851a1d" relativeResultsDirectory="772e367a-260f-42b2-b7ec-2ea6e6ccf505" />
    <UnitTestResult executionId="30feaa83-8efb-4754-80ed-4ada474b8144" testId="58c09ef3-f07f-ebc7-6b4a-fd5717711317" testName="events_service.Domain.Tests.ValueObjects.DuracionEventoTests.Constructor_ConHorasNegativas_LanzaExcepcion" computerName="NUCBOXG3" duration="00:00:00.0004562" startTime="2025-11-22T21:25:39.6147457-04:00" endTime="2025-11-22T21:25:39.6147458-04:00" testType="13cdc9d9-ddb5-4fa4-a97d-d965ccfc6d4b" outcome="Passed" testListId="8c84fa94-04c1-424b-9868-57a2d4851a1d" relativeResultsDirectory="30feaa83-8efb-4754-80ed-4ada474b8144" />
    <UnitTestResult executionId="f7898fcb-f4b6-44b4-8c19-83072ad42ae1" testId="beb767a9-c796-1b0d-e812-88791439b268" testName="events_service.Domain.Tests.Entities.SeccionTests.Equals_ConMismoId_RetornaTrue" computerName="NUCBOXG3" duration="00:00:00.0051633" startTime="2025-11-22T21:25:39.6182916-04:00" endTime="2025-11-22T21:25:39.6182916-04:00" testType="13cdc9d9-ddb5-4fa4-a97d-d965ccfc6d4b" outcome="Passed" testListId="8c84fa94-04c1-424b-9868-57a2d4851a1d" relativeResultsDirectory="f7898fcb-f4b6-44b4-8c19-83072ad42ae1" />
    <UnitTestResult executionId="982a9918-a104-4028-b13f-bc0a7b06ef01" testId="a2778f15-03b1-ce0f-1cf6-6510a724a733" testName="events_service.Domain.Tests.ValueObjects.EstadoEventoTests.EsCancelado_ConEstadoCancelado_RetornaTrue" computerName="NUCBOXG3" duration="00:00:00.0001565" startTime="2025-11-22T21:25:39.6142023-04:00" endTime="2025-11-22T21:25:39.6142024-04:00" testType="13cdc9d9-ddb5-4fa4-a97d-d965ccfc6d4b" outcome="Passed" testListId="8c84fa94-04c1-424b-9868-57a2d4851a1d" relativeResultsDirectory="982a9918-a104-4028-b13f-bc0a7b06ef01" />
    <UnitTestResult executionId="97755702-ef64-4a1a-bbaf-8f73d3d174ad" testId="6cc062cc-6cbd-2ba5-b89c-8bf2533146c1" testName="events_service.Domain.Tests.ValueObjects.PrecioEntradaTests.OperadorIgualdad_ConMismoPrecio_RetornaTrue" computerName="NUCBOXG3" duration="00:00:00.0001258" startTime="2025-11-22T21:25:39.6296004-04:00" endTime="2025-11-22T21:25:39.6296005-04:00" testType="13cdc9d9-ddb5-4fa4-a97d-d965ccfc6d4b" outcome="Passed" testListId="8c84fa94-04c1-424b-9868-57a2d4851a1d" relativeResultsDirectory="97755702-ef64-4a1a-bbaf-8f73d3d174ad" />
    <UnitTestResult executionId="a688e33f-def0-409d-9f45-dc8d38056ecb" testId="8ae259eb-6319-5cd2-75be-7b994adf1bd9" testName="events_service.Domain.Tests.ValueObjects.EstadoEventoTests.Equals_ConEstadosDiferentes_RetornaFalse" computerName="NUCBOXG3" duration="00:00:00.0002018" startTime="2025-11-22T21:25:39.6236747-04:00" endTime="2025-11-22T21:25:39.6236748-04:00" testType="13cdc9d9-ddb5-4fa4-a97d-d965ccfc6d4b" outcome="Passed" testListId="8c84fa94-04c1-424b-9868-57a2d4851a1d" relativeResultsDirectory="a688e33f-def0-409d-9f45-dc8d38056ecb" />
    <UnitTestResult executionId="ad46414c-2e41-45bd-b20a-4156efb5e2d4" testId="cdd4a086-cbe0-3d49-4119-3a5c31342a50" testName="events_service.Domain.Tests.ValueObjects.PrecioEntradaTests.Constructor_ConPrecioConMasDeDosDecimales_RedondeaCorrectamente" computerName="NUCBOXG3" duration="00:00:00.1753946" startTime="2025-11-22T21:25:39.6262310-04:00" endTime="2025-11-22T21:25:39.6262311-04:00" testType="13cdc9d9-ddb5-4fa4-a97d-d965ccfc6d4b" outcome="Passed" testListId="8c84fa94-04c1-424b-9868-57a2d4851a1d" relativeResultsDirectory="ad46414c-2e41-45bd-b20a-4156efb5e2d4" />
    <UnitTestResult executionId="65a2c1b8-7d60-4006-a2d5-022d0ecc6459" testId="3c680167-f244-0d04-b690-d21aee6450b0" testName="events_service.Domain.Tests.ValueObjects.DuracionEventoTests.Constructor_ConMinutosNegativos_LanzaExcepcion" computerName="NUCBOXG3" duration="00:00:00.2204340" startTime="2025-11-22T21:25:39.6143103-04:00" endTime="2025-11-22T21:25:39.6143104-04:00" testType="13cdc9d9-ddb5-4fa4-a97d-d965ccfc6d4b" outcome="Passed" testListId="8c84fa94-04c1-424b-9868-57a2d4851a1d" relativeResultsDirectory="65a2c1b8-7d60-4006-a2d5-022d0ecc6459" />
    <UnitTestResult executionId="f270a589-29ba-4cc1-8663-1173a3be38b5" testId="dccff0c3-8b3e-2b63-9b75-372823727905" testName="events_service.Domain.Tests.ValueObjects.EstadoEventoTests.GetHashCode_ConMismoEstado_RetornaMismoHash" computerName="NUCBOXG3" duration="00:00:00.0049074" startTime="2025-11-22T21:25:39.6257681-04:00" endTime="2025-11-22T21:25:39.6257681-04:00" testType="13cdc9d9-ddb5-4fa4-a97d-d965ccfc6d4b" outcome="Passed" testListId="8c84fa94-04c1-424b-9868-57a2d4851a1d" relativeResultsDirectory="f270a589-29ba-4cc1-8663-1173a3be38b5" />
    <UnitTestResult executionId="094a58ed-67c3-4676-ad37-155831c98de2" testId="4ec0bff7-9bed-2883-b4f7-b926ac171884" testName="events_service.Domain.Tests.ValueObjects.DuracionEventoTests.Equals_ConMismaDuracion_RetornaTrue" computerName="NUCBOXG3" duration="00:00:00.0098844" startTime="2025-11-22T21:25:39.6160106-04:00" endTime="2025-11-22T21:25:39.6160106-04:00" testType="13cdc9d9-ddb5-4fa4-a97d-d965ccfc6d4b" outcome="Passed" testListId="8c84fa94-04c1-424b-9868-57a2d4851a1d" relativeResultsDirectory="094a58ed-67c3-4676-ad37-155831c98de2" />
    <UnitTestResult executionId="a8427341-bc16-4499-a038-ab787ec0854b" testId="cc3a08cc-7002-3134-f89a-93fa37cf39ee" testName="events_service.Domain.Tests.ValueObjects.EstadoEventoTests.Constructor_ConEstadoInvalido_LanzaExcepcion" computerName="NUCBOXG3" duration="00:00:00.0005468" startTime="2025-11-22T21:25:39.6259692-04:00" endTime="2025-11-22T21:25:39.6259693-04:00" testType="13cdc9d9-ddb5-4fa4-a97d-d965ccfc6d4b" outcome="Passed" testListId="8c84fa94-04c1-424b-9868-57a2d4851a1d" relativeResultsDirectory="a8427341-bc16-4499-a038-ab787ec0854b" />
    <UnitTestResult executionId="bce1e4af-2bf7-423d-a40f-56ff8f253280" testId="ff2265d5-f113-3566-b54d-be4cbaeafa21" testName="events_service.Domain.Tests.ValueObjects.EstadoEventoTests.Equals_ConMismoEstado_RetornaTrue" computerName="NUCBOXG3" duration="00:00:00.0001453" startTime="2025-11-22T21:25:39.6238760-04:00" endTime="2025-11-22T21:25:39.6238761-04:00" testType="13cdc9d9-ddb5-4fa4-a97d-d965ccfc6d4b" outcome="Passed" testListId="8c84fa94-04c1-424b-9868-57a2d4851a1d" relativeResultsDirectory="bce1e4af-2bf7-423d-a40f-56ff8f253280" />
    <UnitTestResult executionId="9a5c8165-9418-4238-b35a-0a1d06a3a621" testId="7cf3f98d-1bbb-1555-0c1a-4daed6516719" testName="events_service.Domain.Tests.ValueObjects.EstadoEventoTests.Constructor_ConEstadosValidos_CreaInstancia(estado: &quot;EnCurso&quot;)" computerName="NUCBOXG3" duration="00:00:00.0003280" startTime="2025-11-22T21:25:39.6205336-04:00" endTime="2025-11-22T21:25:39.6205337-04:00" testType="13cdc9d9-ddb5-4fa4-a97d-d965ccfc6d4b" outcome="Passed" testListId="8c84fa94-04c1-424b-9868-57a2d4851a1d" relativeResultsDirectory="9a5c8165-9418-4238-b35a-0a1d06a3a621" />
    <UnitTestResult executionId="9c6516bd-c1c0-445d-a274-5d782f73a1bb" testId="96c3ed92-ee23-2a31-503d-7be4417c04d2" testName="events_service.Domain.Tests.Entities.SeccionTests.Constructor_ConPrecioNulo_LanzaExcepcion" computerName="NUCBOXG3" duration="00:00:00.0003605" startTime="2025-11-22T21:25:39.6181373-04:00" endTime="2025-11-22T21:25:39.6181374-04:00" testType="13cdc9d9-ddb5-4fa4-a97d-d965ccfc6d4b" outcome="Passed" testListId="8c84fa94-04c1-424b-9868-57a2d4851a1d" relativeResultsDirectory="9c6516bd-c1c0-445d-a274-5d782f73a1bb" />
    <UnitTestResult executionId="a00686f9-365c-4263-869a-4f2455509890" testId="4ba6943c-825c-0fe4-8fd2-2269e7cc63a2" testName="events_service.Domain.Tests.ValueObjects.PrecioEntradaTests.OperadorDesigualdad_ConPreciosDiferentes_RetornaTrue" computerName="NUCBOXG3" duration="00:00:00.0004206" startTime="2025-11-22T21:25:39.6278636-04:00" endTime="2025-11-22T21:25:39.6278636-04:00" testType="13cdc9d9-ddb5-4fa4-a97d-d965ccfc6d4b" outcome="Passed" testListId="8c84fa94-04c1-424b-9868-57a2d4851a1d" relativeResultsDirectory="a00686f9-365c-4263-869a-4f2455509890" />
    <UnitTestResult executionId="092e1930-4dbf-445c-bad8-1bbb965239fc" testId="d7429412-85fd-8172-01e6-0bf12cacba74" testName="events_service.Domain.Tests.ValueObjects.PrecioEntradaTests.Equals_ConMismoPrecio_RetornaTrue" computerName="NUCBOXG3" duration="00:00:00.0001520" startTime="2025-11-22T21:25:39.6292078-04:00" endTime="2025-11-22T21:25:39.6292079-04:00" testType="13cdc9d9-ddb5-4fa4-a97d-d965ccfc6d4b" outcome="Passed" testListId="8c84fa94-04c1-424b-9868-57a2d4851a1d" relativeResultsDirectory="092e1930-4dbf-445c-bad8-1bbb965239fc" />
    <UnitTestResult executionId="82356e10-bd1c-4088-b1ca-52e934e6dd48" testId="e3a09e50-4ffa-0113-2d26-723c3dbc03c7" testName="events_service.Domain.Tests.ValueObjects.DuracionEventoTests.OperadorDesigualdad_ConDuracionesDiferentes_RetornaTrue" computerName="NUCBOXG3" duration="00:00:00.0006039" startTime="2025-11-22T21:25:39.6146441-04:00" endTime="2025-11-22T21:25:39.6146442-04:00" testType="13cdc9d9-ddb5-4fa4-a97d-d965ccfc6d4b" outcome="Passed" testListId="8c84fa94-04c1-424b-9868-57a2d4851a1d" relativeResultsDirectory="82356e10-bd1c-4088-b1ca-52e934e6dd48" />
    <UnitTestResult executionId="05c14be1-6ea9-468a-883d-e6c5abafe36c" testId="4d0f0166-3a85-3b4d-6d81-2c5fbaa997e8" testName="events_service.Domain.Tests.ValueObjects.FechaEventoTests.Constructor_ConFechaEnElPasado_LanzaExcepcion" computerName="NUCBOXG3" duration="00:00:00.0051754" startTime="2025-11-22T21:25:39.6074642-04:00" endTime="2025-11-22T21:25:39.6074653-04:00" testType="13cdc9d9-ddb5-4fa4-a97d-d965ccfc6d4b" outcome="Passed" testListId="8c84fa94-04c1-424b-9868-57a2d4851a1d" relativeResultsDirectory="05c14be1-6ea9-468a-883d-e6c5abafe36c" />
    <UnitTestResult executionId="be31de88-8ef3-4c00-affd-f8f064aa9992" testId="c5de6524-e4f9-ff90-43b1-5eca484e4af4" testName="events_service.Domain.Tests.ValueObjects.DuracionEventoTests.Constructor_ConDuracionDeVeinticuatroHoras_EsValido" computerName="NUCBOXG3" duration="00:00:00.0002659" startTime="2025-11-22T21:25:39.6165350-04:00" endTime="2025-11-22T21:25:39.6165351-04:00" testType="13cdc9d9-ddb5-4fa4-a97d-d965ccfc6d4b" outcome="Passed" testListId="8c84fa94-04c1-424b-9868-57a2d4851a1d" relativeResultsDirectory="be31de88-8ef3-4c00-affd-f8f064aa9992" />
    <UnitTestResult executionId="c230f793-62bb-419f-80d8-c29d820c23dc" testId="a4c48fd1-69d7-d9f6-19cf-7be0f3319b89" testName="events_service.Domain.Tests.ValueObjects.FechaEventoTests.Equals_ConMismosValores_RetornaTrue" computerName="NUCBOXG3" duration="00:00:00.0001872" startTime="2025-11-22T21:25:39.4429949-04:00" endTime="2025-11-22T21:25:39.4429950-04:00" testType="13cdc9d9-ddb5-4fa4-a97d-d965ccfc6d4b" outcome="Passed" testListId="8c84fa94-04c1-424b-9868-57a2d4851a1d" relativeResultsDirectory="c230f793-62bb-419f-80d8-c29d820c23dc" />
    <UnitTestResult executionId="dc98905f-b573-407f-9c2b-5c84027b2ae2" testId="e1489602-9ada-ebcf-1284-1d54c319481b" testName="events_service.Domain.Tests.ValueObjects.PrecioEntradaTests.EsGratis_ConPrecioPositivo_RetornaFalse" computerName="NUCBOXG3" duration="00:00:00.0001412" startTime="2025-11-22T21:25:39.6297706-04:00" endTime="2025-11-22T21:25:39.6297707-04:00" testType="13cdc9d9-ddb5-4fa4-a97d-d965ccfc6d4b" outcome="Passed" testListId="8c84fa94-04c1-424b-9868-57a2d4851a1d" relativeResultsDirectory="dc98905f-b573-407f-9c2b-5c84027b2ae2" />
    <UnitTestResult executionId="8a697ae1-083e-4b6b-af7b-6ce57f2935ce" testId="51c5ce84-bb28-82e3-a103-879d8d8dd7ca" testName="events_service.Domain.Tests.ValueObjects.PrecioEntradaTests.Constructor_ConPrecioMuyAlto_EsValido" computerName="NUCBOXG3" duration="00:00:00.0001225" startTime="2025-11-22T21:25:39.6293102-04:00" endTime="2025-11-22T21:25:39.6293103-04:00" testType="13cdc9d9-ddb5-4fa4-a97d-d965ccfc6d4b" outcome="Passed" testListId="8c84fa94-04c1-424b-9868-57a2d4851a1d" relativeResultsDirectory="8a697ae1-083e-4b6b-af7b-6ce57f2935ce" />
    <UnitTestResult executionId="5b9ee764-08c5-43f7-a0cf-8e3b844e1350" testId="80d30a3e-03b0-48d4-f939-dd909e98b389" testName="events_service.Domain.Tests.Entities.EventoTests.Crear_ConParametrosValidos_CreaEventoEnBorrador" computerName="NUCBOXG3" duration="00:00:00.1771515" startTime="2025-11-22T21:25:39.6275574-04:00" endTime="2025-11-22T21:25:39.6275575-04:00" testType="13cdc9d9-ddb5-4fa4-a97d-d965ccfc6d4b" outcome="Passed" testListId="8c84fa94-04c1-424b-9868-57a2d4851a1d" relativeResultsDirectory="5b9ee764-08c5-43f7-a0cf-8e3b844e1350" />
    <UnitTestResult executionId="73a0a6c7-3ca9-4954-b695-dfddc481f808" testId="6df900e6-db97-b56c-0792-63792b43b1c8" testName="events_service.Domain.Tests.ValueObjects.PrecioEntradaTests.Equals_ConPreciosDiferentes_RetornaFalse" computerName="NUCBOXG3" duration="00:00:00.0001387" startTime="2025-11-22T21:25:39.6295049-04:00" endTime="2025-11-22T21:25:39.6295050-04:00" testType="13cdc9d9-ddb5-4fa4-a97d-d965ccfc6d4b" outcome="Passed" testListId="8c84fa94-04c1-424b-9868-57a2d4851a1d" relativeResultsDirectory="73a0a6c7-3ca9-4954-b695-dfddc481f808" />
    <UnitTestResult executionId="141bc617-28aa-46d9-ac16-0963748f1ada" testId="7a9d7e30-8322-13a9-84e6-28bd9eb40db1" testName="events_service.Domain.Tests.ValueObjects.EstadoEventoTests.PuedeTransicionarA_DePendientePagoABorrador_RetornaFalse" computerName="NUCBOXG3" duration="00:00:00.0001488" startTime="2025-11-22T21:25:39.6232490-04:00" endTime="2025-11-22T21:25:39.6232491-04:00" testType="13cdc9d9-ddb5-4fa4-a97d-d965ccfc6d4b" outcome="Passed" testListId="8c84fa94-04c1-424b-9868-57a2d4851a1d" relativeResultsDirectory="141bc617-28aa-46d9-ac16-0963748f1ada" />
    <UnitTestResult executionId="1d260bdb-0289-4678-9c22-c279c3d499e8" testId="3cda88cf-4086-4513-23d0-5984edd5a888" testName="events_service.Domain.Tests.ValueObjects.EstadoEventoTests.Constructor_ConEstadosValidos_CreaInstancia(estado: &quot;Borrador&quot;)" computerName="NUCBOXG3" duration="00:00:00.0002814" startTime="2025-11-22T21:25:39.6203429-04:00" endTime="2025-11-22T21:25:39.6203430-04:00" testType="13cdc9d9-ddb5-4fa4-a97d-d965ccfc6d4b" outcome="Passed" testListId="8c84fa94-04c1-424b-9868-57a2d4851a1d" relativeResultsDirectory="1d260bdb-0289-4678-9c22-c279c3d499e8" />
    <UnitTestResult executionId="e1ff0ed4-b1c0-49b5-8258-ed1d57d1095f" testId="fb5daea3-f1db-55fd-401f-a8730aa6eb39" testName="events_service.Domain.Tests.ValueObjects.EstadoEventoTests.Constructor_ConEstadosValidos_CreaInstancia(estado: &quot;Publicado&quot;)" computerName="NUCBOXG3" duration="00:00:00.0000141" startTime="2025-11-22T21:25:39.6206219-04:00" endTime="2025-11-22T21:25:39.6206219-04:00" testType="13cdc9d9-ddb5-4fa4-a97d-d965ccfc6d4b" outcome="Passed" testListId="8c84fa94-04c1-424b-9868-57a2d4851a1d" relativeResultsDirectory="e1ff0ed4-b1c0-49b5-8258-ed1d57d1095f" />
    <UnitTestResult executionId="cbfbed01-7c84-4c14-ae6e-2acc6ce23348" testId="e1da66f5-b473-f0f8-2fd6-32b71c1dfde3" testName="events_service.Domain.Tests.Entities.SeccionTests.Constructor_ConParametrosValidos_CreaInstancia" computerName="NUCBOXG3" duration="00:00:00.0027985" startTime="2025-11-22T21:25:39.6185154-04:00" endTime="2025-11-22T21:25:39.6185155-04:00" testType="13cdc9d9-ddb5-4fa4-a97d-d965ccfc6d4b" outcome="Passed" testListId="8c84fa94-04c1-424b-9868-57a2d4851a1d" relativeResultsDirectory="cbfbed01-7c84-4c14-ae6e-2acc6ce23348" />
    <UnitTestResult executionId="fe099bc2-b2a6-4550-a834-c8d5063f86be" testId="4f7fbb62-af25-d27a-64d2-b134d214e7a8" testName="events_service.Domain.Tests.Entities.EventoTests.Cancelar_EnCurso_LanzaExcepcion" computerName="NUCBOXG3" duration="00:00:00.0047184" startTime="2025-11-22T21:25:39.4432357-04:00" endTime="2025-11-22T21:25:39.4432358-04:00" testType="13cdc9d9-ddb5-4fa4-a97d-d965ccfc6d4b" outcome="Passed" testListId="8c84fa94-04c1-424b-9868-57a2d4851a1d" relativeResultsDirectory="fe099bc2-b2a6-4550-a834-c8d5063f86be" />
    <UnitTestResult executionId="27423ec7-a7f9-4a95-9b9f-c9eb50e775d7" testId="c5b3d5d2-a236-67b3-fd13-a9f6babaec8a" testName="events_service.Domain.Tests.Entities.SeccionTests.Constructor_ConNombreVacio_LanzaExcepcion" computerName="NUCBOXG3" duration="00:00:00.0007520" startTime="2025-11-22T21:25:39.6189720-04:00" endTime="2025-11-22T21:25:39.6189721-04:00" testType="13cdc9d9-ddb5-4fa4-a97d-d965ccfc6d4b" outcome="Passed" testListId="8c84fa94-04c1-424b-9868-57a2d4851a1d" relativeResultsDirectory="27423ec7-a7f9-4a95-9b9f-c9eb50e775d7" />
    <UnitTestResult executionId="247c2ffc-174b-454a-b60a-c38133288a0f" testId="bd517e0e-a01c-a47c-5626-c3c8824167b6" testName="events_service.Domain.Tests.Entities.EventoTests.Editar_FueraDeBorrador_LanzaExcepcion" computerName="NUCBOXG3" duration="00:00:00.0004346" startTime="2025-11-22T21:25:39.6293880-04:00" endTime="2025-11-22T21:25:39.6293880-04:00" testType="13cdc9d9-ddb5-4fa4-a97d-d965ccfc6d4b" outcome="Passed" testListId="8c84fa94-04c1-424b-9868-57a2d4851a1d" relativeResultsDirectory="247c2ffc-174b-454a-b60a-c38133288a0f" />
    <UnitTestResult executionId="b8aaa1d5-c933-4e1c-a75a-c0a4dd003176" testId="547f36c2-d4d5-ecf8-0b66-754af0b7cd7b" testName="events_service.Domain.Tests.ValueObjects.PrecioEntradaTests.Constructor_ConPrecioNegativo_LanzaExcepcion" computerName="NUCBOXG3" duration="00:00:00.0005666" startTime="2025-11-22T21:25:39.6282453-04:00" endTime="2025-11-22T21:25:39.6282454-04:00" testType="13cdc9d9-ddb5-4fa4-a97d-d965ccfc6d4b" outcome="Passed" testListId="8c84fa94-04c1-424b-9868-57a2d4851a1d" relativeResultsDirectory="b8aaa1d5-c933-4e1c-a75a-c0a4dd003176" />
    <UnitTestResult executionId="0709af8a-f125-4d13-8cf0-bb9d19ff8202" testId="a3655a24-3cdb-0442-5da3-57c599f02c75" testName="events_service.Domain.Tests.ValueObjects.EstadoEventoTests.PuedeTransicionarA_DePublicadoABorrador_RetornaFalse" computerName="NUCBOXG3" duration="00:00:00.0001767" startTime="2025-11-22T21:25:39.6258726-04:00" endTime="2025-11-22T21:25:39.6258727-04:00" testType="13cdc9d9-ddb5-4fa4-a97d-d965ccfc6d4b" outcome="Passed" testListId="8c84fa94-04c1-424b-9868-57a2d4851a1d" relativeResultsDirectory="0709af8a-f125-4d13-8cf0-bb9d19ff8202" />
    <UnitTestResult executionId="47a48422-984c-46d4-a394-199a4c9fc51a" testId="8fa6f4f3-3e38-6be0-2a5e-ba1d1f9a5c15" testName="events_service.Domain.Tests.ValueObjects.EstadoEventoTests.Constructor_ConEstadosValidos_CreaInstancia(estado: &quot;PendientePago&quot;)" computerName="NUCBOXG3" duration="00:00:00.0000056" startTime="2025-11-22T21:25:39.6208946-04:00" endTime="2025-11-22T21:25:39.6208947-04:00" testType="13cdc9d9-ddb5-4fa4-a97d-d965ccfc6d4b" outcome="Passed" testListId="8c84fa94-04c1-424b-9868-57a2d4851a1d" relativeResultsDirectory="47a48422-984c-46d4-a394-199a4c9fc51a" />
    <UnitTestResult executionId="45220325-dfd6-433e-9403-c7568645313a" testId="0fc26415-4b99-4f6a-fe6d-85eeb42131a2" testName="events_service.Domain.Tests.Entities.EventoTests.Publicar_ConPagoConfirmado_CambiaAPublicadoYEmiteEvento" computerName="NUCBOXG3" duration="00:00:00.2170238" startTime="2025-11-22T21:25:39.2651094-04:00" endTime="2025-11-22T21:25:39.2651602-04:00" testType="13cdc9d9-ddb5-4fa4-a97d-d965ccfc6d4b" outcome="Passed" testListId="8c84fa94-04c1-424b-9868-57a2d4851a1d" relativeResultsDirectory="45220325-dfd6-433e-9403-c7568645313a" />
    <UnitTestResult executionId="622e4d8b-f89c-4970-a949-1d91fe52ad99" testId="50aa6442-a0fa-67a1-7a6a-1a52d267a007" testName="events_service.Domain.Tests.ValueObjects.EstadoEventoTests.PuedeTransicionarA_DeBorradorAPendientePago_RetornaTrue" computerName="NUCBOXG3" duration="00:00:00.0044078" startTime="2025-11-22T21:25:39.6235691-04:00" endTime="2025-11-22T21:25:39.6235692-04:00" testType="13cdc9d9-ddb5-4fa4-a97d-d965ccfc6d4b" outcome="Passed" testListId="8c84fa94-04c1-424b-9868-57a2d4851a1d" relativeResultsDirectory="622e4d8b-f89c-4970-a949-1d91fe52ad99" />
    <UnitTestResult executionId="28dc19c6-8855-4600-9baf-d73b0c31d28c" testId="10d6b0ed-9b4a-e2e0-1edd-d6a62256b73e" testName="events_service.Domain.Tests.ValueObjects.EstadoEventoTests.OperadorIgualdad_ConMismoEstado_RetornaTrue" computerName="NUCBOXG3" duration="00:00:00.0003350" startTime="2025-11-22T21:25:39.6210104-04:00" endTime="2025-11-22T21:25:39.6210104-04:00" testType="13cdc9d9-ddb5-4fa4-a97d-d965ccfc6d4b" outcome="Passed" testListId="8c84fa94-04c1-424b-9868-57a2d4851a1d" relativeResultsDirectory="28dc19c6-8855-4600-9baf-d73b0c31d28c" />
    <UnitTestResult executionId="2ae027d9-e0a7-4787-9153-f0112c20984e" testId="4e77769a-2103-56da-c061-5af2edec0c13" testName="events_service.Domain.Tests.ValueObjects.DuracionEventoTests.TotalMinutos_CalculaCorrectamente" computerName="NUCBOXG3" duration="00:00:00.0004745" startTime="2025-11-22T21:25:39.6144299-04:00" endTime="2025-11-22T21:25:39.6144300-04:00" testType="13cdc9d9-ddb5-4fa4-a97d-d965ccfc6d4b" outcome="Passed" testListId="8c84fa94-04c1-424b-9868-57a2d4851a1d" relativeResultsDirectory="2ae027d9-e0a7-4787-9153-f0112c20984e" />
    <UnitTestResult executionId="7cf7f758-0a77-44d0-b257-46c9181ddc57" testId="6d8168ea-d25d-436b-c4ab-922bc51ed3c4" testName="events_service.Domain.Tests.ValueObjects.EstadoEventoTests.PuedeTransicionarA_DeEnCursoAFinalizado_RetornaTrue" computerName="NUCBOXG3" duration="00:00:00.0006266" startTime="2025-11-22T21:25:39.6233536-04:00" endTime="2025-11-22T21:25:39.6233537-04:00" testType="13cdc9d9-ddb5-4fa4-a97d-d965ccfc6d4b" outcome="Passed" testListId="8c84fa94-04c1-424b-9868-57a2d4851a1d" relativeResultsDirectory="7cf7f758-0a77-44d0-b257-46c9181ddc57" />
    <UnitTestResult executionId="8f8dd39c-6ea9-4442-a155-16e2fa881f76" testId="76f7e8e5-4bb4-96f4-f486-705293fc0c30" testName="events_service.Domain.Tests.ValueObjects.EstadoEventoTests.EsFinalizado_ConEstadoFinalizado_RetornaTrue" computerName="NUCBOXG3" duration="00:00:00.0001187" startTime="2025-11-22T21:25:39.6231379-04:00" endTime="2025-11-22T21:25:39.6231379-04:00" testType="13cdc9d9-ddb5-4fa4-a97d-d965ccfc6d4b" outcome="Passed" testListId="8c84fa94-04c1-424b-9868-57a2d4851a1d" relativeResultsDirectory="8f8dd39c-6ea9-4442-a155-16e2fa881f76" />
    <UnitTestResult executionId="9b551191-05e3-416b-a131-a23f935ab51e" testId="57a784cb-8dca-5393-6256-1709d1fcf887" testName="events_service.Domain.Tests.ValueObjects.DuracionEventoTests.Constructor_ConHorasCeroYMinutosPositivos_EsValido" computerName="NUCBOXG3" duration="00:00:00.0001735" startTime="2025-11-22T21:25:39.6148493-04:00" endTime="2025-11-22T21:25:39.6148494-04:00" testType="13cdc9d9-ddb5-4fa4-a97d-d965ccfc6d4b" outcome="Passed" testListId="8c84fa94-04c1-424b-9868-57a2d4851a1d" relativeResultsDirectory="9b551191-05e3-416b-a131-a23f935ab51e" />
    <UnitTestResult executionId="3999ae7b-328d-488d-bdce-71edadcce888" testId="5bcfe0db-1e28-ccc0-31e7-c07c7d26d329" testName="events_service.Domain.Tests.ValueObjects.EstadoEventoTests.EsPendientePago_ConEstadoPendientePago_RetornaTrue" computerName="NUCBOXG3" duration="00:00:00.0001760" startTime="2025-11-22T21:25:39.6213943-04:00" endTime="2025-11-22T21:25:39.6213953-04:00" testType="13cdc9d9-ddb5-4fa4-a97d-d965ccfc6d4b" outcome="Passed" testListId="8c84fa94-04c1-424b-9868-57a2d4851a1d" relativeResultsDirectory="3999ae7b-328d-488d-bdce-71edadcce888" />
    <UnitTestResult executionId="3afe8949-d2b6-4d69-89f9-d6a07054b9a5" testId="aaf156a5-e9d3-3838-0bd1-fabec18724b9" testName="events_service.Domain.Tests.ValueObjects.FechaEventoTests.Constructor_ConFechaValida_CreaInstancia" computerName="NUCBOXG3" duration="00:00:00.0023105" startTime="2025-11-22T21:25:39.6084954-04:00" endTime="2025-11-22T21:25:39.6084955-04:00" testType="13cdc9d9-ddb5-4fa4-a97d-d965ccfc6d4b" outcome="Passed" testListId="8c84fa94-04c1-424b-9868-57a2d4851a1d" relativeResultsDirectory="3afe8949-d2b6-4d69-89f9-d6a07054b9a5" />
    <UnitTestResult executionId="e52ba3d7-8337-4fe8-bee8-1a033713640a" testId="26b1fc97-6bc5-77a4-160b-2bd53eab267e" testName="events_service.Domain.Tests.ValueObjects.EstadoEventoTests.EsBorrador_ConEstadoBorrador_RetornaTrue" computerName="NUCBOXG3" duration="00:00:00.0002624" startTime="2025-11-22T21:25:39.6256697-04:00" endTime="2025-11-22T21:25:39.6256697-04:00" testType="13cdc9d9-ddb5-4fa4-a97d-d965ccfc6d4b" outcome="Passed" testListId="8c84fa94-04c1-424b-9868-57a2d4851a1d" relativeResultsDirectory="e52ba3d7-8337-4fe8-bee8-1a033713640a" />
    <UnitTestResult executionId="20aba294-2cc9-496b-b72b-329133a46562" testId="f66e2f63-f022-5ca2-8aa0-5f365e9a4982" testName="events_service.Domain.Tests.ValueObjects.PrecioEntradaTests.ToString_FormateaCorrectamente" computerName="NUCBOXG3" duration="00:00:00.0035507" startTime="2025-11-22T21:25:39.6277697-04:00" endTime="2025-11-22T21:25:39.6277698-04:00" testType="13cdc9d9-ddb5-4fa4-a97d-d965ccfc6d4b" outcome="Passed" testListId="8c84fa94-04c1-424b-9868-57a2d4851a1d" relativeResultsDirectory="20aba294-2cc9-496b-b72b-329133a46562" />
    <UnitTestResult executionId="9d1d696f-53ae-43f6-b7b4-be0af96aec86" testId="915d085a-5805-0b56-e43f-428751b874c5" testName="events_service.Domain.Tests.Entities.EventoTests.Publicar_ConTransaccionDiferente_LanzaExcepcion" computerName="NUCBOXG3" duration="00:00:00.0003525" startTime="2025-11-22T21:25:39.6296998-04:00" endTime="2025-11-22T21:25:39.6296998-04:00" testType="13cdc9d9-ddb5-4fa4-a97d-d965ccfc6d4b" outcome="Passed" testListId="8c84fa94-04c1-424b-9868-57a2d4851a1d" relativeResultsDirectory="9d1d696f-53ae-43f6-b7b4-be0af96aec86" />
    <UnitTestResult executionId="0bc0c5e8-021d-4881-80a6-5911f0c9170d" testId="69894a01-3c31-771e-5d52-fcaa11d951bb" testName="events_service.Domain.Tests.ValueObjects.DuracionEventoTests.ComoTimeSpan_RegresaTimeSpanEquivalente" computerName="NUCBOXG3" duration="00:00:00.0020621" startTime="2025-11-22T21:25:39.6161168-04:00" endTime="2025-11-22T21:25:39.6161169-04:00" testType="13cdc9d9-ddb5-4fa4-a97d-d965ccfc6d4b" outcome="Passed" testListId="8c84fa94-04c1-424b-9868-57a2d4851a1d" relativeResultsDirectory="0bc0c5e8-021d-4881-80a6-5911f0c9170d" />
    <UnitTestResult executionId="d60200f6-3958-4610-956f-4f78338d839b" testId="185879d2-c695-1ec6-67d5-caf45ef120a8" testName="events_service.Domain.Tests.ValueObjects.FechaEventoTests.Equals_ConFechasDiferentes_RetornaFalse" computerName="NUCBOXG3" duration="00:00:00.0006688" startTime="2025-11-22T21:25:39.4425646-04:00" endTime="2025-11-22T21:25:39.4425647-04:00" testType="13cdc9d9-ddb5-4fa4-a97d-d965ccfc6d4b" outcome="Passed" testListId="8c84fa94-04c1-424b-9868-57a2d4851a1d" relativeResultsDirectory="d60200f6-3958-4610-956f-4f78338d839b" />
    <UnitTestResult executionId="6a970edf-cb99-49ee-8984-84e138dc0be3" testId="597ef16c-02d4-9b77-d8d3-4cf06c7d2da5" testName="events_service.Domain.Tests.Entities.SeccionTests.Constructor_ConNombreNulo_LanzaExcepcion" computerName="NUCBOXG3" duration="00:00:00.0005438" startTime="2025-11-22T21:25:39.6186178-04:00" endTime="2025-11-22T21:25:39.6186178-04:00" testType="13cdc9d9-ddb5-4fa4-a97d-d965ccfc6d4b" outcome="Passed" testListId="8c84fa94-04c1-424b-9868-57a2d4851a1d" relativeResultsDirectory="6a970edf-cb99-49ee-8984-84e138dc0be3" />
    <UnitTestResult executionId="5bf7538a-dc5b-4dee-b8cd-0e343672c43f" testId="7a7d68ba-1903-5a70-cbdf-bff60e149db3" testName="events_service.Domain.Tests.Entities.SeccionTests.Equals_ConIdsDiferentes_RetornaFalse" computerName="NUCBOXG3" duration="00:00:00.0002400" startTime="2025-11-22T21:25:39.6204385-04:00" endTime="2025-11-22T21:25:39.6204385-04:00" testType="13cdc9d9-ddb5-4fa4-a97d-d965ccfc6d4b" outcome="Passed" testListId="8c84fa94-04c1-424b-9868-57a2d4851a1d" relativeResultsDirectory="5bf7538a-dc5b-4dee-b8cd-0e343672c43f" />
    <UnitTestResult executionId="d211752c-0f29-4f45-95b7-631e27c77baa" testId="4e9d4bf7-a51c-9464-2a21-d5a982f451b4" testName="events_service.Domain.Tests.Entities.EventoTests.PagarPublicacion_ConMontoCorrecto_MarcaPendientePago" computerName="NUCBOXG3" duration="00:00:00.0078304" startTime="2025-11-22T21:25:39.6281479-04:00" endTime="2025-11-22T21:25:39.6281479-04:00" testType="13cdc9d9-ddb5-4fa4-a97d-d965ccfc6d4b" outcome="Passed" testListId="8c84fa94-04c1-424b-9868-57a2d4851a1d" relativeResultsDirectory="d211752c-0f29-4f45-95b7-631e27c77baa" />
    <UnitTestResult executionId="c262a72c-c22a-4b3f-9086-46eb45c92278" testId="505636a7-5e3a-a34e-0967-f0385bbfb97a" testName="events_service.Domain.Tests.ValueObjects.DuracionEventoTests.Constructor_ConMinutosMayorA59_LanzaExcepcion" computerName="NUCBOXG3" duration="00:00:00.0086637" startTime="2025-11-22T21:25:39.6164302-04:00" endTime="2025-11-22T21:25:39.6164302-04:00" testType="13cdc9d9-ddb5-4fa4-a97d-d965ccfc6d4b" outcome="Passed" testListId="8c84fa94-04c1-424b-9868-57a2d4851a1d" relativeResultsDirectory="c262a72c-c22a-4b3f-9086-46eb45c92278" />
    <UnitTestResult executionId="782df546-9e10-46f8-8374-00ea81b113ad" testId="f25f1587-4691-c900-8fa3-f891165d5e71" testName="events_service.Domain.Tests.Entities.EventoTests.Iniciar_ConFechaAlcanzada_CambiaAEnCurso" computerName="NUCBOXG3" duration="00:00:00.0004369" startTime="2025-11-22T21:25:39.6083871-04:00" endTime="2025-11-22T21:25:39.6083872-04:00" testType="13cdc9d9-ddb5-4fa4-a97d-d965ccfc6d4b" outcome="Passed" testListId="8c84fa94-04c1-424b-9868-57a2d4851a1d" relativeResultsDirectory="782df546-9e10-46f8-8374-00ea81b113ad" />
    <UnitTestResult executionId="5743476d-c185-4a2d-a7b0-90f41e3b5142" testId="39702b2e-a068-79c1-d6b3-7e0fb081842a" testName="events_service.Domain.Tests.ValueObjects.PrecioEntradaTests.Constructor_ConPrecioCero_EsValido" computerName="NUCBOXG3" duration="00:00:00.0019346" startTime="2025-11-22T21:25:39.6279595-04:00" endTime="2025-11-22T21:25:39.6279596-04:00" testType="13cdc9d9-ddb5-4fa4-a97d-d965ccfc6d4b" outcome="Passed" testListId="8c84fa94-04c1-424b-9868-57a2d4851a1d" relativeResultsDirectory="5743476d-c185-4a2d-a7b0-90f41e3b5142" />
    <UnitTestResult executionId="7c2d41f6-9a6f-426b-9582-572e85041687" testId="3614c4b7-c721-2762-c14a-1ffcd9245683" testName="events_service.Domain.Tests.ValueObjects.PrecioEntradaTests.Constructor_ConPrecioPositivo_CreaInstancia" computerName="NUCBOXG3" duration="00:00:00.0004022" startTime="2025-11-22T21:25:39.6280546-04:00" endTime="2025-11-22T21:25:39.6280546-04:00" testType="13cdc9d9-ddb5-4fa4-a97d-d965ccfc6d4b" outcome="Passed" testListId="8c84fa94-04c1-424b-9868-57a2d4851a1d" relativeResultsDirectory="7c2d41f6-9a6f-426b-9582-572e85041687" />
    <UnitTestResult executionId="bd981c88-c976-4aa1-8917-27a1bdfce5c0" testId="b56cffab-56dd-541a-3121-b3ac3217e784" testName="events_service.Domain.Tests.ValueObjects.EstadoEventoTests.PuedeTransicionarA_DePendientePagoAPublicado_RetornaTrue" computerName="NUCBOXG3" duration="00:00:00.0001426" startTime="2025-11-22T21:25:39.6254144-04:00" endTime="2025-11-22T21:25:39.6254144-04:00" testType="13cdc9d9-ddb5-4fa4-a97d-d965ccfc6d4b" outcome="Passed" testListId="8c84fa94-04c1-424b-9868-57a2d4851a1d" relativeResultsDirectory="bd981c88-c976-4aa1-8917-27a1bdfce5c0" />
    <UnitTestResult executionId="c91e8a15-bda3-437d-9e9f-c035c7e94c94" testId="61a38bdc-1859-d572-9bd0-8eca0d31a00b" testName="events_service.Domain.Tests.Entities.EventoTests.Cancelar_DesdePublicado_CambiaACanceladoYEmiteEvento" computerName="NUCBOXG3" duration="00:00:00.0008531" startTime="2025-11-22T21:25:39.6079607-04:00" endTime="2025-11-22T21:25:39.6079607-04:00" testType="13cdc9d9-ddb5-4fa4-a97d-d965ccfc6d4b" outcome="Passed" testListId="8c84fa94-04c1-424b-9868-57a2d4851a1d" relativeResultsDirectory="c91e8a15-bda3-437d-9e9f-c035c7e94c94" />
    <UnitTestResult executionId="e87b8af6-e61f-4570-b778-ab1a5cae8e29" testId="d12b7db4-82c2-eeea-ee20-2552ff6174d9" testName="events_service.Domain.Tests.ValueObjects.EstadoEventoTests.EsEnCurso_ConEstadoEnCurso_RetornaTrue" computerName="NUCBOXG3" duration="00:00:00.0001265" startTime="2025-11-22T21:25:39.6237765-04:00" endTime="2025-11-22T21:25:39.6237766-04:00" testType="13cdc9d9-ddb5-4fa4-a97d-d965ccfc6d4b" outcome="Passed" testListId="8c84fa94-04c1-424b-9868-57a2d4851a1d" relativeResultsDirectory="e87b8af6-e61f-4570-b778-ab1a5cae8e29" />
    <UnitTestResult executionId="33d59e9d-60f6-429b-aaa5-4b7ee9f0a7ae" testId="0f721d12-61db-8348-07d7-28a26c0ed728" testName="events_service.Domain.Tests.ValueObjects.EstadoEventoTests.Constructor_ConEstadosValidos_CreaInstancia(estado: &quot;Cancelado&quot;)" computerName="NUCBOXG3" duration="00:00:00.0000063" startTime="2025-11-22T21:25:39.6208020-04:00" endTime="2025-11-22T21:25:39.6208020-04:00" testType="13cdc9d9-ddb5-4fa4-a97d-d965ccfc6d4b" outcome="Passed" testListId="8c84fa94-04c1-424b-9868-57a2d4851a1d" relativeResultsDirectory="33d59e9d-60f6-429b-aaa5-4b7ee9f0a7ae" />
    <UnitTestResult executionId="f6f37c07-6040-4b46-bc75-d27f1b596138" testId="73fc084d-8155-c8d9-605b-5d4546981e29" testName="events_service.Domain.Tests.ValueObjects.EstadoEventoTests.EsPublicado_ConEstadoPublicado_RetornaTrue" computerName="NUCBOXG3" duration="00:00:00.0002493" startTime="2025-11-22T21:25:39.6234603-04:00" endTime="2025-11-22T21:25:39.6234604-04:00" testType="13cdc9d9-ddb5-4fa4-a97d-d965ccfc6d4b" outcome="Passed" testListId="8c84fa94-04c1-424b-9868-57a2d4851a1d" relativeResultsDirectory="f6f37c07-6040-4b46-bc75-d27f1b596138" />
    <UnitTestResult executionId="de2db448-1d4a-49ba-aed4-ef13ca5fd5eb" testId="5fca504e-425e-880e-64f8-8189e123497a" testName="events_service.Domain.Tests.ValueObjects.DuracionEventoTests.Constructor_ConHorasCeroYMinutosCero_LanzaExcepcion" computerName="NUCBOXG3" duration="00:00:00.0027247" startTime="2025-11-22T21:25:39.6163240-04:00" endTime="2025-11-22T21:25:39.6163241-04:00" testType="13cdc9d9-ddb5-4fa4-a97d-d965ccfc6d4b" outcome="Passed" testListId="8c84fa94-04c1-424b-9868-57a2d4851a1d" relativeResultsDirectory="de2db448-1d4a-49ba-aed4-ef13ca5fd5eb" />
    <UnitTestResult executionId="ea346925-d1b2-4488-a736-8e461810fcdd" testId="4951fb00-9f9b-25c4-4b4a-b3ea8f296464" testName="events_service.Domain.Tests.ValueObjects.EstadoEventoTests.PuedeTransicionarA_DeFinalizadoAPublicado_RetornaFalse" computerName="NUCBOXG3" duration="00:00:00.0559115" startTime="2025-11-22T21:25:39.6188401-04:00" endTime="2025-11-22T21:25:39.6188401-04:00" testType="13cdc9d9-ddb5-4fa4-a97d-d965ccfc6d4b" outcome="Passed" testListId="8c84fa94-04c1-424b-9868-57a2d4851a1d" relativeResultsDirectory="ea346925-d1b2-4488-a736-8e461810fcdd" />
    <UnitTestResult executionId="edc6a59e-eed4-48a9-8214-235cea717448" testId="207e8806-0e5f-81df-e737-bb0708c05fb3" testName="events_service.Domain.Tests.ValueObjects.FechaEventoTests.HaComenzado_CuandoFechaMayorReferencia_RetornaFalse" computerName="NUCBOXG3" duration="00:00:00.0520190" startTime="2025-11-22T21:25:39.4167323-04:00" endTime="2025-11-22T21:25:39.4167324-04:00" testType="13cdc9d9-ddb5-4fa4-a97d-d965ccfc6d4b" outcome="Passed" testListId="8c84fa94-04c1-424b-9868-57a2d4851a1d" relativeResultsDirectory="edc6a59e-eed4-48a9-8214-235cea717448" />
    <UnitTestResult executionId="1993fbc6-d62e-4fb1-973c-d6931100d614" testId="17c5d9e8-e23a-9ec8-eb27-0264eb58e56b" testName="events_service.Domain.Tests.Entities.EventoTests.Finalizar_DesdeEnCurso_CambiaAFinalizado" computerName="NUCBOXG3" duration="00:00:00.0007030" startTime="2025-11-22T21:25:39.6082540-04:00" endTime="2025-11-22T21:25:39.6082541-04:00" testType="13cdc9d9-ddb5-4fa4-a97d-d965ccfc6d4b" outcome="Passed" testListId="8c84fa94-04c1-424b-9868-57a2d4851a1d" relativeResultsDirectory="1993fbc6-d62e-4fb1-973c-d6931100d614" />
    <UnitTestResult executionId="436f3009-7c26-4539-a80c-feccb008c0d3" testId="3f7d230e-22c9-c967-f539-fc2b608760da" testName="events_service.Domain.Tests.ValueObjects.EstadoEventoTests.OperadorDesigualdad_ConEstadosDiferentes_RetornaTrue" computerName="NUCBOXG3" duration="00:00:00.0002186" startTime="2025-11-22T21:25:39.6255671-04:00" endTime="2025-11-22T21:25:39.6255672-04:00" testType="13cdc9d9-ddb5-4fa4-a97d-d965ccfc6d4b" outcome="Passed" testListId="8c84fa94-04c1-424b-9868-57a2d4851a1d" relativeResultsDirectory="436f3009-7c26-4539-a80c-feccb008c0d3" />
    <UnitTestResult executionId="a03ce011-5564-4dca-9ba2-60e07a745e03" testId="8fca5217-17ee-6642-8800-09f402ea290f" testName="events_service.Domain.Tests.ValueObjects.EstadoEventoTests.Constructor_ConEstadoVacio_LanzaExcepcion" computerName="NUCBOXG3" duration="00:00:00.0007741" startTime="2025-11-22T21:25:39.6261625-04:00" endTime="2025-11-22T21:25:39.6261626-04:00" testType="13cdc9d9-ddb5-4fa4-a97d-d965ccfc6d4b" outcome="Passed" testListId="8c84fa94-04c1-424b-9868-57a2d4851a1d" relativeResultsDirectory="a03ce011-5564-4dca-9ba2-60e07a745e03" />
    <UnitTestResult executionId="59327f5d-eae9-4137-bfdb-732bfc437d64" testId="13416fe0-abea-6140-2102-19c7bac1c7ba" testName="events_service.Domain.Tests.Entities.EventoTests.Editar_EnBorrador_ActualizaDatosYGeneraEvento" computerName="NUCBOXG3" duration="00:00:00.0106564" startTime="2025-11-22T21:25:39.6086759-04:00" endTime="2025-11-22T21:25:39.6086760-04:00" testType="13cdc9d9-ddb5-4fa4-a97d-d965ccfc6d4b" outcome="Passed" testListId="8c84fa94-04c1-424b-9868-57a2d4851a1d" relativeResultsDirectory="59327f5d-eae9-4137-bfdb-732bfc437d64" />
    <UnitTestResult executionId="15faf5e6-8b09-4d04-8398-f34fd9b8fac9" testId="f938522d-3f54-596d-6ca4-02dc17f9828f" testName="events_service.Domain.Tests.ValueObjects.FechaEventoTests.HaComenzado_CuandoFechaMenorOIgualReferencia_RetornaTrue" computerName="NUCBOXG3" duration="00:00:00.0002250" startTime="2025-11-22T21:25:39.6078699-04:00" endTime="2025-11-22T21:25:39.6078700-04:00" testType="13cdc9d9-ddb5-4fa4-a97d-d965ccfc6d4b" outcome="Passed" testListId="8c84fa94-04c1-424b-9868-57a2d4851a1d" relativeResultsDirectory="15faf5e6-8b09-4d04-8398-f34fd9b8fac9" />
    <UnitTestResult executionId="2241809b-fd58-4bcf-b985-0dd32dddab9b" testId="f641a2ab-146b-12b7-ee72-c968c3b82e8a" testName="events_service.Domain.Tests.ValueObjects.EstadoEventoTests.PuedeTransicionarA_DeBorradorACancelado_RetornaTrue" computerName="NUCBOXG3" duration="00:00:00.0001472" startTime="2025-11-22T21:25:39.6230001-04:00" endTime="2025-11-22T21:25:39.6230002-04:00" testType="13cdc9d9-ddb5-4fa4-a97d-d965ccfc6d4b" outcome="Passed" testListId="8c84fa94-04c1-424b-9868-57a2d4851a1d" relativeResultsDirectory="2241809b-fd58-4bcf-b985-0dd32dddab9b" />
    <UnitTestResult executionId="76ac04db-0e77-4a9d-8725-787850daf53c" testId="cd3c6094-8071-38cc-23c7-1314e14141e9" testName="events_service.Domain.Tests.Entities.EventoTests.Crear_SinSecciones_LanzaExcepcion" computerName="NUCBOXG3" duration="00:00:00.0006354" startTime="2025-11-22T21:25:39.6081440-04:00" endTime="2025-11-22T21:25:39.6081440-04:00" testType="13cdc9d9-ddb5-4fa4-a97d-d965ccfc6d4b" outcome="Passed" testListId="8c84fa94-04c1-424b-9868-57a2d4851a1d" relativeResultsDirectory="76ac04db-0e77-4a9d-8725-787850daf53c" />
    <UnitTestResult executionId="e92d4253-f91d-4508-964f-aa18f61ba386" testId="e4f89588-adab-a46a-3c4d-9474517b9a72" testName="events_service.Domain.Tests.ValueObjects.EstadoEventoTests.PuedeTransicionarA_DePublicadoAEnCurso_RetornaTrue" computerName="NUCBOXG3" duration="00:00:00.0002025" startTime="2025-11-22T21:25:39.6260642-04:00" endTime="2025-11-22T21:25:39.6260642-04:00" testType="13cdc9d9-ddb5-4fa4-a97d-d965ccfc6d4b" outcome="Passed" testListId="8c84fa94-04c1-424b-9868-57a2d4851a1d" relativeResultsDirectory="e92d4253-f91d-4508-964f-aa18f61ba386" />
    <UnitTestResult executionId="2724a005-ed09-4769-b4b0-392c23fd8292" testId="e96b22bc-8a79-11d6-493d-2335e63adace" testName="events_service.Domain.Tests.ValueObjects.DuracionEventoTests.Constructor_ConDuracionPositiva_CreaInstancia" computerName="NUCBOXG3" duration="00:00:00.0006410" startTime="2025-11-22T21:25:39.6145399-04:00" endTime="2025-11-22T21:25:39.6145400-04:00" testType="13cdc9d9-ddb5-4fa4-a97d-d965ccfc6d4b" outcome="Passed" testListId="8c84fa94-04c1-424b-9868-57a2d4851a1d" relativeResultsDirectory="2724a005-ed09-4769-b4b0-392c23fd8292" />
    <UnitTestResult executionId="9d81a6d1-fdcd-4701-9d91-b394036fdddb" testId="32afac9d-5bdb-e07a-1a16-e3898041af28" testName="events_service.Domain.Tests.ValueObjects.DuracionEventoTests.Equals_ConDuracionesDiferentes_RetornaFalse" computerName="NUCBOXG3" duration="00:00:00.0001639" startTime="2025-11-22T21:25:39.6166398-04:00" endTime="2025-11-22T21:25:39.6166399-04:00" testType="13cdc9d9-ddb5-4fa4-a97d-d965ccfc6d4b" outcome="Passed" testListId="8c84fa94-04c1-424b-9868-57a2d4851a1d" relativeResultsDirectory="9d81a6d1-fdcd-4701-9d91-b394036fdddb" />
    <UnitTestResult executionId="0982582b-83b9-4dfa-8383-bf956b656772" testId="832a4622-d1b5-00e1-7659-289ebe5e883c" testName="events_service.Domain.Tests.ValueObjects.EstadoEventoTests.Constructor_ConEstadoNulo_LanzaExcepcion" computerName="NUCBOXG3" duration="00:00:00.0004441" startTime="2025-11-22T21:25:39.6252955-04:00" endTime="2025-11-22T21:25:39.6252956-04:00" testType="13cdc9d9-ddb5-4fa4-a97d-d965ccfc6d4b" outcome="Passed" testListId="8c84fa94-04c1-424b-9868-57a2d4851a1d" relativeResultsDirectory="0982582b-83b9-4dfa-8383-bf956b656772" />
    <UnitTestResult executionId="4cd07882-036c-4461-a90d-c762b1da9151" testId="4eceeb95-b8da-b3de-f17d-f682340ac5a9" testName="events_service.Domain.Tests.ValueObjects.PrecioEntradaTests.GetHashCode_ConMismoPrecio_RetornaMismoHash" computerName="NUCBOXG3" duration="00:00:00.0010819" startTime="2025-11-22T21:25:39.6276634-04:00" endTime="2025-11-22T21:25:39.6276635-04:00" testType="13cdc9d9-ddb5-4fa4-a97d-d965ccfc6d4b" outcome="Passed" testListId="8c84fa94-04c1-424b-9868-57a2d4851a1d" relativeResultsDirectory="4cd07882-036c-4461-a90d-c762b1da9151" />
  </Results>
  <TestDefinitions>
    <UnitTest name="events_service.Domain.Tests.ValueObjects.EstadoEventoTests.EsPendientePago_ConEstadoPendientePago_RetornaTrue" storage="d:\proyecto_ds_2025-02\eventmesh-lab\services\events-service\tests\events-service.domain.tests\bin\debug\net8.0\events-service.domain.tests.dll" id="5bcfe0db-1e28-ccc0-31e7-c07c7d26d329">
      <Execution id="3999ae7b-328d-488d-bdce-71edadcce888" />
      <TestMethod codeBase="D:\Proyecto_DS_2025-02\eventmesh-lab\Services\events-service\tests\events-service.Domain.Tests\bin\Debug\net8.0\events-service.Domain.Tests.dll" adapterTypeName="executor://xunit/VsTestRunner2/netcoreapp" className="events_service.Domain.Tests.ValueObjects.EstadoEventoTests" name="EsPendientePago_ConEstadoPendientePago_RetornaTrue" />
    </UnitTest>
    <UnitTest name="events_service.Domain.Tests.ValueObjects.PrecioEntradaTests.Equals_ConPreciosDiferentes_RetornaFalse" storage="d:\proyecto_ds_2025-02\eventmesh-lab\services\events-service\tests\events-service.domain.tests\bin\debug\net8.0\events-service.domain.tests.dll" id="6df900e6-db97-b56c-0792-63792b43b1c8">
      <Execution id="73a0a6c7-3ca9-4954-b695-dfddc481f808" />
      <TestMethod codeBase="D:\Proyecto_DS_2025-02\eventmesh-lab\Services\events-service\tests\events-service.Domain.Tests\bin\Debug\net8.0\events-service.Domain.Tests.dll" adapterTypeName="executor://xunit/VsTestRunner2/netcoreapp" className="events_service.Domain.Tests.ValueObjects.PrecioEntradaTests" name="Equals_ConPreciosDiferentes_RetornaFalse" />
    </UnitTest>
    <UnitTest name="events_service.Domain.Tests.ValueObjects.DuracionEventoTests.Constructor_ConHorasCeroYMinutosPositivos_EsValido" storage="d:\proyecto_ds_2025-02\eventmesh-lab\services\events-service\tests\events-service.domain.tests\bin\debug\net8.0\events-service.domain.tests.dll" id="57a784cb-8dca-5393-6256-1709d1fcf887">
      <Execution id="9b551191-05e3-416b-a131-a23f935ab51e" />
      <TestMethod codeBase="D:\Proyecto_DS_2025-02\eventmesh-lab\Services\events-service\tests\events-service.Domain.Tests\bin\Debug\net8.0\events-service.Domain.Tests.dll" adapterTypeName="executor://xunit/VsTestRunner2/netcoreapp" className="events_service.Domain.Tests.ValueObjects.DuracionEventoTests" name="Constructor_ConHorasCeroYMinutosPositivos_EsValido" />
    </UnitTest>
    <UnitTest name="events_service.Domain.Tests.ValueObjects.EstadoEventoTests.EsCancelado_ConEstadoCancelado_RetornaTrue" storage="d:\proyecto_ds_2025-02\eventmesh-lab\services\events-service\tests\events-service.domain.tests\bin\debug\net8.0\events-service.domain.tests.dll" id="a2778f15-03b1-ce0f-1cf6-6510a724a733">
      <Execution id="982a9918-a104-4028-b13f-bc0a7b06ef01" />
      <TestMethod codeBase="D:\Proyecto_DS_2025-02\eventmesh-lab\Services\events-service\tests\events-service.Domain.Tests\bin\Debug\net8.0\events-service.Domain.Tests.dll" adapterTypeName="executor://xunit/VsTestRunner2/netcoreapp" className="events_service.Domain.Tests.ValueObjects.EstadoEventoTests" name="EsCancelado_ConEstadoCancelado_RetornaTrue" />
    </UnitTest>
    <UnitTest name="events_service.Domain.Tests.ValueObjects.DuracionEventoTests.OperadorIgualdad_ConMismaDuracion_RetornaTrue" storage="d:\proyecto_ds_2025-02\eventmesh-lab\services\events-service\tests\events-service.domain.tests\bin\debug\net8.0\events-service.domain.tests.dll" id="9f7f05d9-0315-ed9b-f0d2-7cf81cd21078">
      <Execution id="1b60f628-010a-4d59-b18c-95bbd45f1fb7" />
      <TestMethod codeBase="D:\Proyecto_DS_2025-02\eventmesh-lab\Services\events-service\tests\events-service.Domain.Tests\bin\Debug\net8.0\events-service.Domain.Tests.dll" adapterTypeName="executor://xunit/VsTestRunner2/netcoreapp" className="events_service.Domain.Tests.ValueObjects.DuracionEventoTests" name="OperadorIgualdad_ConMismaDuracion_RetornaTrue" />
    </UnitTest>
    <UnitTest name="events_service.Domain.Tests.ValueObjects.PrecioEntradaTests.EsGratis_ConPrecioCero_RetornaTrue" storage="d:\proyecto_ds_2025-02\eventmesh-lab\services\events-service\tests\events-service.domain.tests\bin\debug\net8.0\events-service.domain.tests.dll" id="f2f375f0-82de-1680-bc56-911543bd8848">
      <Execution id="54482a6f-7882-4446-b3b5-afe0f81536de" />
      <TestMethod codeBase="D:\Proyecto_DS_2025-02\eventmesh-lab\Services\events-service\tests\events-service.Domain.Tests\bin\Debug\net8.0\events-service.Domain.Tests.dll" adapterTypeName="executor://xunit/VsTestRunner2/netcoreapp" className="events_service.Domain.Tests.ValueObjects.PrecioEntradaTests" name="EsGratis_ConPrecioCero_RetornaTrue" />
    </UnitTest>
    <UnitTest name="events_service.Domain.Tests.ValueObjects.EstadoEventoTests.PuedeTransicionarA_DePublicadoABorrador_RetornaFalse" storage="d:\proyecto_ds_2025-02\eventmesh-lab\services\events-service\tests\events-service.domain.tests\bin\debug\net8.0\events-service.domain.tests.dll" id="a3655a24-3cdb-0442-5da3-57c599f02c75">
      <Execution id="0709af8a-f125-4d13-8cf0-bb9d19ff8202" />
      <TestMethod codeBase="D:\Proyecto_DS_2025-02\eventmesh-lab\Services\events-service\tests\events-service.Domain.Tests\bin\Debug\net8.0\events-service.Domain.Tests.dll" adapterTypeName="executor://xunit/VsTestRunner2/netcoreapp" className="events_service.Domain.Tests.ValueObjects.EstadoEventoTests" name="PuedeTransicionarA_DePublicadoABorrador_RetornaFalse" />
    </UnitTest>
    <UnitTest name="events_service.Domain.Tests.Entities.SeccionTests.Constructor_ConNombreNulo_LanzaExcepcion" storage="d:\proyecto_ds_2025-02\eventmesh-lab\services\events-service\tests\events-service.domain.tests\bin\debug\net8.0\events-service.domain.tests.dll" id="597ef16c-02d4-9b77-d8d3-4cf06c7d2da5">
      <Execution id="6a970edf-cb99-49ee-8984-84e138dc0be3" />
      <TestMethod codeBase="D:\Proyecto_DS_2025-02\eventmesh-lab\Services\events-service\tests\events-service.Domain.Tests\bin\Debug\net8.0\events-service.Domain.Tests.dll" adapterTypeName="executor://xunit/VsTestRunner2/netcoreapp" className="events_service.Domain.Tests.Entities.SeccionTests" name="Constructor_ConNombreNulo_LanzaExcepcion" />
    </UnitTest>
    <UnitTest name="events_service.Domain.Tests.Entities.SeccionTests.Constructor_ConCapacidadCero_LanzaExcepcion" storage="d:\proyecto_ds_2025-02\eventmesh-lab\services\events-service\tests\events-service.domain.tests\bin\debug\net8.0\events-service.domain.tests.dll" id="885fd1dc-ce66-aa4b-b344-9d5968e5cbdd">
      <Execution id="597ade38-4967-48c2-879b-f9a7781554e4" />
      <TestMethod codeBase="D:\Proyecto_DS_2025-02\eventmesh-lab\Services\events-service\tests\events-service.Domain.Tests\bin\Debug\net8.0\events-service.Domain.Tests.dll" adapterTypeName="executor://xunit/VsTestRunner2/netcoreapp" className="events_service.Domain.Tests.Entities.SeccionTests" name="Constructor_ConCapacidadCero_LanzaExcepcion" />
    </UnitTest>
    <UnitTest name="events_service.Domain.Tests.ValueObjects.DuracionEventoTests.TotalMinutos_CalculaCorrectamente" storage="d:\proyecto_ds_2025-02\eventmesh-lab\services\events-service\tests\events-service.domain.tests\bin\debug\net8.0\events-service.domain.tests.dll" id="4e77769a-2103-56da-c061-5af2edec0c13">
      <Execution id="2ae027d9-e0a7-4787-9153-f0112c20984e" />
      <TestMethod codeBase="D:\Proyecto_DS_2025-02\eventmesh-lab\Services\events-service\tests\events-service.Domain.Tests\bin\Debug\net8.0\events-service.Domain.Tests.dll" adapterTypeName="executor://xunit/VsTestRunner2/netcoreapp" className="events_service.Domain.Tests.ValueObjects.DuracionEventoTests" name="TotalMinutos_CalculaCorrectamente" />
    </UnitTest>
    <UnitTest name="events_service.Domain.Tests.Entities.EventoTests.Editar_FueraDeBorrador_LanzaExcepcion" storage="d:\proyecto_ds_2025-02\eventmesh-lab\services\events-service\tests\events-service.domain.tests\bin\debug\net8.0\events-service.domain.tests.dll" id="bd517e0e-a01c-a47c-5626-c3c8824167b6">
      <Execution id="247c2ffc-174b-454a-b60a-c38133288a0f" />
      <TestMethod codeBase="D:\Proyecto_DS_2025-02\eventmesh-lab\Services\events-service\tests\events-service.Domain.Tests\bin\Debug\net8.0\events-service.Domain.Tests.dll" adapterTypeName="executor://xunit/VsTestRunner2/netcoreapp" className="events_service.Domain.Tests.Entities.EventoTests" name="Editar_FueraDeBorrador_LanzaExcepcion" />
    </UnitTest>
    <UnitTest name="events_service.Domain.Tests.Entities.EventoTests.Iniciar_ConFechaAlcanzada_CambiaAEnCurso" storage="d:\proyecto_ds_2025-02\eventmesh-lab\services\events-service\tests\events-service.domain.tests\bin\debug\net8.0\events-service.domain.tests.dll" id="f25f1587-4691-c900-8fa3-f891165d5e71">
      <Execution id="782df546-9e10-46f8-8374-00ea81b113ad" />
      <TestMethod codeBase="D:\Proyecto_DS_2025-02\eventmesh-lab\Services\events-service\tests\events-service.Domain.Tests\bin\Debug\net8.0\events-service.Domain.Tests.dll" adapterTypeName="executor://xunit/VsTestRunner2/netcoreapp" className="events_service.Domain.Tests.Entities.EventoTests" name="Iniciar_ConFechaAlcanzada_CambiaAEnCurso" />
    </UnitTest>
    <UnitTest name="events_service.Domain.Tests.ValueObjects.EstadoEventoTests.GetHashCode_ConMismoEstado_RetornaMismoHash" storage="d:\proyecto_ds_2025-02\eventmesh-lab\services\events-service\tests\events-service.domain.tests\bin\debug\net8.0\events-service.domain.tests.dll" id="dccff0c3-8b3e-2b63-9b75-372823727905">
      <Execution id="f270a589-29ba-4cc1-8663-1173a3be38b5" />
      <TestMethod codeBase="D:\Proyecto_DS_2025-02\eventmesh-lab\Services\events-service\tests\events-service.Domain.Tests\bin\Debug\net8.0\events-service.Domain.Tests.dll" adapterTypeName="executor://xunit/VsTestRunner2/netcoreapp" className="events_service.Domain.Tests.ValueObjects.EstadoEventoTests" name="GetHashCode_ConMismoEstado_RetornaMismoHash" />
    </UnitTest>
    <UnitTest name="events_service.Domain.Tests.ValueObjects.EstadoEventoTests.PuedeTransicionarA_DeBorradorAPendientePago_RetornaTrue" storage="d:\proyecto_ds_2025-02\eventmesh-lab\services\events-service\tests\events-service.domain.tests\bin\debug\net8.0\events-service.domain.tests.dll" id="50aa6442-a0fa-67a1-7a6a-1a52d267a007">
      <Execution id="622e4d8b-f89c-4970-a949-1d91fe52ad99" />
      <TestMethod codeBase="D:\Proyecto_DS_2025-02\eventmesh-lab\Services\events-service\tests\events-service.Domain.Tests\bin\Debug\net8.0\events-service.Domain.Tests.dll" adapterTypeName="executor://xunit/VsTestRunner2/netcoreapp" className="events_service.Domain.Tests.ValueObjects.EstadoEventoTests" name="PuedeTransicionarA_DeBorradorAPendientePago_RetornaTrue" />
    </UnitTest>
    <UnitTest name="events_service.Domain.Tests.ValueObjects.DuracionEventoTests.Constructor_ConDuracionPositiva_CreaInstancia" storage="d:\proyecto_ds_2025-02\eventmesh-lab\services\events-service\tests\events-service.domain.tests\bin\debug\net8.0\events-service.domain.tests.dll" id="e96b22bc-8a79-11d6-493d-2335e63adace">
      <Execution id="2724a005-ed09-4769-b4b0-392c23fd8292" />
      <TestMethod codeBase="D:\Proyecto_DS_2025-02\eventmesh-lab\Services\events-service\tests\events-service.Domain.Tests\bin\Debug\net8.0\events-service.Domain.Tests.dll" adapterTypeName="executor://xunit/VsTestRunner2/netcoreapp" className="events_service.Domain.Tests.ValueObjects.DuracionEventoTests" name="Constructor_ConDuracionPositiva_CreaInstancia" />
    </UnitTest>
    <UnitTest name="events_service.Domain.Tests.ValueObjects.EstadoEventoTests.PuedeTransicionarA_DePendientePagoAPublicado_RetornaTrue" storage="d:\proyecto_ds_2025-02\eventmesh-lab\services\events-service\tests\events-service.domain.tests\bin\debug\net8.0\events-service.domain.tests.dll" id="b56cffab-56dd-541a-3121-b3ac3217e784">
      <Execution id="bd981c88-c976-4aa1-8917-27a1bdfce5c0" />
      <TestMethod codeBase="D:\Proyecto_DS_2025-02\eventmesh-lab\Services\events-service\tests\events-service.Domain.Tests\bin\Debug\net8.0\events-service.Domain.Tests.dll" adapterTypeName="executor://xunit/VsTestRunner2/netcoreapp" className="events_service.Domain.Tests.ValueObjects.EstadoEventoTests" name="PuedeTransicionarA_DePendientePagoAPublicado_RetornaTrue" />
    </UnitTest>
    <UnitTest name="events_service.Domain.Tests.ValueObjects.PrecioEntradaTests.Equals_ConMismoPrecio_RetornaTrue" storage="d:\proyecto_ds_2025-02\eventmesh-lab\services\events-service\tests\events-service.domain.tests\bin\debug\net8.0\events-service.domain.tests.dll" id="d7429412-85fd-8172-01e6-0bf12cacba74">
      <Execution id="092e1930-4dbf-445c-bad8-1bbb965239fc" />
      <TestMethod codeBase="D:\Proyecto_DS_2025-02\eventmesh-lab\Services\events-service\tests\events-service.Domain.Tests\bin\Debug\net8.0\events-service.Domain.Tests.dll" adapterTypeName="executor://xunit/VsTestRunner2/netcoreapp" className="events_service.Domain.Tests.ValueObjects.PrecioEntradaTests" name="Equals_ConMismoPrecio_RetornaTrue" />
    </UnitTest>
    <UnitTest name="events_service.Domain.Tests.ValueObjects.EstadoEventoTests.OperadorDesigualdad_ConEstadosDiferentes_RetornaTrue" storage="d:\proyecto_ds_2025-02\eventmesh-lab\services\events-service\tests\events-service.domain.tests\bin\debug\net8.0\events-service.domain.tests.dll" id="3f7d230e-22c9-c967-f539-fc2b608760da">
      <Execution id="436f3009-7c26-4539-a80c-feccb008c0d3" />
      <TestMethod codeBase="D:\Proyecto_DS_2025-02\eventmesh-lab\Services\events-service\tests\events-service.Domain.Tests\bin\Debug\net8.0\events-service.Domain.Tests.dll" adapterTypeName="executor://xunit/VsTestRunner2/netcoreapp" className="events_service.Domain.Tests.ValueObjects.EstadoEventoTests" name="OperadorDesigualdad_ConEstadosDiferentes_RetornaTrue" />
    </UnitTest>
    <UnitTest name="events_service.Domain.Tests.ValueObjects.EstadoEventoTests.Constructor_ConEstadoVacio_LanzaExcepcion" storage="d:\proyecto_ds_2025-02\eventmesh-lab\services\events-service\tests\events-service.domain.tests\bin\debug\net8.0\events-service.domain.tests.dll" id="8fca5217-17ee-6642-8800-09f402ea290f">
      <Execution id="a03ce011-5564-4dca-9ba2-60e07a745e03" />
      <TestMethod codeBase="D:\Proyecto_DS_2025-02\eventmesh-lab\Services\events-service\tests\events-service.Domain.Tests\bin\Debug\net8.0\events-service.Domain.Tests.dll" adapterTypeName="executor://xunit/VsTestRunner2/netcoreapp" className="events_service.Domain.Tests.ValueObjects.EstadoEventoTests" name="Constructor_ConEstadoVacio_LanzaExcepcion" />
    </UnitTest>
    <UnitTest name="events_service.Domain.Tests.ValueObjects.DuracionEventoTests.Constructor_ConHorasCeroYMinutosCero_LanzaExcepcion" storage="d:\proyecto_ds_2025-02\eventmesh-lab\services\events-service\tests\events-service.domain.tests\bin\debug\net8.0\events-service.domain.tests.dll" id="5fca504e-425e-880e-64f8-8189e123497a">
      <Execution id="de2db448-1d4a-49ba-aed4-ef13ca5fd5eb" />
      <TestMethod codeBase="D:\Proyecto_DS_2025-02\eventmesh-lab\Services\events-service\tests\events-service.Domain.Tests\bin\Debug\net8.0\events-service.Domain.Tests.dll" adapterTypeName="executor://xunit/VsTestRunner2/netcoreapp" className="events_service.Domain.Tests.ValueObjects.DuracionEventoTests" name="Constructor_ConHorasCeroYMinutosCero_LanzaExcepcion" />
    </UnitTest>
    <UnitTest name="events_service.Domain.Tests.ValueObjects.FechaEventoTests.HaComenzado_CuandoFechaMayorReferencia_RetornaFalse" storage="d:\proyecto_ds_2025-02\eventmesh-lab\services\events-service\tests\events-service.domain.tests\bin\debug\net8.0\events-service.domain.tests.dll" id="207e8806-0e5f-81df-e737-bb0708c05fb3">
      <Execution id="edc6a59e-eed4-48a9-8214-235cea717448" />
      <TestMethod codeBase="D:\Proyecto_DS_2025-02\eventmesh-lab\Services\events-service\tests\events-service.Domain.Tests\bin\Debug\net8.0\events-service.Domain.Tests.dll" adapterTypeName="executor://xunit/VsTestRunner2/netcoreapp" className="events_service.Domain.Tests.ValueObjects.FechaEventoTests" name="HaComenzado_CuandoFechaMayorReferencia_RetornaFalse" />
    </UnitTest>
    <UnitTest name="events_service.Domain.Tests.ValueObjects.PrecioEntradaTests.Constructor_ConPrecioPositivo_CreaInstancia" storage="d:\proyecto_ds_2025-02\eventmesh-lab\services\events-service\tests\events-service.domain.tests\bin\debug\net8.0\events-service.domain.tests.dll" id="3614c4b7-c721-2762-c14a-1ffcd9245683">
      <Execution id="7c2d41f6-9a6f-426b-9582-572e85041687" />
      <TestMethod codeBase="D:\Proyecto_DS_2025-02\eventmesh-lab\Services\events-service\tests\events-service.Domain.Tests\bin\Debug\net8.0\events-service.Domain.Tests.dll" adapterTypeName="executor://xunit/VsTestRunner2/netcoreapp" className="events_service.Domain.Tests.ValueObjects.PrecioEntradaTests" name="Constructor_ConPrecioPositivo_CreaInstancia" />
    </UnitTest>
    <UnitTest name="events_service.Domain.Tests.ValueObjects.PrecioEntradaTests.Constructor_ConPrecioMuyAlto_EsValido" storage="d:\proyecto_ds_2025-02\eventmesh-lab\services\events-service\tests\events-service.domain.tests\bin\debug\net8.0\events-service.domain.tests.dll" id="51c5ce84-bb28-82e3-a103-879d8d8dd7ca">
      <Execution id="8a697ae1-083e-4b6b-af7b-6ce57f2935ce" />
      <TestMethod codeBase="D:\Proyecto_DS_2025-02\eventmesh-lab\Services\events-service\tests\events-service.Domain.Tests\bin\Debug\net8.0\events-service.Domain.Tests.dll" adapterTypeName="executor://xunit/VsTestRunner2/netcoreapp" className="events_service.Domain.Tests.ValueObjects.PrecioEntradaTests" name="Constructor_ConPrecioMuyAlto_EsValido" />
    </UnitTest>
    <UnitTest name="events_service.Domain.Tests.Entities.EventoTests.Crear_ConParametrosValidos_CreaEventoEnBorrador" storage="d:\proyecto_ds_2025-02\eventmesh-lab\services\events-service\tests\events-service.domain.tests\bin\debug\net8.0\events-service.domain.tests.dll" id="80d30a3e-03b0-48d4-f939-dd909e98b389">
      <Execution id="5b9ee764-08c5-43f7-a0cf-8e3b844e1350" />
      <TestMethod codeBase="D:\Proyecto_DS_2025-02\eventmesh-lab\Services\events-service\tests\events-service.Domain.Tests\bin\Debug\net8.0\events-service.Domain.Tests.dll" adapterTypeName="executor://xunit/VsTestRunner2/netcoreapp" className="events_service.Domain.Tests.Entities.EventoTests" name="Crear_ConParametrosValidos_CreaEventoEnBorrador" />
    </UnitTest>
    <UnitTest name="events_service.Domain.Tests.Entities.EventoTests.Editar_EnBorrador_ActualizaDatosYGeneraEvento" storage="d:\proyecto_ds_2025-02\eventmesh-lab\services\events-service\tests\events-service.domain.tests\bin\debug\net8.0\events-service.domain.tests.dll" id="13416fe0-abea-6140-2102-19c7bac1c7ba">
      <Execution id="59327f5d-eae9-4137-bfdb-732bfc437d64" />
      <TestMethod codeBase="D:\Proyecto_DS_2025-02\eventmesh-lab\Services\events-service\tests\events-service.Domain.Tests\bin\Debug\net8.0\events-service.Domain.Tests.dll" adapterTypeName="executor://xunit/VsTestRunner2/netcoreapp" className="events_service.Domain.Tests.Entities.EventoTests" name="Editar_EnBorrador_ActualizaDatosYGeneraEvento" />
    </UnitTest>
    <UnitTest name="events_service.Domain.Tests.ValueObjects.DuracionEventoTests.ComoTimeSpan_RegresaTimeSpanEquivalente" storage="d:\proyecto_ds_2025-02\eventmesh-lab\services\events-service\tests\events-service.domain.tests\bin\debug\net8.0\events-service.domain.tests.dll" id="69894a01-3c31-771e-5d52-fcaa11d951bb">
      <Execution id="0bc0c5e8-021d-4881-80a6-5911f0c9170d" />
      <TestMethod codeBase="D:\Proyecto_DS_2025-02\eventmesh-lab\Services\events-service\tests\events-service.Domain.Tests\bin\Debug\net8.0\events-service.Domain.Tests.dll" adapterTypeName="executor://xunit/VsTestRunner2/netcoreapp" className="events_service.Domain.Tests.ValueObjects.DuracionEventoTests" name="ComoTimeSpan_RegresaTimeSpanEquivalente" />
    </UnitTest>
    <UnitTest name="events_service.Domain.Tests.ValueObjects.DuracionEventoTests.Constructor_ConDuracionDeVeinticuatroHoras_EsValido" storage="d:\proyecto_ds_2025-02\eventmesh-lab\services\events-service\tests\events-service.domain.tests\bin\debug\net8.0\events-service.domain.tests.dll" id="c5de6524-e4f9-ff90-43b1-5eca484e4af4">
      <Execution id="be31de88-8ef3-4c00-affd-f8f064aa9992" />
      <TestMethod codeBase="D:\Proyecto_DS_2025-02\eventmesh-lab\Services\events-service\tests\events-service.Domain.Tests\bin\Debug\net8.0\events-service.Domain.Tests.dll" adapterTypeName="executor://xunit/VsTestRunner2/netcoreapp" className="events_service.Domain.Tests.ValueObjects.DuracionEventoTests" name="Constructor_ConDuracionDeVeinticuatroHoras_EsValido" />
    </UnitTest>
    <UnitTest name="events_service.Domain.Tests.ValueObjects.EstadoEventoTests.PuedeTransicionarA_DeFinalizadoAPublicado_RetornaFalse" storage="d:\proyecto_ds_2025-02\eventmesh-lab\services\events-service\tests\events-service.domain.tests\bin\debug\net8.0\events-service.domain.tests.dll" id="4951fb00-9f9b-25c4-4b4a-b3ea8f296464">
      <Execution id="ea346925-d1b2-4488-a736-8e461810fcdd" />
      <TestMethod codeBase="D:\Proyecto_DS_2025-02\eventmesh-lab\Services\events-service\tests\events-service.Domain.Tests\bin\Debug\net8.0\events-service.Domain.Tests.dll" adapterTypeName="executor://xunit/VsTestRunner2/netcoreapp" className="events_service.Domain.Tests.ValueObjects.EstadoEventoTests" name="PuedeTransicionarA_DeFinalizadoAPublicado_RetornaFalse" />
    </UnitTest>
    <UnitTest name="events_service.Domain.Tests.Entities.EventoTests.Cancelar_EnCurso_LanzaExcepcion" storage="d:\proyecto_ds_2025-02\eventmesh-lab\services\events-service\tests\events-service.domain.tests\bin\debug\net8.0\events-service.domain.tests.dll" id="4f7fbb62-af25-d27a-64d2-b134d214e7a8">
      <Execution id="fe099bc2-b2a6-4550-a834-c8d5063f86be" />
      <TestMethod codeBase="D:\Proyecto_DS_2025-02\eventmesh-lab\Services\events-service\tests\events-service.Domain.Tests\bin\Debug\net8.0\events-service.Domain.Tests.dll" adapterTypeName="executor://xunit/VsTestRunner2/netcoreapp" className="events_service.Domain.Tests.Entities.EventoTests" name="Cancelar_EnCurso_LanzaExcepcion" />
    </UnitTest>
    <UnitTest name="events_service.Domain.Tests.ValueObjects.EstadoEventoTests.Equals_ConMismoEstado_RetornaTrue" storage="d:\proyecto_ds_2025-02\eventmesh-lab\services\events-service\tests\events-service.domain.tests\bin\debug\net8.0\events-service.domain.tests.dll" id="ff2265d5-f113-3566-b54d-be4cbaeafa21">
      <Execution id="bce1e4af-2bf7-423d-a40f-56ff8f253280" />
      <TestMethod codeBase="D:\Proyecto_DS_2025-02\eventmesh-lab\Services\events-service\tests\events-service.Domain.Tests\bin\Debug\net8.0\events-service.Domain.Tests.dll" adapterTypeName="executor://xunit/VsTestRunner2/netcoreapp" className="events_service.Domain.Tests.ValueObjects.EstadoEventoTests" name="Equals_ConMismoEstado_RetornaTrue" />
    </UnitTest>
    <UnitTest name="events_service.Domain.Tests.ValueObjects.DuracionEventoTests.Constructor_ConHorasNegativas_LanzaExcepcion" storage="d:\proyecto_ds_2025-02\eventmesh-lab\services\events-service\tests\events-service.domain.tests\bin\debug\net8.0\events-service.domain.tests.dll" id="58c09ef3-f07f-ebc7-6b4a-fd5717711317">
      <Execution id="30feaa83-8efb-4754-80ed-4ada474b8144" />
      <TestMethod codeBase="D:\Proyecto_DS_2025-02\eventmesh-lab\Services\events-service\tests\events-service.Domain.Tests\bin\Debug\net8.0\events-service.Domain.Tests.dll" adapterTypeName="executor://xunit/VsTestRunner2/netcoreapp" className="events_service.Domain.Tests.ValueObjects.DuracionEventoTests" name="Constructor_ConHorasNegativas_LanzaExcepcion" />
    </UnitTest>
    <UnitTest name="events_service.Domain.Tests.Entities.SeccionTests.Equals_ConMismoId_RetornaTrue" storage="d:\proyecto_ds_2025-02\eventmesh-lab\services\events-service\tests\events-service.domain.tests\bin\debug\net8.0\events-service.domain.tests.dll" id="beb767a9-c796-1b0d-e812-88791439b268">
      <Execution id="f7898fcb-f4b6-44b4-8c19-83072ad42ae1" />
      <TestMethod codeBase="D:\Proyecto_DS_2025-02\eventmesh-lab\Services\events-service\tests\events-service.Domain.Tests\bin\Debug\net8.0\events-service.Domain.Tests.dll" adapterTypeName="executor://xunit/VsTestRunner2/netcoreapp" className="events_service.Domain.Tests.Entities.SeccionTests" name="Equals_ConMismoId_RetornaTrue" />
    </UnitTest>
    <UnitTest name="events_service.Domain.Tests.ValueObjects.DuracionEventoTests.Constructor_ConMinutosMayorA59_LanzaExcepcion" storage="d:\proyecto_ds_2025-02\eventmesh-lab\services\events-service\tests\events-service.domain.tests\bin\debug\net8.0\events-service.domain.tests.dll" id="505636a7-5e3a-a34e-0967-f0385bbfb97a">
      <Execution id="c262a72c-c22a-4b3f-9086-46eb45c92278" />
      <TestMethod codeBase="D:\Proyecto_DS_2025-02\eventmesh-lab\Services\events-service\tests\events-service.Domain.Tests\bin\Debug\net8.0\events-service.Domain.Tests.dll" adapterTypeName="executor://xunit/VsTestRunner2/netcoreapp" className="events_service.Domain.Tests.ValueObjects.DuracionEventoTests" name="Constructor_ConMinutosMayorA59_LanzaExcepcion" />
    </UnitTest>
    <UnitTest name="events_service.Domain.Tests.ValueObjects.PrecioEntradaTests.ToString_FormateaCorrectamente" storage="d:\proyecto_ds_2025-02\eventmesh-lab\services\events-service\tests\events-service.domain.tests\bin\debug\net8.0\events-service.domain.tests.dll" id="f66e2f63-f022-5ca2-8aa0-5f365e9a4982">
      <Execution id="20aba294-2cc9-496b-b72b-329133a46562" />
      <TestMethod codeBase="D:\Proyecto_DS_2025-02\eventmesh-lab\Services\events-service\tests\events-service.Domain.Tests\bin\Debug\net8.0\events-service.Domain.Tests.dll" adapterTypeName="executor://xunit/VsTestRunner2/netcoreapp" className="events_service.Domain.Tests.ValueObjects.PrecioEntradaTests" name="ToString_FormateaCorrectamente" />
    </UnitTest>
    <UnitTest name="events_service.Domain.Tests.ValueObjects.EstadoEventoTests.EsPublicado_ConEstadoPublicado_RetornaTrue" storage="d:\proyecto_ds_2025-02\eventmesh-lab\services\events-service\tests\events-service.domain.tests\bin\debug\net8.0\events-service.domain.tests.dll" id="73fc084d-8155-c8d9-605b-5d4546981e29">
      <Execution id="f6f37c07-6040-4b46-bc75-d27f1b596138" />
      <TestMethod codeBase="D:\Proyecto_DS_2025-02\eventmesh-lab\Services\events-service\tests\events-service.Domain.Tests\bin\Debug\net8.0\events-service.Domain.Tests.dll" adapterTypeName="executor://xunit/VsTestRunner2/netcoreapp" className="events_service.Domain.Tests.ValueObjects.EstadoEventoTests" name="EsPublicado_ConEstadoPublicado_RetornaTrue" />
    </UnitTest>
    <UnitTest name="events_service.Domain.Tests.ValueObjects.EstadoEventoTests.EsBorrador_ConEstadoBorrador_RetornaTrue" storage="d:\proyecto_ds_2025-02\eventmesh-lab\services\events-service\tests\events-service.domain.tests\bin\debug\net8.0\events-service.domain.tests.dll" id="26b1fc97-6bc5-77a4-160b-2bd53eab267e">
      <Execution id="e52ba3d7-8337-4fe8-bee8-1a033713640a" />
      <TestMethod codeBase="D:\Proyecto_DS_2025-02\eventmesh-lab\Services\events-service\tests\events-service.Domain.Tests\bin\Debug\net8.0\events-service.Domain.Tests.dll" adapterTypeName="executor://xunit/VsTestRunner2/netcoreapp" className="events_service.Domain.Tests.ValueObjects.EstadoEventoTests" name="EsBorrador_ConEstadoBorrador_RetornaTrue" />
    </UnitTest>
    <UnitTest name="events_service.Domain.Tests.ValueObjects.EstadoEventoTests.PuedeTransicionarA_DePublicadoAEnCurso_RetornaTrue" storage="d:\proyecto_ds_2025-02\eventmesh-lab\services\events-service\tests\events-service.domain.tests\bin\debug\net8.0\events-service.domain.tests.dll" id="e4f89588-adab-a46a-3c4d-9474517b9a72">
      <Execution id="e92d4253-f91d-4508-964f-aa18f61ba386" />
      <TestMethod codeBase="D:\Proyecto_DS_2025-02\eventmesh-lab\Services\events-service\tests\events-service.Domain.Tests\bin\Debug\net8.0\events-service.Domain.Tests.dll" adapterTypeName="executor://xunit/VsTestRunner2/netcoreapp" className="events_service.Domain.Tests.ValueObjects.EstadoEventoTests" name="PuedeTransicionarA_DePublicadoAEnCurso_RetornaTrue" />
    </UnitTest>
    <UnitTest name="events_service.Domain.Tests.ValueObjects.EstadoEventoTests.Constructor_ConEstadosValidos_CreaInstancia(estado: &quot;Cancelado&quot;)" storage="d:\proyecto_ds_2025-02\eventmesh-lab\services\events-service\tests\events-service.domain.tests\bin\debug\net8.0\events-service.domain.tests.dll" id="0f721d12-61db-8348-07d7-28a26c0ed728">
      <Execution id="33d59e9d-60f6-429b-aaa5-4b7ee9f0a7ae" />
      <TestMethod codeBase="D:\Proyecto_DS_2025-02\eventmesh-lab\Services\events-service\tests\events-service.Domain.Tests\bin\Debug\net8.0\events-service.Domain.Tests.dll" adapterTypeName="executor://xunit/VsTestRunner2/netcoreapp" className="events_service.Domain.Tests.ValueObjects.EstadoEventoTests" name="Constructor_ConEstadosValidos_CreaInstancia" />
    </UnitTest>
    <UnitTest name="events_service.Domain.Tests.Entities.EventoTests.Cancelar_DesdePublicado_CambiaACanceladoYEmiteEvento" storage="d:\proyecto_ds_2025-02\eventmesh-lab\services\events-service\tests\events-service.domain.tests\bin\debug\net8.0\events-service.domain.tests.dll" id="61a38bdc-1859-d572-9bd0-8eca0d31a00b">
      <Execution id="c91e8a15-bda3-437d-9e9f-c035c7e94c94" />
      <TestMethod codeBase="D:\Proyecto_DS_2025-02\eventmesh-lab\Services\events-service\tests\events-service.Domain.Tests\bin\Debug\net8.0\events-service.Domain.Tests.dll" adapterTypeName="executor://xunit/VsTestRunner2/netcoreapp" className="events_service.Domain.Tests.Entities.EventoTests" name="Cancelar_DesdePublicado_CambiaACanceladoYEmiteEvento" />
    </UnitTest>
    <UnitTest name="events_service.Domain.Tests.Entities.EventoTests.PagarPublicacion_ConMontoIncorrecto_LanzaExcepcion" storage="d:\proyecto_ds_2025-02\eventmesh-lab\services\events-service\tests\events-service.domain.tests\bin\debug\net8.0\events-service.domain.tests.dll" id="6444c422-a54c-a630-c89a-b657a2732e73">
      <Execution id="53f76239-9fc7-4516-b9e6-f75432accc39" />
      <TestMethod codeBase="D:\Proyecto_DS_2025-02\eventmesh-lab\Services\events-service\tests\events-service.Domain.Tests\bin\Debug\net8.0\events-service.Domain.Tests.dll" adapterTypeName="executor://xunit/VsTestRunner2/netcoreapp" className="events_service.Domain.Tests.Entities.EventoTests" name="PagarPublicacion_ConMontoIncorrecto_LanzaExcepcion" />
    </UnitTest>
    <UnitTest name="events_service.Domain.Tests.ValueObjects.EstadoEventoTests.Constructor_ConEstadosValidos_CreaInstancia(estado: &quot;PendientePago&quot;)" storage="d:\proyecto_ds_2025-02\eventmesh-lab\services\events-service\tests\events-service.domain.tests\bin\debug\net8.0\events-service.domain.tests.dll" id="8fa6f4f3-3e38-6be0-2a5e-ba1d1f9a5c15">
      <Execution id="47a48422-984c-46d4-a394-199a4c9fc51a" />
      <TestMethod codeBase="D:\Proyecto_DS_2025-02\eventmesh-lab\Services\events-service\tests\events-service.Domain.Tests\bin\Debug\net8.0\events-service.Domain.Tests.dll" adapterTypeName="executor://xunit/VsTestRunner2/netcoreapp" className="events_service.Domain.Tests.ValueObjects.EstadoEventoTests" name="Constructor_ConEstadosValidos_CreaInstancia" />
    </UnitTest>
    <UnitTest name="events_service.Domain.Tests.ValueObjects.EstadoEventoTests.OperadorIgualdad_ConMismoEstado_RetornaTrue" storage="d:\proyecto_ds_2025-02\eventmesh-lab\services\events-service\tests\events-service.domain.tests\bin\debug\net8.0\events-service.domain.tests.dll" id="10d6b0ed-9b4a-e2e0-1edd-d6a62256b73e">
      <Execution id="28dc19c6-8855-4600-9baf-d73b0c31d28c" />
      <TestMethod codeBase="D:\Proyecto_DS_2025-02\eventmesh-lab\Services\events-service\tests\events-service.Domain.Tests\bin\Debug\net8.0\events-service.Domain.Tests.dll" adapterTypeName="executor://xunit/VsTestRunner2/netcoreapp" className="events_service.Domain.Tests.ValueObjects.EstadoEventoTests" name="OperadorIgualdad_ConMismoEstado_RetornaTrue" />
    </UnitTest>
    <UnitTest name="events_service.Domain.Tests.ValueObjects.EstadoEventoTests.Constructor_ConEstadoInvalido_LanzaExcepcion" storage="d:\proyecto_ds_2025-02\eventmesh-lab\services\events-service\tests\events-service.domain.tests\bin\debug\net8.0\events-service.domain.tests.dll" id="cc3a08cc-7002-3134-f89a-93fa37cf39ee">
      <Execution id="a8427341-bc16-4499-a038-ab787ec0854b" />
      <TestMethod codeBase="D:\Proyecto_DS_2025-02\eventmesh-lab\Services\events-service\tests\events-service.Domain.Tests\bin\Debug\net8.0\events-service.Domain.Tests.dll" adapterTypeName="executor://xunit/VsTestRunner2/netcoreapp" className="events_service.Domain.Tests.ValueObjects.EstadoEventoTests" name="Constructor_ConEstadoInvalido_LanzaExcepcion" />
    </UnitTest>
    <UnitTest name="events_service.Domain.Tests.Entities.EventoTests.Crear_SinSecciones_LanzaExcepcion" storage="d:\proyecto_ds_2025-02\eventmesh-lab\services\events-service\tests\events-service.domain.tests\bin\debug\net8.0\events-service.domain.tests.dll" id="cd3c6094-8071-38cc-23c7-1314e14141e9">
      <Execution id="76ac04db-0e77-4a9d-8725-787850daf53c" />
      <TestMethod codeBase="D:\Proyecto_DS_2025-02\eventmesh-lab\Services\events-service\tests\events-service.Domain.Tests\bin\Debug\net8.0\events-service.Domain.Tests.dll" adapterTypeName="executor://xunit/VsTestRunner2/netcoreapp" className="events_service.Domain.Tests.Entities.EventoTests" name="Crear_SinSecciones_LanzaExcepcion" />
    </UnitTest>
[...]
      <Execution id="dc98905f-b573-407f-9c2b-5c84027b2ae2" />
      <TestMethod codeBase="D:\Proyecto_DS_2025-02\eventmesh-lab\Services\events-service\tests\events-service.Domain.Tests\bin\Debug\net8.0\events-service.Domain.Tests.dll" adapterTypeName="executor://xunit/VsTestRunner2/netcoreapp" className="events_service.Domain.Tests.ValueObjects.PrecioEntradaTests" name="EsGratis_ConPrecioPositivo_RetornaFalse" />
    </UnitTest>
    <UnitTest name="events_service.Domain.Tests.ValueObjects.EstadoEventoTests.Constructor_ConEstadosValidos_CreaInstancia(estado: &quot;Borrador&quot;)" storage="d:\proyecto_ds_2025-02\eventmesh-lab\services\events-service\tests\events-service.domain.tests\bin\debug\net8.0\events-service.domain.tests.dll" id="3cda88cf-4086-4513-23d0-5984edd5a888">
      <Execution id="1d260bdb-0289-4678-9c22-c279c3d499e8" />
      <TestMethod codeBase="D:\Proyecto_DS_2025-02\eventmesh-lab\Services\events-service\tests\events-service.Domain.Tests\bin\Debug\net8.0\events-service.Domain.Tests.dll" adapterTypeName="executor://xunit/VsTestRunner2/netcoreapp" className="events_service.Domain.Tests.ValueObjects.EstadoEventoTests" name="Constructor_ConEstadosValidos_CreaInstancia" />
    </UnitTest>
    <UnitTest name="events_service.Domain.Tests.ValueObjects.DuracionEventoTests.GetHashCode_ConMismaDuracion_RetornaMismoHash" storage="d:\proyecto_ds_2025-02\eventmesh-lab\services\events-service\tests\events-service.domain.tests\bin\debug\net8.0\events-service.domain.tests.dll" id="3bee96e1-f520-986f-3129-02443c99197e">
      <Execution id="da11fe5f-3223-4004-8599-88e802232843" />
      <TestMethod codeBase="D:\Proyecto_DS_2025-02\eventmesh-lab\Services\events-service\tests\events-service.Domain.Tests\bin\Debug\net8.0\events-service.Domain.Tests.dll" adapterTypeName="executor://xunit/VsTestRunner2/netcoreapp" className="events_service.Domain.Tests.ValueObjects.DuracionEventoTests" name="GetHashCode_ConMismaDuracion_RetornaMismoHash" />
    </UnitTest>
    <UnitTest name="events_service.Domain.Tests.ValueObjects.EstadoEventoTests.Constructor_ConEstadosValidos_CreaInstancia(estado: &quot;Finalizado&quot;)" storage="d:\proyecto_ds_2025-02\eventmesh-lab\services\events-service\tests\events-service.domain.tests\bin\debug\net8.0\events-service.domain.tests.dll" id="efcdb10c-5496-9fed-1d9e-12c1fd5325eb">
      <Execution id="772e367a-260f-42b2-b7ec-2ea6e6ccf505" />
      <TestMethod codeBase="D:\Proyecto_DS_2025-02\eventmesh-lab\Services\events-service\tests\events-service.Domain.Tests\bin\Debug\net8.0\events-service.Domain.Tests.dll" adapterTypeName="executor://xunit/VsTestRunner2/netcoreapp" className="events_service.Domain.Tests.ValueObjects.EstadoEventoTests" name="Constructor_ConEstadosValidos_CreaInstancia" />
    </UnitTest>
    <UnitTest name="events_service.Domain.Tests.Entities.SeccionTests.Constructor_ConParametrosValidos_CreaInstancia" storage="d:\proyecto_ds_2025-02\eventmesh-lab\services\events-service\tests\events-service.domain.tests\bin\debug\net8.0\events-service.domain.tests.dll" id="e1da66f5-b473-f0f8-2fd6-32b71c1dfde3">
      <Execution id="cbfbed01-7c84-4c14-ae6e-2acc6ce23348" />
      <TestMethod codeBase="D:\Proyecto_DS_2025-02\eventmesh-lab\Services\events-service\tests\events-service.Domain.Tests\bin\Debug\net8.0\events-service.Domain.Tests.dll" adapterTypeName="executor://xunit/VsTestRunner2/netcoreapp" className="events_service.Domain.Tests.Entities.SeccionTests" name="Constructor_ConParametrosValidos_CreaInstancia" />
    </UnitTest>
    <UnitTest name="events_service.Domain.Tests.ValueObjects.PrecioEntradaTests.OperadorIgualdad_ConMismoPrecio_RetornaTrue" storage="d:\proyecto_ds_2025-02\eventmesh-lab\services\events-service\tests\events-service.domain.tests\bin\debug\net8.0\events-service.domain.tests.dll" id="6cc062cc-6cbd-2ba5-b89c-8bf2533146c1">
      <Execution id="97755702-ef64-4a1a-bbaf-8f73d3d174ad" />
      <TestMethod codeBase="D:\Proyecto_DS_2025-02\eventmesh-lab\Services\events-service\tests\events-service.Domain.Tests\bin\Debug\net8.0\events-service.Domain.Tests.dll" adapterTypeName="executor://xunit/VsTestRunner2/netcoreapp" className="events_service.Domain.Tests.ValueObjects.PrecioEntradaTests" name="OperadorIgualdad_ConMismoPrecio_RetornaTrue" />
    </UnitTest>
    <UnitTest name="events_service.Domain.Tests.ValueObjects.PrecioEntradaTests.GetHashCode_ConMismoPrecio_RetornaMismoHash" storage="d:\proyecto_ds_2025-02\eventmesh-lab\services\events-service\tests\events-service.domain.tests\bin\debug\net8.0\events-service.domain.tests.dll" id="4eceeb95-b8da-b3de-f17d-f682340ac5a9">
      <Execution id="4cd07882-036c-4461-a90d-c762b1da9151" />
      <TestMethod codeBase="D:\Proyecto_DS_2025-02\eventmesh-lab\Services\events-service\tests\events-service.Domain.Tests\bin\Debug\net8.0\events-service.Domain.Tests.dll" adapterTypeName="executor://xunit/VsTestRunner2/netcoreapp" className="events_service.Domain.Tests.ValueObjects.PrecioEntradaTests" name="GetHashCode_ConMismoPrecio_RetornaMismoHash" />
    </UnitTest>
  </TestDefinitions>
  <TestEntries>
    <TestEntry testId="7ef8f154-2430-7345-bb29-d21f638d6765" executionId="bc315d59-f3c1-422f-9f53-86f630fbc7a7" testListId="8c84fa94-04c1-424b-9868-57a2d4851a1d" />
    <TestEntry testId="3bee96e1-f520-986f-3129-02443c99197e" executionId="da11fe5f-3223-4004-8599-88e802232843" testListId="8c84fa94-04c1-424b-9868-57a2d4851a1d" />
    <TestEntry testId="f2f375f0-82de-1680-bc56-911543bd8848" executionId="54482a6f-7882-4446-b3b5-afe0f81536de" testListId="8c84fa94-04c1-424b-9868-57a2d4851a1d" />
    <TestEntry testId="6444c422-a54c-a630-c89a-b657a2732e73" executionId="53f76239-9fc7-4516-b9e6-f75432accc39" testListId="8c84fa94-04c1-424b-9868-57a2d4851a1d" />
    <TestEntry testId="729b603d-4e98-abb0-eb3b-2dd31a509456" executionId="a159736a-f790-43a3-b594-514d6306453f" testListId="8c84fa94-04c1-424b-9868-57a2d4851a1d" />
    <TestEntry testId="9f7f05d9-0315-ed9b-f0d2-7cf81cd21078" executionId="1b60f628-010a-4d59-b18c-95bbd45f1fb7" testListId="8c84fa94-04c1-424b-9868-57a2d4851a1d" />
    <TestEntry testId="14babd36-016d-fb3c-e92d-f94ddbaf04f5" executionId="90d24d77-1b30-4e79-aae1-26d630709ba2" testListId="8c84fa94-04c1-424b-9868-57a2d4851a1d" />
    <TestEntry testId="885fd1dc-ce66-aa4b-b344-9d5968e5cbdd" executionId="597ade38-4967-48c2-879b-f9a7781554e4" testListId="8c84fa94-04c1-424b-9868-57a2d4851a1d" />
    <TestEntry testId="efcdb10c-5496-9fed-1d9e-12c1fd5325eb" executionId="772e367a-260f-42b2-b7ec-2ea6e6ccf505" testListId="8c84fa94-04c1-424b-9868-57a2d4851a1d" />
    <TestEntry testId="58c09ef3-f07f-ebc7-6b4a-fd5717711317" executionId="30feaa83-8efb-4754-80ed-4ada474b8144" testListId="8c84fa94-04c1-424b-9868-57a2d4851a1d" />
    <TestEntry testId="beb767a9-c796-1b0d-e812-88791439b268" executionId="f7898fcb-f4b6-44b4-8c19-83072ad42ae1" testListId="8c84fa94-04c1-424b-9868-57a2d4851a1d" />
    <TestEntry testId="a2778f15-03b1-ce0f-1cf6-6510a724a733" executionId="982a9918-a104-4028-b13f-bc0a7b06ef01" testListId="8c84fa94-04c1-424b-9868-57a2d4851a1d" />
    <TestEntry testId="6cc062cc-6cbd-2ba5-b89c-8bf2533146c1" executionId="97755702-ef64-4a1a-bbaf-8f73d3d174ad" testListId="8c84fa94-04c1-424b-9868-57a2d4851a1d" />
    <TestEntry testId="8ae259eb-6319-5cd2-75be-7b994adf1bd9" executionId="a688e33f-def0-409d-9f45-dc8d38056ecb" testListId="8c84fa94-04c1-424b-9868-57a2d4851a1d" />
    <TestEntry testId="cdd4a086-cbe0-3d49-4119-3a5c31342a50" executionId="ad46414c-2e41-45bd-b20a-4156efb5e2d4" testListId="8c84fa94-04c1-424b-9868-57a2d4851a1d" />
    <TestEntry testId="3c680167-f244-0d04-b690-d21aee6450b0" executionId="65a2c1b8-7d60-4006-a2d5-022d0ecc6459" testListId="8c84fa94-04c1-424b-9868-57a2d4851a1d" />
    <TestEntry testId="dccff0c3-8b3e-2b63-9b75-372823727905" executionId="f270a589-29ba-4cc1-8663-1173a3be38b5" testListId="8c84fa94-04c1-424b-9868-57a2d4851a1d" />
    <TestEntry testId="4ec0bff7-9bed-2883-b4f7-b926ac171884" executionId="094a58ed-67c3-4676-ad37-155831c98de2" testListId="8c84fa94-04c1-424b-9868-57a2d4851a1d" />
    <TestEntry testId="cc3a08cc-7002-3134-f89a-93fa37cf39ee" executionId="a8427341-bc16-4499-a038-ab787ec0854b" testListId="8c84fa94-04c1-424b-9868-57a2d4851a1d" />
    <TestEntry testId="ff2265d5-f113-3566-b54d-be4cbaeafa21" executionId="bce1e4af-2bf7-423d-a40f-56ff8f253280" testListId="8c84fa94-04c1-424b-9868-57a2d4851a1d" />
    <TestEntry testId="7cf3f98d-1bbb-1555-0c1a-4daed6516719" executionId="9a5c8165-9418-4238-b35a-0a1d06a3a621" testListId="8c84fa94-04c1-424b-9868-57a2d4851a1d" />
    <TestEntry testId="96c3ed92-ee23-2a31-503d-7be4417c04d2" executionId="9c6516bd-c1c0-445d-a274-5d782f73a1bb" testListId="8c84fa94-04c1-424b-9868-57a2d4851a1d" />
    <TestEntry testId="4ba6943c-825c-0fe4-8fd2-2269e7cc63a2" executionId="a00686f9-365c-4263-869a-4f2455509890" testListId="8c84fa94-04c1-424b-9868-57a2d4851a1d" />
    <TestEntry testId="d7429412-85fd-8172-01e6-0bf12cacba74" executionId="092e1930-4dbf-445c-bad8-1bbb965239fc" testListId="8c84fa94-04c1-424b-9868-57a2d4851a1d" />
    <TestEntry testId="e3a09e50-4ffa-0113-2d26-723c3dbc03c7" executionId="82356e10-bd1c-4088-b1ca-52e934e6dd48" testListId="8c84fa94-04c1-424b-9868-57a2d4851a1d" />
    <TestEntry testId="4d0f0166-3a85-3b4d-6d81-2c5fbaa997e8" executionId="05c14be1-6ea9-468a-883d-e6c5abafe36c" testListId="8c84fa94-04c1-424b-9868-57a2d4851a1d" />
    <TestEntry testId="c5de6524-e4f9-ff90-43b1-5eca484e4af4" executionId="be31de88-8ef3-4c00-affd-f8f064aa9992" testListId="8c84fa94-04c1-424b-9868-57a2d4851a1d" />
    <TestEntry testId="a4c48fd1-69d7-d9f6-19cf-7be0f3319b89" executionId="c230f793-62bb-419f-80d8-c29d820c23dc" testListId="8c84fa94-04c1-424b-9868-57a2d4851a1d" />
    <TestEntry testId="e1489602-9ada-ebcf-1284-1d54c319481b" executionId="dc98905f-b573-407f-9c2b-5c84027b2ae2" testListId="8c84fa94-04c1-424b-9868-57a2d4851a1d" />
    <TestEntry testId="51c5ce84-bb28-82e3-a103-879d8d8dd7ca" executionId="8a697ae1-083e-4b6b-af7b-6ce57f2935ce" testListId="8c84fa94-04c1-424b-9868-57a2d4851a1d" />
    <TestEntry testId="80d30a3e-03b0-48d4-f939-dd909e98b389" executionId="5b9ee764-08c5-43f7-a0cf-8e3b844e1350" testListId="8c84fa94-04c1-424b-9868-57a2d4851a1d" />
    <TestEntry testId="6df900e6-db97-b56c-0792-63792b43b1c8" executionId="73a0a6c7-3ca9-4954-b695-dfddc481f808" testListId="8c84fa94-04c1-424b-9868-57a2d4851a1d" />
    <TestEntry testId="7a9d7e30-8322-13a9-84e6-28bd9eb40db1" executionId="141bc617-28aa-46d9-ac16-0963748f1ada" testListId="8c84fa94-04c1-424b-9868-57a2d4851a1d" />
    <TestEntry testId="3cda88cf-4086-4513-23d0-5984edd5a888" executionId="1d260bdb-0289-4678-9c22-c279c3d499e8" testListId="8c84fa94-04c1-424b-9868-57a2d4851a1d" />
    <TestEntry testId="fb5daea3-f1db-55fd-401f-a8730aa6eb39" executionId="e1ff0ed4-b1c0-49b5-8258-ed1d57d1095f" testListId="8c84fa94-04c1-424b-9868-57a2d4851a1d" />
    <TestEntry testId="e1da66f5-b473-f0f8-2fd6-32b71c1dfde3" executionId="cbfbed01-7c84-4c14-ae6e-2acc6ce23348" testListId="8c84fa94-04c1-424b-9868-57a2d4851a1d" />
    <TestEntry testId="4f7fbb62-af25-d27a-64d2-b134d214e7a8" executionId="fe099bc2-b2a6-4550-a834-c8d5063f86be" testListId="8c84fa94-04c1-424b-9868-57a2d4851a1d" />
    <TestEntry testId="c5b3d5d2-a236-67b3-fd13-a9f6babaec8a" executionId="27423ec7-a7f9-4a95-9b9f-c9eb50e775d7" testListId="8c84fa94-04c1-424b-9868-57a2d4851a1d" />
    <TestEntry testId="bd517e0e-a01c-a47c-5626-c3c8824167b6" executionId="247c2ffc-174b-454a-b60a-c38133288a0f" testListId="8c84fa94-04c1-424b-9868-57a2d4851a1d" />
    <TestEntry testId="547f36c2-d4d5-ecf8-0b66-754af0b7cd7b" executionId="b8aaa1d5-c933-4e1c-a75a-c0a4dd003176" testListId="8c84fa94-04c1-424b-9868-57a2d4851a1d" />
    <TestEntry testId="a3655a24-3cdb-0442-5da3-57c599f02c75" executionId="0709af8a-f125-4d13-8cf0-bb9d19ff8202" testListId="8c84fa94-04c1-424b-9868-57a2d4851a1d" />
    <TestEntry testId="8fa6f4f3-3e38-6be0-2a5e-ba1d1f9a5c15" executionId="47a48422-984c-46d4-a394-199a4c9fc51a" testListId="8c84fa94-04c1-424b-9868-57a2d4851a1d" />
    <TestEntry testId="0fc26415-4b99-4f6a-fe6d-85eeb42131a2" executionId="45220325-dfd6-433e-9403-c7568645313a" testListId="8c84fa94-04c1-424b-9868-57a2d4851a1d" />
    <TestEntry testId="50aa6442-a0fa-67a1-7a6a-1a52d267a007" executionId="622e4d8b-f89c-4970-a949-1d91fe52ad99" testListId="8c84fa94-04c1-424b-9868-57a2d4851a1d" />
    <TestEntry testId="10d6b0ed-9b4a-e2e0-1edd-d6a62256b73e" executionId="28dc19c6-8855-4600-9baf-d73b0c31d28c" testListId="8c84fa94-04c1-424b-9868-57a2d4851a1d" />
    <TestEntry testId="4e77769a-2103-56da-c061-5af2edec0c13" executionId="2ae027d9-e0a7-4787-9153-f0112c20984e" testListId="8c84fa94-04c1-424b-9868-57a2d4851a1d" />
    <TestEntry testId="6d8168ea-d25d-436b-c4ab-922bc51ed3c4" executionId="7cf7f758-0a77-44d0-b257-46c9181ddc57" testListId="8c84fa94-04c1-424b-9868-57a2d4851a1d" />
    <TestEntry testId="76f7e8e5-4bb4-96f4-f486-705293fc0c30" executionId="8f8dd39c-6ea9-4442-a155-16e2fa881f76" testListId="8c84fa94-04c1-424b-9868-57a2d4851a1d" />
    <TestEntry testId="57a784cb-8dca-5393-6256-1709d1fcf887" executionId="9b551191-05e3-416b-a131-a23f935ab51e" testListId="8c84fa94-04c1-424b-9868-57a2d4851a1d" />
    <TestEntry testId="5bcfe0db-1e28-ccc0-31e7-c07c7d26d329" executionId="3999ae7b-328d-488d-bdce-71edadcce888" testListId="8c84fa94-04c1-424b-9868-57a2d4851a1d" />
    <TestEntry testId="aaf156a5-e9d3-3838-0bd1-fabec18724b9" executionId="3afe8949-d2b6-4d69-89f9-d6a07054b9a5" testListId="8c84fa94-04c1-424b-9868-57a2d4851a1d" />
    <TestEntry testId="26b1fc97-6bc5-77a4-160b-2bd53eab267e" executionId="e52ba3d7-8337-4fe8-bee8-1a033713640a" testListId="8c84fa94-04c1-424b-9868-57a2d4851a1d" />
    <TestEntry testId="f66e2f63-f022-5ca2-8aa0-5f365e9a4982" executionId="20aba294-2cc9-496b-b72b-329133a46562" testListId="8c84fa94-04c1-424b-9868-57a2d4851a1d" />
    <TestEntry testId="915d085a-5805-0b56-e43f-428751b874c5" executionId="9d1d696f-53ae-43f6-b7b4-be0af96aec86" testListId="8c84fa94-04c1-424b-9868-57a2d4851a1d" />
    <TestEntry testId="69894a01-3c31-771e-5d52-fcaa11d951bb" executionId="0bc0c5e8-021d-4881-80a6-5911f0c9170d" testListId="8c84fa94-04c1-424b-9868-57a2d4851a1d" />
    <TestEntry testId="185879d2-c695-1ec6-67d5-caf45ef120a8" executionId="d60200f6-3958-4610-956f-4f78338d839b" testListId="8c84fa94-04c1-424b-9868-57a2d4851a1d" />
    <TestEntry testId="597ef16c-02d4-9b77-d8d3-4cf06c7d2da5" executionId="6a970edf-cb99-49ee-8984-84e138dc0be3" testListId="8c84fa94-04c1-424b-9868-57a2d4851a1d" />
    <TestEntry testId="7a7d68ba-1903-5a70-cbdf-bff60e149db3" executionId="5bf7538a-dc5b-4dee-b8cd-0e343672c43f" testListId="8c84fa94-04c1-424b-9868-57a2d4851a1d" />
    <TestEntry testId="4e9d4bf7-a51c-9464-2a21-d5a982f451b4" executionId="d211752c-0f29-4f45-95b7-631e27c77baa" testListId="8c84fa94-04c1-424b-9868-57a2d4851a1d" />
    <TestEntry testId="505636a7-5e3a-a34e-0967-f0385bbfb97a" executionId="c262a72c-c22a-4b3f-9086-46eb45c92278" testListId="8c84fa94-04c1-424b-9868-57a2d4851a1d" />
    <TestEntry testId="f25f1587-4691-c900-8fa3-f891165d5e71" executionId="782df546-9e10-46f8-8374-00ea81b113ad" testListId="8c84fa94-04c1-424b-9868-57a2d4851a1d" />
    <TestEntry testId="39702b2e-a068-79c1-d6b3-7e0fb081842a" executionId="5743476d-c185-4a2d-a7b0-90f41e3b5142" testListId="8c84fa94-04c1-424b-9868-57a2d4851a1d" />
    <TestEntry testId="3614c4b7-c721-2762-c14a-1ffcd9245683" executionId="7c2d41f6-9a6f-426b-9582-572e85041687" testListId="8c84fa94-04c1-424b-9868-57a2d4851a1d" />
    <TestEntry testId="b56cffab-56dd-541a-3121-b3ac3217e784" executionId="bd981c88-c976-4aa1-8917-27a1bdfce5c0" testListId="8c84fa94-04c1-424b-9868-57a2d4851a1d" />
    <TestEntry testId="61a38bdc-1859-d572-9bd0-8eca0d31a00b" executionId="c91e8a15-bda3-437d-9e9f-c035c7e94c94" testListId="8c84fa94-04c1-424b-9868-57a2d4851a1d" />
    <TestEntry testId="d12b7db4-82c2-eeea-ee20-2552ff6174d9" executionId="e87b8af6-e61f-4570-b778-ab1a5cae8e29" testListId="8c84fa94-04c1-424b-9868-57a2d4851a1d" />
    <TestEntry testId="0f721d12-61db-8348-07d7-28a26c0ed728" executionId="33d59e9d-60f6-429b-aaa5-4b7ee9f0a7ae" testListId="8c84fa94-04c1-424b-9868-57a2d4851a1d" />
    <TestEntry testId="73fc084d-8155-c8d9-605b-5d4546981e29" executionId="f6f37c07-6040-4b46-bc75-d27f1b596138" testListId="8c84fa94-04c1-424b-9868-57a2d4851a1d" />
    <TestEntry testId="5fca504e-425e-880e-64f8-8189e123497a" executionId="de2db448-1d4a-49ba-aed4-ef13ca5fd5eb" testListId="8c84fa94-04c1-424b-9868-57a2d4851a1d" />
    <TestEntry testId="4951fb00-9f9b-25c4-4b4a-b3ea8f296464" executionId="ea346925-d1b2-4488-a736-8e461810fcdd" testListId="8c84fa94-04c1-424b-9868-57a2d4851a1d" />
    <TestEntry testId="207e8806-0e5f-81df-e737-bb0708c05fb3" executionId="edc6a59e-eed4-48a9-8214-235cea717448" testListId="8c84fa94-04c1-424b-9868-57a2d4851a1d" />
    <TestEntry testId="17c5d9e8-e23a-9ec8-eb27-0264eb58e56b" executionId="1993fbc6-d62e-4fb1-973c-d6931100d614" testListId="8c84fa94-04c1-424b-9868-57a2d4851a1d" />
    <TestEntry testId="3f7d230e-22c9-c967-f539-fc2b608760da" executionId="436f3009-7c26-4539-a80c-feccb008c0d3" testListId="8c84fa94-04c1-424b-9868-57a2d4851a1d" />
    <TestEntry testId="8fca5217-17ee-6642-8800-09f402ea290f" executionId="a03ce011-5564-4dca-9ba2-60e07a745e03" testListId="8c84fa94-04c1-424b-9868-57a2d4851a1d" />
    <TestEntry testId="13416fe0-abea-6140-2102-19c7bac1c7ba" executionId="59327f5d-eae9-4137-bfdb-732bfc437d64" testListId="8c84fa94-04c1-424b-9868-57a2d4851a1d" />
    <TestEntry testId="f938522d-3f54-596d-6ca4-02dc17f9828f" executionId="15faf5e6-8b09-4d04-8398-f34fd9b8fac9" testListId="8c84fa94-04c1-424b-9868-57a2d4851a1d" />
    <TestEntry testId="f641a2ab-146b-12b7-ee72-c968c3b82e8a" executionId="2241809b-fd58-4bcf-b985-0dd32dddab9b" testListId="8c84fa94-04c1-424b-9868-57a2d4851a1d" />
    <TestEntry testId="cd3c6094-8071-38cc-23c7-1314e14141e9" executionId="76ac04db-0e77-4a9d-8725-787850daf53c" testListId="8c84fa94-04c1-424b-9868-57a2d4851a1d" />
    <TestEntry testId="e4f89588-adab-a46a-3c4d-9474517b9a72" executionId="e92d4253-f91d-4508-964f-aa18f61ba386" testListId="8c84fa94-04c1-424b-9868-57a2d4851a1d" />
    <TestEntry testId="e96b22bc-8a79-11d6-493d-2335e63adace" executionId="2724a005-ed09-4769-b4b0-392c23fd8292" testListId="8c84fa94-04c1-424b-9868-57a2d4851a1d" />
    <TestEntry testId="32afac9d-5bdb-e07a-1a16-e3898041af28" executionId="9d81a6d1-fdcd-4701-9d91-b394036fdddb" testListId="8c84fa94-04c1-424b-9868-57a2d4851a1d" />
    <TestEntry testId="832a4622-d1b5-00e1-7659-289ebe5e883c" executionId="0982582b-83b9-4dfa-8383-bf956b656772" testListId="8c84fa94-04c1-424b-9868-57a2d4851a1d" />
    <TestEntry testId="4eceeb95-b8da-b3de-f17d-f682340ac5a9" executionId="4cd07882-036c-4461-a90d-c762b1da9151" testListId="8c84fa94-04c1-424b-9868-57a2d4851a1d" />
  </TestEntries>
  <TestLists>
    <TestList name="Results Not in a List" id="8c84fa94-04c1-424b-9868-57a2d4851a1d" />
    <TestList name="All Loaded Results" id="19431567-8539-422a-85d7-44ee4e166bda" />
  </TestLists>
  <ResultSummary outcome="Completed">
    <Counters total="83" executed="83" passed="83" failed="0" error="0" timeout="0" aborted="0" inconclusive="0" passedButRunAborted="0" notRunnable="0" notExecuted="0" disconnected="0" warning="0" completed="0" inProgress="0" pending="0" />
    <Output>
      <StdOut>[xUnit.net 00:00:00.02] xUnit.net VSTest Adapter v2.4.3+1b45f5407b (64-bit .NET 8.0.20)&#xD;
[xUnit.net 00:00:18.99]   Discovering: events-service.Domain.Tests&#xD;
[xUnit.net 00:00:21.41]   Discovered:  events-service.Domain.Tests&#xD;
[xUnit.net 00:00:21.42]   Starting:    events-service.Domain.Tests&#xD;
[xUnit.net 00:00:24.26]   Finished:    events-service.Domain.Tests&#xD;
</StdOut>
    </Output>
  </ResultSummary>
</TestRun>